2019-02-12 05:24:47 INFO     call with args: 
Namespace(bandwidth=30, batchsize=1, demo=True, output_file='s2_mnist.gz', test_file_path='../mnistPC/test.hdf5', train_file_path='../mnistPC/train.hdf5')
2019-02-12 05:24:47 INFO     getting MNIST data
2019-02-12 05:24:47 INFO     finish loading MNIST data and basic configuration
2019-02-12 05:24:47 WARNING  haven't loaded test data set
2019-02-12 05:24:47 WARNING  also, haven't split the validation set
2019-02-12 05:24:48 INFO     0
2019-02-12 05:24:48 INFO     0
2019-02-12 05:24:48 INFO     1
2019-02-12 05:24:48 INFO     1
2019-02-12 05:24:48 INFO     2
2019-02-12 05:24:48 INFO     2
2019-02-12 05:24:48 INFO     3
2019-02-12 05:24:48 INFO     3
2019-02-12 05:24:48 INFO     4
2019-02-12 05:24:48 INFO     4
2019-02-12 05:24:48 INFO     5
2019-02-12 05:24:48 INFO     5
2019-02-12 05:24:48 INFO     6
2019-02-12 05:24:48 INFO     6
2019-02-12 05:24:48 INFO     7
2019-02-12 05:24:48 INFO     7
2019-02-12 05:24:48 INFO     8
2019-02-12 05:24:48 INFO     8
2019-02-12 05:24:48 INFO     9
2019-02-12 05:24:48 INFO     9
2019-02-12 05:24:48 INFO     10
2019-02-12 05:24:48 INFO     10
2019-02-12 05:24:48 INFO     11
2019-02-12 05:24:48 INFO     11
2019-02-12 05:24:48 INFO     12
2019-02-12 05:24:48 INFO     12
2019-02-12 05:24:48 INFO     13
2019-02-12 05:24:48 INFO     13
2019-02-12 05:24:48 INFO     14
2019-02-12 05:24:48 INFO     14
2019-02-12 05:24:48 INFO     15
2019-02-12 05:24:48 INFO     15
2019-02-12 05:24:49 INFO     16
2019-02-12 05:24:49 INFO     16
2019-02-12 05:24:49 INFO     17
2019-02-12 05:24:49 INFO     17
2019-02-12 05:24:49 INFO     18
2019-02-12 05:24:49 INFO     18
2019-02-12 05:24:49 INFO     19
2019-02-12 05:24:49 INFO     19
2019-02-12 05:24:49 INFO     20
2019-02-12 05:24:49 INFO     20
2019-02-12 05:24:49 INFO     21
2019-02-12 05:24:49 INFO     21
2019-02-12 05:24:49 INFO     22
2019-02-12 05:24:49 INFO     22
2019-02-12 05:24:49 INFO     23
2019-02-12 05:24:49 INFO     23
2019-02-12 05:24:49 INFO     24
2019-02-12 05:24:49 INFO     24
2019-02-12 05:24:49 INFO     25
2019-02-12 05:24:49 INFO     25
2019-02-12 05:24:49 INFO     26
2019-02-12 05:24:49 INFO     26
2019-02-12 05:24:49 INFO     27
2019-02-12 05:24:49 INFO     27
2019-02-12 05:24:49 INFO     28
2019-02-12 05:24:49 INFO     28
2019-02-12 05:24:49 INFO     29
2019-02-12 05:24:49 INFO     29
2019-02-12 05:24:49 INFO     30
2019-02-12 05:24:49 INFO     30
2019-02-12 05:24:49 INFO     31
2019-02-12 05:24:49 INFO     31
2019-02-12 05:24:49 INFO     32
2019-02-12 05:24:49 INFO     32
2019-02-12 05:24:49 INFO     33
2019-02-12 05:24:49 INFO     33
2019-02-12 05:24:49 INFO     34
2019-02-12 05:24:49 INFO     34
2019-02-12 05:24:49 INFO     35
2019-02-12 05:24:49 INFO     35
2019-02-12 05:24:49 INFO     36
2019-02-12 05:24:49 INFO     36
2019-02-12 05:24:50 INFO     37
2019-02-12 05:24:50 INFO     37
2019-02-12 05:24:50 INFO     38
2019-02-12 05:24:50 INFO     38
2019-02-12 05:24:50 INFO     39
2019-02-12 05:24:50 INFO     39
2019-02-12 05:24:50 INFO     40
2019-02-12 05:24:50 INFO     40
2019-02-12 05:24:50 INFO     41
2019-02-12 05:24:50 INFO     41
2019-02-12 05:24:50 INFO     42
2019-02-12 05:24:50 INFO     42
2019-02-12 05:24:50 INFO     43
2019-02-12 05:24:50 INFO     43
2019-02-12 05:24:50 INFO     44
2019-02-12 05:24:50 INFO     44
2019-02-12 05:24:50 INFO     45
2019-02-12 05:24:50 INFO     45
2019-02-12 05:24:50 INFO     46
2019-02-12 05:24:50 INFO     46
2019-02-12 05:24:50 INFO     47
2019-02-12 05:24:50 INFO     47
2019-02-12 05:24:50 INFO     48
2019-02-12 05:24:50 INFO     48
2019-02-12 05:24:50 INFO     49
2019-02-12 05:24:50 INFO     49
