2019-02-12 20:05:06 INFO     call with args: 
Namespace(bandwidth=30, batchsize=1, demo=True, output_file='s2_mnist.gz', test_file_path='../mnistPC/test.hdf5', train_file_path='../mnistPC/train.hdf5')
2019-02-12 20:05:06 INFO     getting MNIST data
2019-02-12 20:05:06 INFO     finish loading MNIST data and basic configuration
2019-02-12 20:05:06 WARNING  haven't loaded test data set
2019-02-12 20:05:06 WARNING  also, haven't split the validation set
2019-02-12 20:05:06 INFO     0
2019-02-12 20:05:06 INFO     1
2019-02-12 20:05:06 INFO     2
2019-02-12 20:05:06 INFO     3
2019-02-12 20:05:06 INFO     4
2019-02-12 20:05:07 INFO     5
2019-02-12 20:05:07 INFO     6
2019-02-12 20:05:07 INFO     7
2019-02-12 20:05:07 INFO     8
2019-02-12 20:05:07 INFO     9
2019-02-12 20:05:07 INFO     10
2019-02-12 20:05:07 INFO     11
2019-02-12 20:05:07 INFO     12
2019-02-12 20:05:07 INFO     13
2019-02-12 20:05:07 INFO     14
2019-02-12 20:05:07 INFO     15
2019-02-12 20:05:07 INFO     16
2019-02-12 20:05:07 INFO     17
2019-02-12 20:05:08 INFO     18
2019-02-12 20:05:08 INFO     19
2019-02-12 20:05:08 INFO     20
2019-02-12 20:05:08 INFO     21
2019-02-12 20:05:08 INFO     22
2019-02-12 20:05:08 INFO     23
2019-02-12 20:05:08 INFO     24
2019-02-12 20:05:08 INFO     25
2019-02-12 20:05:08 INFO     26
2019-02-12 20:05:08 INFO     27
2019-02-12 20:05:08 INFO     28
2019-02-12 20:05:08 INFO     29
2019-02-12 20:05:09 INFO     30
2019-02-12 20:05:09 INFO     31
2019-02-12 20:05:09 INFO     32
2019-02-12 20:05:09 INFO     33
2019-02-12 20:05:09 INFO     34
2019-02-12 20:05:09 INFO     35
2019-02-12 20:05:09 INFO     36
2019-02-12 20:05:09 INFO     37
2019-02-12 20:05:09 INFO     38
2019-02-12 20:05:09 INFO     39
