2019-02-12 05:23:12 INFO     call with args: 
Namespace(bandwidth=30, batchsize=1, demo=True, output_file='s2_mnist.gz', test_file_path='../mnistPC/test.hdf5', train_file_path='../mnistPC/train.hdf5')
2019-02-12 05:23:12 INFO     getting MNIST data
2019-02-12 05:23:12 INFO     finish loading MNIST data and basic configuration
2019-02-12 05:23:12 WARNING  haven't loaded test data set
2019-02-12 05:23:12 WARNING  also, haven't split the validation set
2019-02-12 05:23:12 INFO     0
2019-02-12 05:23:12 INFO     1
2019-02-12 05:23:12 INFO     2
2019-02-12 05:23:12 INFO     3
2019-02-12 05:23:12 INFO     4
2019-02-12 05:23:12 INFO     5
2019-02-12 05:23:12 INFO     6
2019-02-12 05:23:12 INFO     7
2019-02-12 05:23:13 INFO     8
2019-02-12 05:23:13 INFO     9
2019-02-12 05:23:13 INFO     10
2019-02-12 05:23:13 INFO     11
2019-02-12 05:23:13 INFO     12
2019-02-12 05:23:13 INFO     13
2019-02-12 05:23:13 INFO     14
2019-02-12 05:23:13 INFO     15
2019-02-12 05:23:13 INFO     16
2019-02-12 05:23:13 INFO     17
2019-02-12 05:23:13 INFO     18
2019-02-12 05:23:13 INFO     19
2019-02-12 05:23:13 INFO     20
2019-02-12 05:23:13 INFO     21
2019-02-12 05:23:13 INFO     22
2019-02-12 05:23:13 INFO     23
2019-02-12 05:23:13 INFO     24
2019-02-12 05:23:13 INFO     25
2019-02-12 05:23:13 INFO     26
2019-02-12 05:23:13 INFO     27
2019-02-12 05:23:13 INFO     28
2019-02-12 05:23:13 INFO     29
2019-02-12 05:23:14 INFO     30
2019-02-12 05:23:14 INFO     31
2019-02-12 05:23:14 INFO     32
2019-02-12 05:23:14 INFO     33
2019-02-12 05:23:14 INFO     34
2019-02-12 05:23:14 INFO     35
2019-02-12 05:23:14 INFO     36
2019-02-12 05:23:14 INFO     37
2019-02-12 05:23:14 INFO     38
2019-02-12 05:23:14 INFO     39
2019-02-12 05:23:14 INFO     40
2019-02-12 05:23:14 INFO     41
2019-02-12 05:23:14 INFO     42
2019-02-12 05:23:14 INFO     43
2019-02-12 05:23:14 INFO     44
2019-02-12 05:23:14 INFO     45
2019-02-12 05:23:14 INFO     46
2019-02-12 05:23:14 INFO     47
2019-02-12 05:23:14 INFO     48
2019-02-12 05:23:14 INFO     49
2019-02-12 05:23:14 INFO     50
2019-02-12 05:23:14 INFO     51
2019-02-12 05:23:14 INFO     52
2019-02-12 05:23:15 INFO     53
2019-02-12 05:23:15 INFO     54
2019-02-12 05:23:15 INFO     55
2019-02-12 05:23:15 INFO     56
2019-02-12 05:23:15 INFO     57
2019-02-12 05:23:15 INFO     58
2019-02-12 05:23:15 INFO     59
2019-02-12 05:23:15 INFO     60
2019-02-12 05:23:15 INFO     61
2019-02-12 05:23:15 INFO     62
2019-02-12 05:23:15 INFO     63
2019-02-12 05:23:15 INFO     64
2019-02-12 05:23:15 INFO     65
2019-02-12 05:23:15 INFO     66
2019-02-12 05:23:15 INFO     67
2019-02-12 05:23:15 INFO     68
2019-02-12 05:23:15 INFO     69
2019-02-12 05:23:15 INFO     70
2019-02-12 05:23:15 INFO     71
2019-02-12 05:23:15 INFO     72
2019-02-12 05:23:15 INFO     73
2019-02-12 05:23:16 INFO     74
2019-02-12 05:23:16 INFO     75
2019-02-12 05:23:16 INFO     76
2019-02-12 05:23:16 INFO     77
2019-02-12 05:23:16 INFO     78
2019-02-12 05:23:16 INFO     79
2019-02-12 05:23:16 INFO     80
2019-02-12 05:23:16 INFO     81
2019-02-12 05:23:16 INFO     82
2019-02-12 05:23:16 INFO     83
2019-02-12 05:23:16 INFO     84
2019-02-12 05:23:16 INFO     85
2019-02-12 05:23:16 INFO     86
2019-02-12 05:23:16 INFO     87
2019-02-12 05:23:16 INFO     88
2019-02-12 05:23:16 INFO     89
2019-02-12 05:23:16 INFO     90
2019-02-12 05:23:16 INFO     91
2019-02-12 05:23:16 INFO     92
2019-02-12 05:23:16 INFO     93
2019-02-12 05:23:16 INFO     94
2019-02-12 05:23:17 INFO     95
2019-02-12 05:23:17 INFO     96
2019-02-12 05:23:17 INFO     97
2019-02-12 05:23:17 INFO     98
2019-02-12 05:23:17 INFO     99
2019-02-12 05:23:17 INFO     100
2019-02-12 05:23:17 INFO     101
2019-02-12 05:23:17 INFO     102
2019-02-12 05:23:17 INFO     103
2019-02-12 05:23:17 INFO     104
2019-02-12 05:23:17 INFO     105
2019-02-12 05:23:17 INFO     106
2019-02-12 05:23:17 INFO     107
2019-02-12 05:23:17 INFO     108
2019-02-12 05:23:17 INFO     109
2019-02-12 05:23:17 INFO     110
2019-02-12 05:23:17 INFO     111
