2019-02-12 20:09:14 INFO     call with args: 
Namespace(bandwidth=30, batchsize=1, demo=True, output_file='s2_mnist.gz', test_file_path='../mnistPC/test.hdf5', train_file_path='../mnistPC/train.hdf5')
2019-02-12 20:09:14 INFO     getting MNIST data
2019-02-12 20:09:14 INFO     finish loading MNIST data and basic configuration
2019-02-12 20:09:14 WARNING  haven't loaded test data set
2019-02-12 20:09:14 WARNING  also, haven't split the validation set
2019-02-12 20:09:15 INFO     0
2019-02-12 20:09:15 INFO     1
2019-02-12 20:09:15 INFO     2
2019-02-12 20:09:15 INFO     3
2019-02-12 20:09:15 INFO     4
2019-02-12 20:09:15 INFO     5
2019-02-12 20:09:15 INFO     6
2019-02-12 20:09:15 INFO     7
2019-02-12 20:09:15 INFO     8
2019-02-12 20:09:15 INFO     9
2019-02-12 20:09:16 INFO     10
2019-02-12 20:09:16 INFO     11
2019-02-12 20:09:16 INFO     12
2019-02-12 20:09:16 INFO     13
2019-02-12 20:09:16 INFO     14
2019-02-12 20:09:16 INFO     15
2019-02-12 20:09:16 INFO     16
2019-02-12 20:09:16 INFO     17
2019-02-12 20:09:16 INFO     18
2019-02-12 20:09:16 INFO     19
2019-02-12 20:09:16 INFO     20
2019-02-12 20:09:16 INFO     21
2019-02-12 20:09:17 INFO     22
2019-02-12 20:09:17 INFO     23
2019-02-12 20:09:17 INFO     24
2019-02-12 20:09:17 INFO     25
2019-02-12 20:09:17 INFO     26
2019-02-12 20:09:17 INFO     27
2019-02-12 20:09:17 INFO     28
2019-02-12 20:09:17 INFO     29
2019-02-12 20:09:17 INFO     30
2019-02-12 20:09:17 INFO     31
2019-02-12 20:09:17 INFO     32
2019-02-12 20:09:17 INFO     33
2019-02-12 20:09:18 INFO     34
2019-02-12 20:09:18 INFO     35
2019-02-12 20:09:18 INFO     36
2019-02-12 20:09:18 INFO     37
2019-02-12 20:09:18 INFO     38
2019-02-12 20:09:18 INFO     39
2019-02-12 20:09:18 INFO     40
2019-02-12 20:09:18 INFO     41
2019-02-12 20:09:18 INFO     42
2019-02-12 20:09:18 INFO     43
2019-02-12 20:09:18 INFO     44
2019-02-12 20:09:18 INFO     45
2019-02-12 20:09:19 INFO     46
2019-02-12 20:09:19 INFO     47
2019-02-12 20:09:19 INFO     48
2019-02-12 20:09:19 INFO     49
2019-02-12 20:09:19 INFO     50
2019-02-12 20:09:19 INFO     51
2019-02-12 20:09:19 INFO     52
2019-02-12 20:09:19 INFO     53
2019-02-12 20:09:20 INFO     54
2019-02-12 20:09:20 INFO     55
2019-02-12 20:09:20 INFO     56
2019-02-12 20:09:20 INFO     57
2019-02-12 20:09:20 INFO     58
2019-02-12 20:09:20 INFO     59
2019-02-12 20:09:20 INFO     60
2019-02-12 20:09:21 INFO     61
2019-02-12 20:09:21 INFO     62
2019-02-12 20:09:21 INFO     63
2019-02-12 20:09:21 INFO     64
2019-02-12 20:09:21 INFO     65
2019-02-12 20:09:21 INFO     66
2019-02-12 20:09:21 INFO     67
2019-02-12 20:09:22 INFO     68
2019-02-12 20:09:22 INFO     69
2019-02-12 20:09:22 INFO     70
2019-02-12 20:09:22 INFO     71
2019-02-12 20:09:22 INFO     72
2019-02-12 20:09:22 INFO     73
2019-02-12 20:09:23 INFO     74
2019-02-12 20:09:23 INFO     75
2019-02-12 20:09:23 INFO     76
2019-02-12 20:09:23 INFO     77
2019-02-12 20:09:23 INFO     78
2019-02-12 20:09:24 INFO     79
2019-02-12 20:09:24 INFO     80
2019-02-12 20:09:24 INFO     81
2019-02-12 20:09:24 INFO     82
2019-02-12 20:09:24 INFO     83
2019-02-12 20:09:25 INFO     84
2019-02-12 20:09:25 INFO     85
2019-02-12 20:09:25 INFO     86
2019-02-12 20:09:25 INFO     87
2019-02-12 20:09:25 INFO     88
2019-02-12 20:09:25 INFO     89
2019-02-12 20:09:26 INFO     90
2019-02-12 20:09:26 INFO     91
2019-02-12 20:09:26 INFO     92
2019-02-12 20:09:26 INFO     93
2019-02-12 20:09:26 INFO     94
2019-02-12 20:09:26 INFO     95
2019-02-12 20:09:26 INFO     96
2019-02-12 20:09:27 INFO     97
2019-02-12 20:09:27 INFO     98
2019-02-12 20:09:27 INFO     99
2019-02-12 20:09:27 INFO     100
2019-02-12 20:09:27 INFO     101
2019-02-12 20:09:27 INFO     102
2019-02-12 20:09:28 INFO     103
2019-02-12 20:09:28 INFO     104
2019-02-12 20:09:28 INFO     105
2019-02-12 20:09:28 INFO     106
2019-02-12 20:09:28 INFO     107
2019-02-12 20:09:28 INFO     108
2019-02-12 20:09:29 INFO     109
2019-02-12 20:09:29 INFO     110
2019-02-12 20:09:29 INFO     111
2019-02-12 20:09:29 INFO     112
2019-02-12 20:09:29 INFO     113
2019-02-12 20:09:29 INFO     114
2019-02-12 20:09:29 INFO     115
2019-02-12 20:09:29 INFO     116
2019-02-12 20:09:30 INFO     117
2019-02-12 20:09:30 INFO     118
2019-02-12 20:09:30 INFO     119
2019-02-12 20:09:30 INFO     120
2019-02-12 20:09:30 INFO     121
2019-02-12 20:09:30 INFO     122
2019-02-12 20:09:30 INFO     123
2019-02-12 20:09:30 INFO     124
2019-02-12 20:09:31 INFO     125
