2019-02-12 20:05:25 INFO     call with args: 
Namespace(bandwidth=30, batchsize=1, demo=True, output_file='s2_mnist.gz', test_file_path='../mnistPC/test.hdf5', train_file_path='../mnistPC/train.hdf5')
2019-02-12 20:05:25 INFO     getting MNIST data
2019-02-12 20:05:25 INFO     finish loading MNIST data and basic configuration
2019-02-12 20:05:25 WARNING  haven't loaded test data set
2019-02-12 20:05:25 WARNING  also, haven't split the validation set
2019-02-12 20:05:25 INFO     0
2019-02-12 20:05:25 INFO     1
2019-02-12 20:05:25 INFO     2
2019-02-12 20:05:25 INFO     3
2019-02-12 20:05:25 INFO     4
2019-02-12 20:05:26 INFO     5
2019-02-12 20:05:26 INFO     6
2019-02-12 20:05:26 INFO     7
2019-02-12 20:05:26 INFO     8
2019-02-12 20:05:26 INFO     9
2019-02-12 20:05:26 INFO     10
2019-02-12 20:05:26 INFO     11
2019-02-12 20:05:26 INFO     12
2019-02-12 20:05:26 INFO     13
2019-02-12 20:05:26 INFO     14
2019-02-12 20:05:26 INFO     15
2019-02-12 20:05:27 INFO     16
2019-02-12 20:05:27 INFO     17
2019-02-12 20:05:27 INFO     18
2019-02-12 20:05:27 INFO     19
2019-02-12 20:05:27 INFO     20
2019-02-12 20:05:27 INFO     21
2019-02-12 20:05:27 INFO     22
2019-02-12 20:05:27 INFO     23
2019-02-12 20:05:27 INFO     24
2019-02-12 20:05:28 INFO     25
2019-02-12 20:05:28 INFO     26
2019-02-12 20:05:28 INFO     27
2019-02-12 20:05:28 INFO     28
2019-02-12 20:05:28 INFO     29
2019-02-12 20:05:28 INFO     30
2019-02-12 20:05:28 INFO     31
2019-02-12 20:05:28 INFO     32
2019-02-12 20:05:28 INFO     33
2019-02-12 20:05:28 INFO     34
2019-02-12 20:05:29 INFO     35
2019-02-12 20:05:29 INFO     36
2019-02-12 20:05:29 INFO     37
2019-02-12 20:05:29 INFO     38
2019-02-12 20:05:29 INFO     39
2019-02-12 20:05:29 INFO     40
2019-02-12 20:05:29 INFO     41
2019-02-12 20:05:29 INFO     42
2019-02-12 20:05:29 INFO     43
2019-02-12 20:05:29 INFO     44
2019-02-12 20:05:30 INFO     45
2019-02-12 20:05:30 INFO     46
2019-02-12 20:05:30 INFO     47
2019-02-12 20:05:30 INFO     48
2019-02-12 20:05:30 INFO     49
2019-02-12 20:05:30 INFO     50
2019-02-12 20:05:30 INFO     51
2019-02-12 20:05:30 INFO     52
2019-02-12 20:05:31 INFO     53
2019-02-12 20:05:31 INFO     54
2019-02-12 20:05:31 INFO     55
2019-02-12 20:05:31 INFO     56
2019-02-12 20:05:31 INFO     57
2019-02-12 20:05:31 INFO     58
2019-02-12 20:05:31 INFO     59
2019-02-12 20:05:31 INFO     60
2019-02-12 20:05:32 INFO     61
2019-02-12 20:05:32 INFO     62
2019-02-12 20:05:32 INFO     63
2019-02-12 20:05:32 INFO     64
2019-02-12 20:05:32 INFO     65
2019-02-12 20:05:32 INFO     66
2019-02-12 20:05:32 INFO     67
2019-02-12 20:05:32 INFO     68
2019-02-12 20:05:33 INFO     69
2019-02-12 20:05:33 INFO     70
2019-02-12 20:05:33 INFO     71
2019-02-12 20:05:33 INFO     72
2019-02-12 20:05:33 INFO     73
2019-02-12 20:05:33 INFO     74
2019-02-12 20:05:33 INFO     75
2019-02-12 20:05:33 INFO     76
2019-02-12 20:05:34 INFO     77
2019-02-12 20:05:34 INFO     78
2019-02-12 20:05:34 INFO     79
2019-02-12 20:05:34 INFO     80
2019-02-12 20:05:34 INFO     81
2019-02-12 20:05:34 INFO     82
2019-02-12 20:05:34 INFO     83
2019-02-12 20:05:34 INFO     84
2019-02-12 20:05:35 INFO     85
2019-02-12 20:05:35 INFO     86
2019-02-12 20:05:35 INFO     87
2019-02-12 20:05:35 INFO     88
2019-02-12 20:05:35 INFO     89
2019-02-12 20:05:35 INFO     90
2019-02-12 20:05:35 INFO     91
2019-02-12 20:05:35 INFO     92
2019-02-12 20:05:36 INFO     93
2019-02-12 20:05:36 INFO     94
2019-02-12 20:05:36 INFO     95
2019-02-12 20:05:36 INFO     96
2019-02-12 20:05:36 INFO     97
2019-02-12 20:05:36 INFO     98
2019-02-12 20:05:36 INFO     99
2019-02-12 20:05:36 INFO     100
2019-02-12 20:05:37 INFO     101
2019-02-12 20:05:37 INFO     102
2019-02-12 20:05:37 INFO     103
2019-02-12 20:05:37 INFO     104
2019-02-12 20:05:37 INFO     105
2019-02-12 20:05:37 INFO     106
2019-02-12 20:05:37 INFO     107
2019-02-12 20:05:37 INFO     108
2019-02-12 20:05:37 INFO     109
2019-02-12 20:05:37 INFO     110
2019-02-12 20:05:38 INFO     111
2019-02-12 20:05:38 INFO     112
2019-02-12 20:05:38 INFO     113
2019-02-12 20:05:38 INFO     114
2019-02-12 20:05:38 INFO     115
2019-02-12 20:05:38 INFO     116
2019-02-12 20:05:38 INFO     117
2019-02-12 20:05:38 INFO     118
2019-02-12 20:05:38 INFO     119
2019-02-12 20:05:38 INFO     120
2019-02-12 20:05:39 INFO     121
2019-02-12 20:05:39 INFO     122
2019-02-12 20:05:39 INFO     123
2019-02-12 20:05:39 INFO     124
2019-02-12 20:05:39 INFO     125
2019-02-12 20:05:39 INFO     126
2019-02-12 20:05:39 INFO     127
2019-02-12 20:05:39 INFO     128
2019-02-12 20:05:39 INFO     129
2019-02-12 20:05:39 INFO     130
2019-02-12 20:05:39 INFO     131
2019-02-12 20:05:39 INFO     132
2019-02-12 20:05:40 INFO     133
2019-02-12 20:05:40 INFO     134
2019-02-12 20:05:40 INFO     135
2019-02-12 20:05:40 INFO     136
2019-02-12 20:05:40 INFO     137
2019-02-12 20:05:40 INFO     138
2019-02-12 20:05:40 INFO     139
2019-02-12 20:05:40 INFO     140
2019-02-12 20:05:40 INFO     141
2019-02-12 20:05:40 INFO     142
2019-02-12 20:05:40 INFO     143
2019-02-12 20:05:41 INFO     144
2019-02-12 20:05:41 INFO     145
2019-02-12 20:05:41 INFO     146
2019-02-12 20:05:41 INFO     147
2019-02-12 20:05:41 INFO     148
2019-02-12 20:05:41 INFO     149
2019-02-12 20:05:41 INFO     150
2019-02-12 20:05:41 INFO     151
2019-02-12 20:05:41 INFO     152
2019-02-12 20:05:41 INFO     153
2019-02-12 20:05:41 INFO     154
2019-02-12 20:05:41 INFO     155
2019-02-12 20:05:41 INFO     156
2019-02-12 20:05:42 INFO     157
2019-02-12 20:05:42 INFO     158
2019-02-12 20:05:42 INFO     159
2019-02-12 20:05:42 INFO     160
2019-02-12 20:05:42 INFO     161
2019-02-12 20:05:42 INFO     162
2019-02-12 20:05:42 INFO     163
2019-02-12 20:05:42 INFO     164
2019-02-12 20:05:42 INFO     165
2019-02-12 20:05:42 INFO     166
2019-02-12 20:05:43 INFO     167
2019-02-12 20:05:43 INFO     168
2019-02-12 20:05:43 INFO     169
2019-02-12 20:05:43 INFO     170
2019-02-12 20:05:43 INFO     171
2019-02-12 20:05:43 INFO     172
2019-02-12 20:05:43 INFO     173
2019-02-12 20:05:43 INFO     174
2019-02-12 20:05:44 INFO     175
2019-02-12 20:05:44 INFO     176
2019-02-12 20:05:44 INFO     177
2019-02-12 20:05:44 INFO     178
2019-02-12 20:05:44 INFO     179
2019-02-12 20:05:44 INFO     180
2019-02-12 20:05:44 INFO     181
2019-02-12 20:05:44 INFO     182
2019-02-12 20:05:45 INFO     183
2019-02-12 20:05:45 INFO     184
2019-02-12 20:05:45 INFO     185
2019-02-12 20:05:45 INFO     186
2019-02-12 20:05:45 INFO     187
2019-02-12 20:05:45 INFO     188
2019-02-12 20:05:45 INFO     189
2019-02-12 20:05:45 INFO     190
2019-02-12 20:05:46 INFO     191
2019-02-12 20:05:46 INFO     192
2019-02-12 20:05:46 INFO     193
2019-02-12 20:05:46 INFO     194
2019-02-12 20:05:46 INFO     195
2019-02-12 20:05:46 INFO     196
2019-02-12 20:05:46 INFO     197
2019-02-12 20:05:46 INFO     198
2019-02-12 20:05:47 INFO     199
2019-02-12 20:05:47 INFO     200
2019-02-12 20:05:47 INFO     201
2019-02-12 20:05:47 INFO     202
2019-02-12 20:05:47 INFO     203
2019-02-12 20:05:47 INFO     204
2019-02-12 20:05:47 INFO     205
2019-02-12 20:05:47 INFO     206
2019-02-12 20:05:48 INFO     207
2019-02-12 20:05:48 INFO     208
2019-02-12 20:05:48 INFO     209
2019-02-12 20:05:48 INFO     210
2019-02-12 20:05:48 INFO     211
2019-02-12 20:05:48 INFO     212
2019-02-12 20:05:48 INFO     213
2019-02-12 20:05:48 INFO     214
2019-02-12 20:05:49 INFO     215
2019-02-12 20:05:49 INFO     216
2019-02-12 20:05:49 INFO     217
2019-02-12 20:05:49 INFO     218
2019-02-12 20:05:49 INFO     219
2019-02-12 20:05:49 INFO     220
2019-02-12 20:05:49 INFO     221
2019-02-12 20:05:49 INFO     222
2019-02-12 20:05:50 INFO     223
2019-02-12 20:05:50 INFO     224
2019-02-12 20:05:50 INFO     225
2019-02-12 20:05:50 INFO     226
2019-02-12 20:05:50 INFO     227
2019-02-12 20:05:50 INFO     228
2019-02-12 20:05:50 INFO     229
2019-02-12 20:05:50 INFO     230
2019-02-12 20:05:51 INFO     231
2019-02-12 20:05:51 INFO     232
2019-02-12 20:05:51 INFO     233
2019-02-12 20:05:51 INFO     234
2019-02-12 20:05:51 INFO     235
2019-02-12 20:05:51 INFO     236
2019-02-12 20:05:51 INFO     237
2019-02-12 20:05:51 INFO     238
2019-02-12 20:05:51 INFO     239
2019-02-12 20:05:51 INFO     240
2019-02-12 20:05:51 INFO     241
2019-02-12 20:05:51 INFO     242
2019-02-12 20:05:52 INFO     243
2019-02-12 20:05:52 INFO     244
2019-02-12 20:05:52 INFO     245
2019-02-12 20:05:52 INFO     246
2019-02-12 20:05:52 INFO     247
2019-02-12 20:05:52 INFO     248
2019-02-12 20:05:52 INFO     249
2019-02-12 20:05:52 INFO     250
2019-02-12 20:05:52 INFO     251
2019-02-12 20:05:52 INFO     252
2019-02-12 20:05:52 INFO     253
2019-02-12 20:05:52 INFO     254
2019-02-12 20:05:53 INFO     255
2019-02-12 20:05:53 INFO     256
2019-02-12 20:05:53 INFO     257
2019-02-12 20:05:53 INFO     258
2019-02-12 20:05:53 INFO     259
2019-02-12 20:05:53 INFO     260
2019-02-12 20:05:53 INFO     261
2019-02-12 20:05:53 INFO     262
2019-02-12 20:05:53 INFO     263
2019-02-12 20:05:53 INFO     264
2019-02-12 20:05:53 INFO     265
2019-02-12 20:05:53 INFO     266
2019-02-12 20:05:53 INFO     267
2019-02-12 20:05:54 INFO     268
2019-02-12 20:05:54 INFO     269
2019-02-12 20:05:54 INFO     270
2019-02-12 20:05:54 INFO     271
2019-02-12 20:05:54 INFO     272
2019-02-12 20:05:54 INFO     273
2019-02-12 20:05:54 INFO     274
2019-02-12 20:05:54 INFO     275
2019-02-12 20:05:54 INFO     276
2019-02-12 20:05:54 INFO     277
2019-02-12 20:05:54 INFO     278
2019-02-12 20:05:55 INFO     279
2019-02-12 20:05:55 INFO     280
2019-02-12 20:05:55 INFO     281
2019-02-12 20:05:55 INFO     282
2019-02-12 20:05:55 INFO     283
2019-02-12 20:05:55 INFO     284
2019-02-12 20:05:55 INFO     285
2019-02-12 20:05:55 INFO     286
2019-02-12 20:05:55 INFO     287
2019-02-12 20:05:55 INFO     288
2019-02-12 20:05:55 INFO     289
2019-02-12 20:05:55 INFO     290
2019-02-12 20:05:56 INFO     291
2019-02-12 20:05:56 INFO     292
2019-02-12 20:05:56 INFO     293
2019-02-12 20:05:56 INFO     294
2019-02-12 20:05:56 INFO     295
2019-02-12 20:05:56 INFO     296
2019-02-12 20:05:56 INFO     297
2019-02-12 20:05:56 INFO     298
2019-02-12 20:05:56 INFO     299
2019-02-12 20:05:56 INFO     300
2019-02-12 20:05:56 INFO     301
2019-02-12 20:05:56 INFO     302
2019-02-12 20:05:57 INFO     303
2019-02-12 20:05:57 INFO     304
2019-02-12 20:05:57 INFO     305
2019-02-12 20:05:57 INFO     306
2019-02-12 20:05:57 INFO     307
2019-02-12 20:05:57 INFO     308
2019-02-12 20:05:57 INFO     309
2019-02-12 20:05:57 INFO     310
2019-02-12 20:05:57 INFO     311
2019-02-12 20:05:57 INFO     312
2019-02-12 20:05:57 INFO     313
2019-02-12 20:05:57 INFO     314
2019-02-12 20:05:58 INFO     315
2019-02-12 20:05:58 INFO     316
2019-02-12 20:05:58 INFO     317
2019-02-12 20:05:58 INFO     318
2019-02-12 20:05:58 INFO     319
2019-02-12 20:05:58 INFO     320
2019-02-12 20:05:58 INFO     321
2019-02-12 20:05:58 INFO     322
2019-02-12 20:05:58 INFO     323
2019-02-12 20:05:58 INFO     324
2019-02-12 20:05:58 INFO     325
2019-02-12 20:05:58 INFO     326
2019-02-12 20:05:59 INFO     327
2019-02-12 20:05:59 INFO     328
2019-02-12 20:05:59 INFO     329
2019-02-12 20:05:59 INFO     330
2019-02-12 20:05:59 INFO     331
2019-02-12 20:05:59 INFO     332
2019-02-12 20:05:59 INFO     333
2019-02-12 20:05:59 INFO     334
2019-02-12 20:05:59 INFO     335
2019-02-12 20:06:00 INFO     336
2019-02-12 20:06:00 INFO     337
2019-02-12 20:06:00 INFO     338
2019-02-12 20:06:00 INFO     339
2019-02-12 20:06:00 INFO     340
2019-02-12 20:06:00 INFO     341
2019-02-12 20:06:00 INFO     342
2019-02-12 20:06:00 INFO     343
2019-02-12 20:06:01 INFO     344
2019-02-12 20:06:01 INFO     345
2019-02-12 20:06:01 INFO     346
2019-02-12 20:06:01 INFO     347
2019-02-12 20:06:01 INFO     348
2019-02-12 20:06:01 INFO     349
2019-02-12 20:06:01 INFO     350
2019-02-12 20:06:01 INFO     351
2019-02-12 20:06:02 INFO     352
2019-02-12 20:06:02 INFO     353
2019-02-12 20:06:02 INFO     354
2019-02-12 20:06:02 INFO     355
2019-02-12 20:06:02 INFO     356
2019-02-12 20:06:02 INFO     357
2019-02-12 20:06:02 INFO     358
2019-02-12 20:06:02 INFO     359
2019-02-12 20:06:03 INFO     360
2019-02-12 20:06:03 INFO     361
2019-02-12 20:06:03 INFO     362
2019-02-12 20:06:03 INFO     363
2019-02-12 20:06:03 INFO     364
2019-02-12 20:06:03 INFO     365
2019-02-12 20:06:03 INFO     366
2019-02-12 20:06:03 INFO     367
2019-02-12 20:06:03 INFO     368
2019-02-12 20:06:04 INFO     369
2019-02-12 20:06:04 INFO     370
2019-02-12 20:06:04 INFO     371
2019-02-12 20:06:04 INFO     372
2019-02-12 20:06:04 INFO     373
2019-02-12 20:06:04 INFO     374
2019-02-12 20:06:04 INFO     375
2019-02-12 20:06:04 INFO     376
2019-02-12 20:06:05 INFO     377
2019-02-12 20:06:05 INFO     378
2019-02-12 20:06:05 INFO     379
2019-02-12 20:06:05 INFO     380
2019-02-12 20:06:05 INFO     381
2019-02-12 20:06:05 INFO     382
2019-02-12 20:06:05 INFO     383
2019-02-12 20:06:05 INFO     384
2019-02-12 20:06:06 INFO     385
2019-02-12 20:06:06 INFO     386
2019-02-12 20:06:06 INFO     387
2019-02-12 20:06:06 INFO     388
2019-02-12 20:06:06 INFO     389
2019-02-12 20:06:06 INFO     390
2019-02-12 20:06:06 INFO     391
2019-02-12 20:06:06 INFO     392
2019-02-12 20:06:07 INFO     393
2019-02-12 20:06:07 INFO     394
2019-02-12 20:06:07 INFO     395
2019-02-12 20:06:07 INFO     396
2019-02-12 20:06:07 INFO     397
2019-02-12 20:06:07 INFO     398
2019-02-12 20:06:07 INFO     399
2019-02-12 20:06:07 INFO     400
2019-02-12 20:06:08 INFO     401
2019-02-12 20:06:08 INFO     402
2019-02-12 20:06:08 INFO     403
2019-02-12 20:06:08 INFO     404
2019-02-12 20:06:08 INFO     405
2019-02-12 20:06:08 INFO     406
2019-02-12 20:06:08 INFO     407
2019-02-12 20:06:08 INFO     408
2019-02-12 20:06:09 INFO     409
2019-02-12 20:06:09 INFO     410
2019-02-12 20:06:09 INFO     411
2019-02-12 20:06:09 INFO     412
2019-02-12 20:06:09 INFO     413
2019-02-12 20:06:09 INFO     414
2019-02-12 20:06:09 INFO     415
2019-02-12 20:06:09 INFO     416
2019-02-12 20:06:10 INFO     417
2019-02-12 20:06:10 INFO     418
2019-02-12 20:06:10 INFO     419
2019-02-12 20:06:10 INFO     420
2019-02-12 20:06:10 INFO     421
2019-02-12 20:06:10 INFO     422
2019-02-12 20:06:10 INFO     423
2019-02-12 20:06:10 INFO     424
2019-02-12 20:06:11 INFO     425
2019-02-12 20:06:11 INFO     426
2019-02-12 20:06:11 INFO     427
2019-02-12 20:06:11 INFO     428
2019-02-12 20:06:11 INFO     429
2019-02-12 20:06:11 INFO     430
2019-02-12 20:06:11 INFO     431
2019-02-12 20:06:11 INFO     432
2019-02-12 20:06:12 INFO     433
2019-02-12 20:06:12 INFO     434
2019-02-12 20:06:12 INFO     435
2019-02-12 20:06:12 INFO     436
2019-02-12 20:06:12 INFO     437
2019-02-12 20:06:12 INFO     438
2019-02-12 20:06:12 INFO     439
2019-02-12 20:06:12 INFO     440
2019-02-12 20:06:12 INFO     441
2019-02-12 20:06:12 INFO     442
2019-02-12 20:06:13 INFO     443
2019-02-12 20:06:13 INFO     444
2019-02-12 20:06:13 INFO     445
2019-02-12 20:06:13 INFO     446
2019-02-12 20:06:13 INFO     447
2019-02-12 20:06:13 INFO     448
2019-02-12 20:06:13 INFO     449
2019-02-12 20:06:13 INFO     450
2019-02-12 20:06:13 INFO     451
2019-02-12 20:06:13 INFO     452
2019-02-12 20:06:13 INFO     453
2019-02-12 20:06:13 INFO     454
2019-02-12 20:06:14 INFO     455
2019-02-12 20:06:14 INFO     456
2019-02-12 20:06:14 INFO     457
2019-02-12 20:06:14 INFO     458
2019-02-12 20:06:14 INFO     459
2019-02-12 20:06:14 INFO     460
2019-02-12 20:06:14 INFO     461
2019-02-12 20:06:14 INFO     462
2019-02-12 20:06:14 INFO     463
2019-02-12 20:06:14 INFO     464
2019-02-12 20:06:14 INFO     465
2019-02-12 20:06:15 INFO     466
2019-02-12 20:06:15 INFO     467
2019-02-12 20:06:15 INFO     468
2019-02-12 20:06:15 INFO     469
2019-02-12 20:06:15 INFO     470
2019-02-12 20:06:15 INFO     471
2019-02-12 20:06:15 INFO     472
2019-02-12 20:06:15 INFO     473
2019-02-12 20:06:15 INFO     474
2019-02-12 20:06:15 INFO     475
2019-02-12 20:06:15 INFO     476
2019-02-12 20:06:15 INFO     477
2019-02-12 20:06:16 INFO     478
2019-02-12 20:06:16 INFO     479
2019-02-12 20:06:16 INFO     480
2019-02-12 20:06:16 INFO     481
2019-02-12 20:06:16 INFO     482
2019-02-12 20:06:16 INFO     483
2019-02-12 20:06:16 INFO     484
2019-02-12 20:06:16 INFO     485
2019-02-12 20:06:16 INFO     486
2019-02-12 20:06:16 INFO     487
2019-02-12 20:06:16 INFO     488
2019-02-12 20:06:17 INFO     489
2019-02-12 20:06:17 INFO     490
2019-02-12 20:06:17 INFO     491
2019-02-12 20:06:17 INFO     492
2019-02-12 20:06:17 INFO     493
2019-02-12 20:06:17 INFO     494
2019-02-12 20:06:17 INFO     495
2019-02-12 20:06:17 INFO     496
2019-02-12 20:06:18 INFO     497
2019-02-12 20:06:18 INFO     498
2019-02-12 20:06:18 INFO     499
2019-02-12 20:06:18 INFO     500
2019-02-12 20:06:18 INFO     501
2019-02-12 20:06:18 INFO     502
2019-02-12 20:06:18 INFO     503
2019-02-12 20:06:18 INFO     504
2019-02-12 20:06:19 INFO     505
2019-02-12 20:06:19 INFO     506
2019-02-12 20:06:19 INFO     507
2019-02-12 20:06:19 INFO     508
2019-02-12 20:06:19 INFO     509
2019-02-12 20:06:19 INFO     510
2019-02-12 20:06:19 INFO     511
2019-02-12 20:06:19 INFO     512
2019-02-12 20:06:20 INFO     513
2019-02-12 20:06:20 INFO     514
2019-02-12 20:06:20 INFO     515
2019-02-12 20:06:20 INFO     516
2019-02-12 20:06:20 INFO     517
2019-02-12 20:06:20 INFO     518
2019-02-12 20:06:20 INFO     519
2019-02-12 20:06:20 INFO     520
2019-02-12 20:06:21 INFO     521
2019-02-12 20:06:21 INFO     522
2019-02-12 20:06:21 INFO     523
2019-02-12 20:06:21 INFO     524
2019-02-12 20:06:21 INFO     525
2019-02-12 20:06:21 INFO     526
2019-02-12 20:06:21 INFO     527
2019-02-12 20:06:21 INFO     528
2019-02-12 20:06:22 INFO     529
2019-02-12 20:06:22 INFO     530
2019-02-12 20:06:22 INFO     531
2019-02-12 20:06:22 INFO     532
2019-02-12 20:06:22 INFO     533
2019-02-12 20:06:22 INFO     534
2019-02-12 20:06:22 INFO     535
2019-02-12 20:06:22 INFO     536
2019-02-12 20:06:23 INFO     537
2019-02-12 20:06:23 INFO     538
2019-02-12 20:06:23 INFO     539
2019-02-12 20:06:23 INFO     540
2019-02-12 20:06:23 INFO     541
2019-02-12 20:06:23 INFO     542
2019-02-12 20:06:23 INFO     543
2019-02-12 20:06:23 INFO     544
2019-02-12 20:06:24 INFO     545
2019-02-12 20:06:24 INFO     546
2019-02-12 20:06:24 INFO     547
2019-02-12 20:06:24 INFO     548
2019-02-12 20:06:24 INFO     549
2019-02-12 20:06:24 INFO     550
2019-02-12 20:06:24 INFO     551
2019-02-12 20:06:24 INFO     552
2019-02-12 20:06:25 INFO     553
2019-02-12 20:06:25 INFO     554
2019-02-12 20:06:25 INFO     555
2019-02-12 20:06:25 INFO     556
2019-02-12 20:06:25 INFO     557
2019-02-12 20:06:25 INFO     558
2019-02-12 20:06:25 INFO     559
2019-02-12 20:06:25 INFO     560
2019-02-12 20:06:26 INFO     561
2019-02-12 20:06:26 INFO     562
2019-02-12 20:06:26 INFO     563
2019-02-12 20:06:26 INFO     564
2019-02-12 20:06:26 INFO     565
2019-02-12 20:06:26 INFO     566
2019-02-12 20:06:26 INFO     567
2019-02-12 20:06:26 INFO     568
2019-02-12 20:06:26 INFO     569
2019-02-12 20:06:26 INFO     570
2019-02-12 20:06:26 INFO     571
2019-02-12 20:06:26 INFO     572
2019-02-12 20:06:27 INFO     573
2019-02-12 20:06:27 INFO     574
2019-02-12 20:06:27 INFO     575
2019-02-12 20:06:27 INFO     576
2019-02-12 20:06:27 INFO     577
2019-02-12 20:06:27 INFO     578
2019-02-12 20:06:27 INFO     579
2019-02-12 20:06:27 INFO     580
2019-02-12 20:06:27 INFO     581
2019-02-12 20:06:27 INFO     582
2019-02-12 20:06:27 INFO     583
2019-02-12 20:06:27 INFO     584
2019-02-12 20:06:28 INFO     585
2019-02-12 20:06:28 INFO     586
2019-02-12 20:06:28 INFO     587
2019-02-12 20:06:28 INFO     588
2019-02-12 20:06:28 INFO     589
2019-02-12 20:06:28 INFO     590
2019-02-12 20:06:28 INFO     591
2019-02-12 20:06:28 INFO     592
2019-02-12 20:06:28 INFO     593
2019-02-12 20:06:28 INFO     594
2019-02-12 20:06:29 INFO     595
2019-02-12 20:06:29 INFO     596
2019-02-12 20:06:29 INFO     597
2019-02-12 20:06:29 INFO     598
2019-02-12 20:06:29 INFO     599
2019-02-12 20:06:29 INFO     600
2019-02-12 20:06:29 INFO     601
2019-02-12 20:06:29 INFO     602
2019-02-12 20:06:29 INFO     603
2019-02-12 20:06:29 INFO     604
2019-02-12 20:06:29 INFO     605
2019-02-12 20:06:29 INFO     606
2019-02-12 20:06:30 INFO     607
2019-02-12 20:06:30 INFO     608
2019-02-12 20:06:30 INFO     609
2019-02-12 20:06:30 INFO     610
2019-02-12 20:06:30 INFO     611
2019-02-12 20:06:30 INFO     612
2019-02-12 20:06:30 INFO     613
2019-02-12 20:06:30 INFO     614
2019-02-12 20:06:31 INFO     615
2019-02-12 20:06:31 INFO     616
2019-02-12 20:06:31 INFO     617
2019-02-12 20:06:31 INFO     618
2019-02-12 20:06:31 INFO     619
2019-02-12 20:06:31 INFO     620
2019-02-12 20:06:31 INFO     621
2019-02-12 20:06:31 INFO     622
2019-02-12 20:06:32 INFO     623
2019-02-12 20:06:32 INFO     624
2019-02-12 20:06:32 INFO     625
2019-02-12 20:06:32 INFO     626
2019-02-12 20:06:32 INFO     627
2019-02-12 20:06:32 INFO     628
2019-02-12 20:06:32 INFO     629
2019-02-12 20:06:32 INFO     630
2019-02-12 20:06:33 INFO     631
2019-02-12 20:06:33 INFO     632
2019-02-12 20:06:33 INFO     633
2019-02-12 20:06:33 INFO     634
2019-02-12 20:06:33 INFO     635
2019-02-12 20:06:33 INFO     636
2019-02-12 20:06:33 INFO     637
2019-02-12 20:06:33 INFO     638
2019-02-12 20:06:34 INFO     639
2019-02-12 20:06:34 INFO     640
2019-02-12 20:06:34 INFO     641
2019-02-12 20:06:34 INFO     642
2019-02-12 20:06:34 INFO     643
2019-02-12 20:06:34 INFO     644
2019-02-12 20:06:34 INFO     645
2019-02-12 20:06:34 INFO     646
2019-02-12 20:06:35 INFO     647
2019-02-12 20:06:35 INFO     648
2019-02-12 20:06:35 INFO     649
2019-02-12 20:06:35 INFO     650
2019-02-12 20:06:35 INFO     651
2019-02-12 20:06:35 INFO     652
2019-02-12 20:06:35 INFO     653
2019-02-12 20:06:35 INFO     654
2019-02-12 20:06:36 INFO     655
2019-02-12 20:06:36 INFO     656
2019-02-12 20:06:36 INFO     657
2019-02-12 20:06:36 INFO     658
2019-02-12 20:06:36 INFO     659
2019-02-12 20:06:36 INFO     660
2019-02-12 20:06:36 INFO     661
2019-02-12 20:06:36 INFO     662
2019-02-12 20:06:37 INFO     663
2019-02-12 20:06:37 INFO     664
2019-02-12 20:06:37 INFO     665
2019-02-12 20:06:37 INFO     666
2019-02-12 20:06:37 INFO     667
2019-02-12 20:06:37 INFO     668
2019-02-12 20:06:37 INFO     669
2019-02-12 20:06:37 INFO     670
2019-02-12 20:06:37 INFO     671
2019-02-12 20:06:38 INFO     672
2019-02-12 20:06:38 INFO     673
2019-02-12 20:06:38 INFO     674
2019-02-12 20:06:38 INFO     675
2019-02-12 20:06:38 INFO     676
2019-02-12 20:06:38 INFO     677
2019-02-12 20:06:38 INFO     678
2019-02-12 20:06:38 INFO     679
2019-02-12 20:06:39 INFO     680
2019-02-12 20:06:39 INFO     681
2019-02-12 20:06:39 INFO     682
2019-02-12 20:06:39 INFO     683
2019-02-12 20:06:39 INFO     684
2019-02-12 20:06:39 INFO     685
2019-02-12 20:06:39 INFO     686
2019-02-12 20:06:39 INFO     687
2019-02-12 20:06:40 INFO     688
2019-02-12 20:06:40 INFO     689
2019-02-12 20:06:40 INFO     690
2019-02-12 20:06:40 INFO     691
2019-02-12 20:06:40 INFO     692
2019-02-12 20:06:40 INFO     693
2019-02-12 20:06:40 INFO     694
2019-02-12 20:06:40 INFO     695
2019-02-12 20:06:40 INFO     696
2019-02-12 20:06:40 INFO     697
2019-02-12 20:06:41 INFO     698
2019-02-12 20:06:41 INFO     699
2019-02-12 20:06:41 INFO     700
2019-02-12 20:06:41 INFO     701
2019-02-12 20:06:41 INFO     702
2019-02-12 20:06:41 INFO     703
2019-02-12 20:06:41 INFO     704
2019-02-12 20:06:41 INFO     705
2019-02-12 20:06:41 INFO     706
2019-02-12 20:06:41 INFO     707
2019-02-12 20:06:41 INFO     708
2019-02-12 20:06:41 INFO     709
2019-02-12 20:06:42 INFO     710
2019-02-12 20:06:42 INFO     711
2019-02-12 20:06:42 INFO     712
2019-02-12 20:06:42 INFO     713
2019-02-12 20:06:42 INFO     714
2019-02-12 20:06:42 INFO     715
2019-02-12 20:06:42 INFO     716
2019-02-12 20:06:42 INFO     717
2019-02-12 20:06:42 INFO     718
2019-02-12 20:06:42 INFO     719
2019-02-12 20:06:42 INFO     720
2019-02-12 20:06:42 INFO     721
2019-02-12 20:06:43 INFO     722
2019-02-12 20:06:43 INFO     723
2019-02-12 20:06:43 INFO     724
2019-02-12 20:06:43 INFO     725
2019-02-12 20:06:43 INFO     726
2019-02-12 20:06:43 INFO     727
2019-02-12 20:06:43 INFO     728
2019-02-12 20:06:43 INFO     729
2019-02-12 20:06:43 INFO     730
2019-02-12 20:06:43 INFO     731
2019-02-12 20:06:44 INFO     732
2019-02-12 20:06:44 INFO     733
2019-02-12 20:06:44 INFO     734
2019-02-12 20:06:44 INFO     735
2019-02-12 20:06:44 INFO     736
2019-02-12 20:06:44 INFO     737
2019-02-12 20:06:44 INFO     738
2019-02-12 20:06:44 INFO     739
2019-02-12 20:06:45 INFO     740
2019-02-12 20:06:45 INFO     741
2019-02-12 20:06:45 INFO     742
2019-02-12 20:06:45 INFO     743
2019-02-12 20:06:45 INFO     744
2019-02-12 20:06:45 INFO     745
2019-02-12 20:06:45 INFO     746
2019-02-12 20:06:45 INFO     747
2019-02-12 20:06:46 INFO     748
2019-02-12 20:06:46 INFO     749
2019-02-12 20:06:46 INFO     750
2019-02-12 20:06:46 INFO     751
2019-02-12 20:06:46 INFO     752
2019-02-12 20:06:46 INFO     753
2019-02-12 20:06:46 INFO     754
2019-02-12 20:06:46 INFO     755
2019-02-12 20:06:47 INFO     756
2019-02-12 20:06:47 INFO     757
2019-02-12 20:06:47 INFO     758
2019-02-12 20:06:47 INFO     759
2019-02-12 20:06:47 INFO     760
2019-02-12 20:06:47 INFO     761
2019-02-12 20:06:47 INFO     762
2019-02-12 20:06:47 INFO     763
2019-02-12 20:06:48 INFO     764
2019-02-12 20:06:48 INFO     765
2019-02-12 20:06:48 INFO     766
2019-02-12 20:06:48 INFO     767
2019-02-12 20:06:48 INFO     768
2019-02-12 20:06:48 INFO     769
2019-02-12 20:06:48 INFO     770
2019-02-12 20:06:48 INFO     771
2019-02-12 20:06:49 INFO     772
2019-02-12 20:06:49 INFO     773
2019-02-12 20:06:49 INFO     774
2019-02-12 20:06:49 INFO     775
2019-02-12 20:06:49 INFO     776
2019-02-12 20:06:49 INFO     777
2019-02-12 20:06:49 INFO     778
2019-02-12 20:06:49 INFO     779
2019-02-12 20:06:50 INFO     780
2019-02-12 20:06:50 INFO     781
2019-02-12 20:06:50 INFO     782
2019-02-12 20:06:50 INFO     783
2019-02-12 20:06:50 INFO     784
2019-02-12 20:06:50 INFO     785
2019-02-12 20:06:50 INFO     786
2019-02-12 20:06:50 INFO     787
2019-02-12 20:06:51 INFO     788
2019-02-12 20:06:51 INFO     789
2019-02-12 20:06:51 INFO     790
2019-02-12 20:06:51 INFO     791
2019-02-12 20:06:51 INFO     792
2019-02-12 20:06:51 INFO     793
2019-02-12 20:06:51 INFO     794
2019-02-12 20:06:51 INFO     795
2019-02-12 20:06:52 INFO     796
2019-02-12 20:06:52 INFO     797
2019-02-12 20:06:52 INFO     798
2019-02-12 20:06:52 INFO     799
2019-02-12 20:06:52 INFO     800
2019-02-12 20:06:52 INFO     801
2019-02-12 20:06:52 INFO     802
2019-02-12 20:06:52 INFO     803
2019-02-12 20:06:52 INFO     804
2019-02-12 20:06:52 INFO     805
2019-02-12 20:06:53 INFO     806
2019-02-12 20:06:53 INFO     807
2019-02-12 20:06:53 INFO     808
2019-02-12 20:06:53 INFO     809
2019-02-12 20:06:53 INFO     810
2019-02-12 20:06:53 INFO     811
2019-02-12 20:06:53 INFO     812
2019-02-12 20:06:53 INFO     813
2019-02-12 20:06:53 INFO     814
2019-02-12 20:06:53 INFO     815
2019-02-12 20:06:53 INFO     816
2019-02-12 20:06:54 INFO     817
2019-02-12 20:06:54 INFO     818
2019-02-12 20:06:54 INFO     819
2019-02-12 20:06:54 INFO     820
2019-02-12 20:06:54 INFO     821
2019-02-12 20:06:54 INFO     822
2019-02-12 20:06:54 INFO     823
2019-02-12 20:06:54 INFO     824
2019-02-12 20:06:54 INFO     825
2019-02-12 20:06:54 INFO     826
2019-02-12 20:06:54 INFO     827
2019-02-12 20:06:54 INFO     828
2019-02-12 20:06:55 INFO     829
2019-02-12 20:06:55 INFO     830
2019-02-12 20:06:55 INFO     831
2019-02-12 20:06:55 INFO     832
2019-02-12 20:06:55 INFO     833
2019-02-12 20:06:55 INFO     834
2019-02-12 20:06:55 INFO     835
2019-02-12 20:06:55 INFO     836
2019-02-12 20:06:55 INFO     837
2019-02-12 20:06:55 INFO     838
2019-02-12 20:06:55 INFO     839
2019-02-12 20:06:56 INFO     840
2019-02-12 20:06:56 INFO     841
2019-02-12 20:06:56 INFO     842
2019-02-12 20:06:56 INFO     843
2019-02-12 20:06:56 INFO     844
2019-02-12 20:06:56 INFO     845
2019-02-12 20:06:56 INFO     846
2019-02-12 20:06:56 INFO     847
2019-02-12 20:06:56 INFO     848
2019-02-12 20:06:56 INFO     849
2019-02-12 20:06:56 INFO     850
2019-02-12 20:06:56 INFO     851
2019-02-12 20:06:57 INFO     852
2019-02-12 20:06:57 INFO     853
2019-02-12 20:06:57 INFO     854
2019-02-12 20:06:57 INFO     855
2019-02-12 20:06:57 INFO     856
2019-02-12 20:06:57 INFO     857
2019-02-12 20:06:57 INFO     858
2019-02-12 20:06:57 INFO     859
2019-02-12 20:06:57 INFO     860
2019-02-12 20:06:57 INFO     861
2019-02-12 20:06:57 INFO     862
2019-02-12 20:06:57 INFO     863
2019-02-12 20:06:58 INFO     864
2019-02-12 20:06:58 INFO     865
2019-02-12 20:06:58 INFO     866
2019-02-12 20:06:58 INFO     867
2019-02-12 20:06:58 INFO     868
2019-02-12 20:06:58 INFO     869
2019-02-12 20:06:58 INFO     870
2019-02-12 20:06:58 INFO     871
2019-02-12 20:06:58 INFO     872
2019-02-12 20:06:58 INFO     873
2019-02-12 20:06:58 INFO     874
2019-02-12 20:06:59 INFO     875
2019-02-12 20:06:59 INFO     876
2019-02-12 20:06:59 INFO     877
2019-02-12 20:06:59 INFO     878
2019-02-12 20:06:59 INFO     879
2019-02-12 20:06:59 INFO     880
2019-02-12 20:06:59 INFO     881
2019-02-12 20:06:59 INFO     882
2019-02-12 20:06:59 INFO     883
2019-02-12 20:07:00 INFO     884
2019-02-12 20:07:00 INFO     885
2019-02-12 20:07:00 INFO     886
2019-02-12 20:07:00 INFO     887
2019-02-12 20:07:00 INFO     888
2019-02-12 20:07:00 INFO     889
2019-02-12 20:07:00 INFO     890
2019-02-12 20:07:00 INFO     891
2019-02-12 20:07:01 INFO     892
2019-02-12 20:07:01 INFO     893
2019-02-12 20:07:01 INFO     894
2019-02-12 20:07:01 INFO     895
2019-02-12 20:07:01 INFO     896
2019-02-12 20:07:01 INFO     897
2019-02-12 20:07:01 INFO     898
2019-02-12 20:07:01 INFO     899
2019-02-12 20:07:01 INFO     900
2019-02-12 20:07:02 INFO     901
2019-02-12 20:07:02 INFO     902
2019-02-12 20:07:02 INFO     903
2019-02-12 20:07:02 INFO     904
2019-02-12 20:07:02 INFO     905
2019-02-12 20:07:02 INFO     906
2019-02-12 20:07:02 INFO     907
2019-02-12 20:07:02 INFO     908
2019-02-12 20:07:03 INFO     909
2019-02-12 20:07:03 INFO     910
2019-02-12 20:07:03 INFO     911
2019-02-12 20:07:03 INFO     912
2019-02-12 20:07:03 INFO     913
2019-02-12 20:07:03 INFO     914
2019-02-12 20:07:03 INFO     915
2019-02-12 20:07:03 INFO     916
2019-02-12 20:07:04 INFO     917
2019-02-12 20:07:04 INFO     918
2019-02-12 20:07:04 INFO     919
2019-02-12 20:07:04 INFO     920
2019-02-12 20:07:04 INFO     921
2019-02-12 20:07:04 INFO     922
2019-02-12 20:07:04 INFO     923
2019-02-12 20:07:04 INFO     924
2019-02-12 20:07:05 INFO     925
2019-02-12 20:07:05 INFO     926
2019-02-12 20:07:05 INFO     927
2019-02-12 20:07:05 INFO     928
2019-02-12 20:07:05 INFO     929
2019-02-12 20:07:05 INFO     930
2019-02-12 20:07:05 INFO     931
2019-02-12 20:07:05 INFO     932
2019-02-12 20:07:05 INFO     933
2019-02-12 20:07:06 INFO     934
2019-02-12 20:07:06 INFO     935
2019-02-12 20:07:06 INFO     936
2019-02-12 20:07:06 INFO     937
2019-02-12 20:07:06 INFO     938
2019-02-12 20:07:06 INFO     939
2019-02-12 20:07:06 INFO     940
2019-02-12 20:07:06 INFO     941
2019-02-12 20:07:07 INFO     942
2019-02-12 20:07:07 INFO     943
2019-02-12 20:07:07 INFO     944
2019-02-12 20:07:07 INFO     945
2019-02-12 20:07:07 INFO     946
2019-02-12 20:07:07 INFO     947
2019-02-12 20:07:07 INFO     948
2019-02-12 20:07:07 INFO     949
2019-02-12 20:07:08 INFO     950
2019-02-12 20:07:08 INFO     951
2019-02-12 20:07:08 INFO     952
2019-02-12 20:07:08 INFO     953
2019-02-12 20:07:08 INFO     954
2019-02-12 20:07:08 INFO     955
2019-02-12 20:07:08 INFO     956
2019-02-12 20:07:08 INFO     957
2019-02-12 20:07:08 INFO     958
2019-02-12 20:07:09 INFO     959
2019-02-12 20:07:09 INFO     960
2019-02-12 20:07:09 INFO     961
2019-02-12 20:07:09 INFO     962
2019-02-12 20:07:09 INFO     963
2019-02-12 20:07:09 INFO     964
2019-02-12 20:07:09 INFO     965
2019-02-12 20:07:09 INFO     966
2019-02-12 20:07:10 INFO     967
2019-02-12 20:07:10 INFO     968
2019-02-12 20:07:10 INFO     969
2019-02-12 20:07:10 INFO     970
2019-02-12 20:07:10 INFO     971
2019-02-12 20:07:10 INFO     972
2019-02-12 20:07:10 INFO     973
2019-02-12 20:07:10 INFO     974
2019-02-12 20:07:11 INFO     975
2019-02-12 20:07:11 INFO     976
2019-02-12 20:07:11 INFO     977
2019-02-12 20:07:11 INFO     978
2019-02-12 20:07:11 INFO     979
2019-02-12 20:07:11 INFO     980
2019-02-12 20:07:11 INFO     981
2019-02-12 20:07:11 INFO     982
2019-02-12 20:07:11 INFO     983
2019-02-12 20:07:12 INFO     984
2019-02-12 20:07:12 INFO     985
2019-02-12 20:07:12 INFO     986
2019-02-12 20:07:12 INFO     987
2019-02-12 20:07:12 INFO     988
2019-02-12 20:07:12 INFO     989
2019-02-12 20:07:12 INFO     990
2019-02-12 20:07:12 INFO     991
2019-02-12 20:07:13 INFO     992
2019-02-12 20:07:13 INFO     993
2019-02-12 20:07:13 INFO     994
2019-02-12 20:07:13 INFO     995
2019-02-12 20:07:13 INFO     996
2019-02-12 20:07:13 INFO     997
2019-02-12 20:07:13 INFO     998
2019-02-12 20:07:13 INFO     999
2019-02-12 20:07:13 INFO     1000
2019-02-12 20:07:13 INFO     1001
2019-02-12 20:07:13 INFO     1002
2019-02-12 20:07:13 INFO     1003
2019-02-12 20:07:14 INFO     1004
2019-02-12 20:07:14 INFO     1005
2019-02-12 20:07:14 INFO     1006
2019-02-12 20:07:14 INFO     1007
2019-02-12 20:07:14 INFO     1008
2019-02-12 20:07:14 INFO     1009
2019-02-12 20:07:14 INFO     1010
2019-02-12 20:07:14 INFO     1011
2019-02-12 20:07:14 INFO     1012
2019-02-12 20:07:14 INFO     1013
2019-02-12 20:07:14 INFO     1014
2019-02-12 20:07:14 INFO     1015
2019-02-12 20:07:15 INFO     1016
2019-02-12 20:07:15 INFO     1017
2019-02-12 20:07:15 INFO     1018
2019-02-12 20:07:15 INFO     1019
2019-02-12 20:07:15 INFO     1020
2019-02-12 20:07:15 INFO     1021
2019-02-12 20:07:15 INFO     1022
2019-02-12 20:07:15 INFO     1023
