2019-02-12 20:09:33 INFO     call with args: 
Namespace(bandwidth=30, batchsize=1, demo=True, output_file='s2_mnist.gz', test_file_path='../mnistPC/test.hdf5', train_file_path='../mnistPC/train.hdf5')
2019-02-12 20:09:33 INFO     getting MNIST data
2019-02-12 20:09:33 INFO     finish loading MNIST data and basic configuration
2019-02-12 20:09:33 WARNING  haven't loaded test data set
2019-02-12 20:09:33 WARNING  also, haven't split the validation set
2019-02-12 20:09:33 INFO     0
2019-02-12 20:09:33 INFO     1
2019-02-12 20:09:33 INFO     2
2019-02-12 20:09:34 INFO     3
2019-02-12 20:09:34 INFO     4
2019-02-12 20:09:34 INFO     5
2019-02-12 20:09:34 INFO     6
2019-02-12 20:09:34 INFO     7
2019-02-12 20:09:34 INFO     8
2019-02-12 20:09:34 INFO     9
2019-02-12 20:09:34 INFO     10
2019-02-12 20:09:34 INFO     11
2019-02-12 20:09:34 INFO     12
2019-02-12 20:09:34 INFO     13
2019-02-12 20:09:34 INFO     14
2019-02-12 20:09:34 INFO     15
2019-02-12 20:09:34 INFO     16
2019-02-12 20:09:34 INFO     17
2019-02-12 20:09:35 INFO     18
2019-02-12 20:09:35 INFO     19
2019-02-12 20:09:35 INFO     20
2019-02-12 20:09:35 INFO     21
2019-02-12 20:09:35 INFO     22
2019-02-12 20:09:35 INFO     23
2019-02-12 20:09:35 INFO     24
2019-02-12 20:09:35 INFO     25
2019-02-12 20:09:35 INFO     26
2019-02-12 20:09:35 INFO     27
2019-02-12 20:09:35 INFO     28
2019-02-12 20:09:35 INFO     29
2019-02-12 20:09:35 INFO     30
2019-02-12 20:09:35 INFO     31
2019-02-12 20:09:35 INFO     32
2019-02-12 20:09:36 INFO     33
2019-02-12 20:09:36 INFO     34
2019-02-12 20:09:36 INFO     35
2019-02-12 20:09:36 INFO     36
2019-02-12 20:09:36 INFO     37
2019-02-12 20:09:36 INFO     38
2019-02-12 20:09:36 INFO     39
2019-02-12 20:09:36 INFO     40
2019-02-12 20:09:36 INFO     41
2019-02-12 20:09:36 INFO     42
2019-02-12 20:09:36 INFO     43
2019-02-12 20:09:36 INFO     44
2019-02-12 20:09:36 INFO     45
2019-02-12 20:09:36 INFO     46
2019-02-12 20:09:36 INFO     47
2019-02-12 20:09:37 INFO     48
2019-02-12 20:09:37 INFO     49
2019-02-12 20:09:37 INFO     50
2019-02-12 20:09:37 INFO     51
2019-02-12 20:09:37 INFO     52
2019-02-12 20:09:37 INFO     53
2019-02-12 20:09:37 INFO     54
2019-02-12 20:09:37 INFO     55
2019-02-12 20:09:37 INFO     56
2019-02-12 20:09:37 INFO     57
2019-02-12 20:09:37 INFO     58
2019-02-12 20:09:37 INFO     59
2019-02-12 20:09:37 INFO     60
2019-02-12 20:09:37 INFO     61
2019-02-12 20:09:37 INFO     62
2019-02-12 20:09:38 INFO     63
2019-02-12 20:09:38 INFO     64
2019-02-12 20:09:38 INFO     65
2019-02-12 20:09:38 INFO     66
2019-02-12 20:09:38 INFO     67
2019-02-12 20:09:38 INFO     68
2019-02-12 20:09:38 INFO     69
2019-02-12 20:09:38 INFO     70
2019-02-12 20:09:38 INFO     71
2019-02-12 20:09:38 INFO     72
2019-02-12 20:09:38 INFO     73
2019-02-12 20:09:38 INFO     74
2019-02-12 20:09:38 INFO     75
2019-02-12 20:09:38 INFO     76
2019-02-12 20:09:39 INFO     77
2019-02-12 20:09:39 INFO     78
2019-02-12 20:09:39 INFO     79
2019-02-12 20:09:39 INFO     80
2019-02-12 20:09:39 INFO     81
2019-02-12 20:09:39 INFO     82
2019-02-12 20:09:39 INFO     83
2019-02-12 20:09:39 INFO     84
2019-02-12 20:09:39 INFO     85
2019-02-12 20:09:39 INFO     86
2019-02-12 20:09:39 INFO     87
2019-02-12 20:09:39 INFO     88
2019-02-12 20:09:39 INFO     89
2019-02-12 20:09:39 INFO     90
2019-02-12 20:09:40 INFO     91
2019-02-12 20:09:40 INFO     92
2019-02-12 20:09:40 INFO     93
2019-02-12 20:09:40 INFO     94
2019-02-12 20:09:40 INFO     95
2019-02-12 20:09:40 INFO     96
2019-02-12 20:09:40 INFO     97
2019-02-12 20:09:40 INFO     98
2019-02-12 20:09:40 INFO     99
2019-02-12 20:09:40 INFO     100
2019-02-12 20:09:40 INFO     101
2019-02-12 20:09:40 INFO     102
2019-02-12 20:09:40 INFO     103
2019-02-12 20:09:40 INFO     104
2019-02-12 20:09:40 INFO     105
2019-02-12 20:09:41 INFO     106
2019-02-12 20:09:41 INFO     107
2019-02-12 20:09:41 INFO     108
2019-02-12 20:09:41 INFO     109
2019-02-12 20:09:41 INFO     110
2019-02-12 20:09:41 INFO     111
2019-02-12 20:09:41 INFO     112
2019-02-12 20:09:41 INFO     113
2019-02-12 20:09:41 INFO     114
2019-02-12 20:09:41 INFO     115
2019-02-12 20:09:41 INFO     116
2019-02-12 20:09:41 INFO     117
2019-02-12 20:09:41 INFO     118
2019-02-12 20:09:41 INFO     119
2019-02-12 20:09:41 INFO     120
2019-02-12 20:09:41 INFO     121
2019-02-12 20:09:41 INFO     122
2019-02-12 20:09:41 INFO     123
2019-02-12 20:09:41 INFO     124
2019-02-12 20:09:41 INFO     125
2019-02-12 20:09:41 INFO     126
2019-02-12 20:09:41 INFO     127
2019-02-12 20:09:41 INFO     128
2019-02-12 20:09:41 INFO     129
2019-02-12 20:09:42 INFO     130
2019-02-12 20:09:42 INFO     131
2019-02-12 20:09:42 INFO     132
2019-02-12 20:09:42 INFO     133
2019-02-12 20:09:42 INFO     134
2019-02-12 20:09:42 INFO     135
2019-02-12 20:09:42 INFO     136
2019-02-12 20:09:42 INFO     137
2019-02-12 20:09:42 INFO     138
2019-02-12 20:09:42 INFO     139
2019-02-12 20:09:42 INFO     140
2019-02-12 20:09:42 INFO     141
2019-02-12 20:09:42 INFO     142
2019-02-12 20:09:42 INFO     143
2019-02-12 20:09:42 INFO     144
2019-02-12 20:09:42 INFO     145
2019-02-12 20:09:42 INFO     146
2019-02-12 20:09:42 INFO     147
2019-02-12 20:09:42 INFO     148
2019-02-12 20:09:42 INFO     149
2019-02-12 20:09:42 INFO     150
2019-02-12 20:09:42 INFO     151
2019-02-12 20:09:42 INFO     152
2019-02-12 20:09:43 INFO     153
2019-02-12 20:09:43 INFO     154
2019-02-12 20:09:43 INFO     155
2019-02-12 20:09:43 INFO     156
2019-02-12 20:09:43 INFO     157
2019-02-12 20:09:43 INFO     158
2019-02-12 20:09:43 INFO     159
2019-02-12 20:09:43 INFO     160
2019-02-12 20:09:43 INFO     161
2019-02-12 20:09:43 INFO     162
2019-02-12 20:09:43 INFO     163
2019-02-12 20:09:43 INFO     164
2019-02-12 20:09:43 INFO     165
2019-02-12 20:09:43 INFO     166
2019-02-12 20:09:43 INFO     167
2019-02-12 20:09:43 INFO     168
2019-02-12 20:09:43 INFO     169
2019-02-12 20:09:43 INFO     170
2019-02-12 20:09:43 INFO     171
2019-02-12 20:09:43 INFO     172
2019-02-12 20:09:43 INFO     173
2019-02-12 20:09:43 INFO     174
2019-02-12 20:09:43 INFO     175
2019-02-12 20:09:43 INFO     176
2019-02-12 20:09:44 INFO     177
2019-02-12 20:09:44 INFO     178
2019-02-12 20:09:44 INFO     179
2019-02-12 20:09:44 INFO     180
2019-02-12 20:09:44 INFO     181
2019-02-12 20:09:44 INFO     182
2019-02-12 20:09:44 INFO     183
2019-02-12 20:09:44 INFO     184
2019-02-12 20:09:44 INFO     185
2019-02-12 20:09:44 INFO     186
2019-02-12 20:09:44 INFO     187
2019-02-12 20:09:44 INFO     188
2019-02-12 20:09:44 INFO     189
2019-02-12 20:09:44 INFO     190
2019-02-12 20:09:44 INFO     191
2019-02-12 20:09:44 INFO     192
2019-02-12 20:09:44 INFO     193
2019-02-12 20:09:44 INFO     194
2019-02-12 20:09:44 INFO     195
2019-02-12 20:09:44 INFO     196
2019-02-12 20:09:44 INFO     197
2019-02-12 20:09:44 INFO     198
2019-02-12 20:09:44 INFO     199
2019-02-12 20:09:44 INFO     200
2019-02-12 20:09:44 INFO     201
2019-02-12 20:09:44 INFO     202
2019-02-12 20:09:44 INFO     203
2019-02-12 20:09:45 INFO     204
2019-02-12 20:09:45 INFO     205
2019-02-12 20:09:45 INFO     206
2019-02-12 20:09:45 INFO     207
2019-02-12 20:09:45 INFO     208
2019-02-12 20:09:45 INFO     209
2019-02-12 20:09:45 INFO     210
2019-02-12 20:09:45 INFO     211
2019-02-12 20:09:45 INFO     212
2019-02-12 20:09:45 INFO     213
2019-02-12 20:09:45 INFO     214
2019-02-12 20:09:45 INFO     215
2019-02-12 20:09:45 INFO     216
2019-02-12 20:09:45 INFO     217
2019-02-12 20:09:45 INFO     218
2019-02-12 20:09:45 INFO     219
2019-02-12 20:09:45 INFO     220
2019-02-12 20:09:45 INFO     221
2019-02-12 20:09:45 INFO     222
2019-02-12 20:09:45 INFO     223
2019-02-12 20:09:45 INFO     224
2019-02-12 20:09:45 INFO     225
2019-02-12 20:09:45 INFO     226
2019-02-12 20:09:45 INFO     227
2019-02-12 20:09:45 INFO     228
2019-02-12 20:09:46 INFO     229
2019-02-12 20:09:46 INFO     230
2019-02-12 20:09:46 INFO     231
2019-02-12 20:09:46 INFO     232
2019-02-12 20:09:46 INFO     233
2019-02-12 20:09:46 INFO     234
2019-02-12 20:09:46 INFO     235
2019-02-12 20:09:46 INFO     236
2019-02-12 20:09:46 INFO     237
2019-02-12 20:09:46 INFO     238
2019-02-12 20:09:46 INFO     239
2019-02-12 20:09:46 INFO     240
2019-02-12 20:09:46 INFO     241
2019-02-12 20:09:46 INFO     242
2019-02-12 20:09:46 INFO     243
2019-02-12 20:09:46 INFO     244
2019-02-12 20:09:46 INFO     245
2019-02-12 20:09:46 INFO     246
2019-02-12 20:09:46 INFO     247
2019-02-12 20:09:46 INFO     248
2019-02-12 20:09:46 INFO     249
2019-02-12 20:09:46 INFO     250
2019-02-12 20:09:46 INFO     251
2019-02-12 20:09:46 INFO     252
2019-02-12 20:09:46 INFO     253
2019-02-12 20:09:46 INFO     254
2019-02-12 20:09:46 INFO     255
2019-02-12 20:09:47 INFO     256
2019-02-12 20:09:47 INFO     257
2019-02-12 20:09:47 INFO     258
2019-02-12 20:09:47 INFO     259
2019-02-12 20:09:47 INFO     260
2019-02-12 20:09:47 INFO     261
2019-02-12 20:09:47 INFO     262
2019-02-12 20:09:47 INFO     263
2019-02-12 20:09:47 INFO     264
2019-02-12 20:09:47 INFO     265
2019-02-12 20:09:47 INFO     266
2019-02-12 20:09:47 INFO     267
2019-02-12 20:09:47 INFO     268
2019-02-12 20:09:47 INFO     269
2019-02-12 20:09:47 INFO     270
2019-02-12 20:09:47 INFO     271
2019-02-12 20:09:47 INFO     272
2019-02-12 20:09:47 INFO     273
2019-02-12 20:09:47 INFO     274
2019-02-12 20:09:47 INFO     275
2019-02-12 20:09:47 INFO     276
2019-02-12 20:09:47 INFO     277
2019-02-12 20:09:47 INFO     278
2019-02-12 20:09:47 INFO     279
2019-02-12 20:09:47 INFO     280
2019-02-12 20:09:48 INFO     281
2019-02-12 20:09:48 INFO     282
2019-02-12 20:09:48 INFO     283
2019-02-12 20:09:48 INFO     284
2019-02-12 20:09:48 INFO     285
2019-02-12 20:09:48 INFO     286
2019-02-12 20:09:48 INFO     287
2019-02-12 20:09:48 INFO     288
2019-02-12 20:09:48 INFO     289
2019-02-12 20:09:48 INFO     290
2019-02-12 20:09:48 INFO     291
2019-02-12 20:09:48 INFO     292
2019-02-12 20:09:48 INFO     293
2019-02-12 20:09:48 INFO     294
2019-02-12 20:09:48 INFO     295
2019-02-12 20:09:48 INFO     296
2019-02-12 20:09:48 INFO     297
2019-02-12 20:09:48 INFO     298
2019-02-12 20:09:48 INFO     299
2019-02-12 20:09:48 INFO     300
2019-02-12 20:09:48 INFO     301
2019-02-12 20:09:48 INFO     302
2019-02-12 20:09:48 INFO     303
2019-02-12 20:09:48 INFO     304
2019-02-12 20:09:49 INFO     305
2019-02-12 20:09:49 INFO     306
2019-02-12 20:09:49 INFO     307
2019-02-12 20:09:49 INFO     308
2019-02-12 20:09:49 INFO     309
2019-02-12 20:09:49 INFO     310
2019-02-12 20:09:49 INFO     311
2019-02-12 20:09:49 INFO     312
2019-02-12 20:09:49 INFO     313
2019-02-12 20:09:49 INFO     314
2019-02-12 20:09:49 INFO     315
2019-02-12 20:09:49 INFO     316
2019-02-12 20:09:49 INFO     317
2019-02-12 20:09:49 INFO     318
2019-02-12 20:09:49 INFO     319
2019-02-12 20:09:49 INFO     320
2019-02-12 20:09:49 INFO     321
2019-02-12 20:09:49 INFO     322
2019-02-12 20:09:49 INFO     323
2019-02-12 20:09:49 INFO     324
2019-02-12 20:09:49 INFO     325
2019-02-12 20:09:49 INFO     326
2019-02-12 20:09:49 INFO     327
2019-02-12 20:09:49 INFO     328
2019-02-12 20:09:50 INFO     329
2019-02-12 20:09:50 INFO     330
2019-02-12 20:09:50 INFO     331
2019-02-12 20:09:50 INFO     332
2019-02-12 20:09:50 INFO     333
2019-02-12 20:09:50 INFO     334
2019-02-12 20:09:50 INFO     335
2019-02-12 20:09:50 INFO     336
2019-02-12 20:09:50 INFO     337
2019-02-12 20:09:50 INFO     338
2019-02-12 20:09:50 INFO     339
2019-02-12 20:09:50 INFO     340
2019-02-12 20:09:50 INFO     341
2019-02-12 20:09:50 INFO     342
2019-02-12 20:09:50 INFO     343
2019-02-12 20:09:50 INFO     344
2019-02-12 20:09:50 INFO     345
2019-02-12 20:09:50 INFO     346
2019-02-12 20:09:50 INFO     347
2019-02-12 20:09:50 INFO     348
2019-02-12 20:09:50 INFO     349
2019-02-12 20:09:50 INFO     350
2019-02-12 20:09:50 INFO     351
2019-02-12 20:09:50 INFO     352
2019-02-12 20:09:50 INFO     353
2019-02-12 20:09:50 INFO     354
2019-02-12 20:09:51 INFO     355
2019-02-12 20:09:51 INFO     356
2019-02-12 20:09:51 INFO     357
2019-02-12 20:09:51 INFO     358
2019-02-12 20:09:51 INFO     359
2019-02-12 20:09:51 INFO     360
2019-02-12 20:09:51 INFO     361
2019-02-12 20:09:51 INFO     362
2019-02-12 20:09:51 INFO     363
2019-02-12 20:09:51 INFO     364
2019-02-12 20:09:51 INFO     365
2019-02-12 20:09:51 INFO     366
2019-02-12 20:09:51 INFO     367
2019-02-12 20:09:51 INFO     368
2019-02-12 20:09:51 INFO     369
2019-02-12 20:09:51 INFO     370
2019-02-12 20:09:51 INFO     371
2019-02-12 20:09:51 INFO     372
2019-02-12 20:09:51 INFO     373
2019-02-12 20:09:51 INFO     374
2019-02-12 20:09:51 INFO     375
2019-02-12 20:09:51 INFO     376
2019-02-12 20:09:51 INFO     377
2019-02-12 20:09:51 INFO     378
2019-02-12 20:09:51 INFO     379
2019-02-12 20:09:51 INFO     380
2019-02-12 20:09:51 INFO     381
2019-02-12 20:09:52 INFO     382
2019-02-12 20:09:52 INFO     383
2019-02-12 20:09:52 INFO     384
2019-02-12 20:09:52 INFO     385
2019-02-12 20:09:52 INFO     386
2019-02-12 20:09:52 INFO     387
2019-02-12 20:09:52 INFO     388
2019-02-12 20:09:52 INFO     389
2019-02-12 20:09:52 INFO     390
2019-02-12 20:09:52 INFO     391
2019-02-12 20:09:52 INFO     392
2019-02-12 20:09:52 INFO     393
2019-02-12 20:09:52 INFO     394
2019-02-12 20:09:52 INFO     395
2019-02-12 20:09:52 INFO     396
2019-02-12 20:09:52 INFO     397
2019-02-12 20:09:52 INFO     398
2019-02-12 20:09:52 INFO     399
2019-02-12 20:09:52 INFO     400
2019-02-12 20:09:52 INFO     401
2019-02-12 20:09:52 INFO     402
2019-02-12 20:09:52 INFO     403
2019-02-12 20:09:52 INFO     404
2019-02-12 20:09:52 INFO     405
2019-02-12 20:09:52 INFO     406
2019-02-12 20:09:52 INFO     407
2019-02-12 20:09:52 INFO     408
2019-02-12 20:09:53 INFO     409
2019-02-12 20:09:53 INFO     410
2019-02-12 20:09:53 INFO     411
2019-02-12 20:09:53 INFO     412
2019-02-12 20:09:53 INFO     413
2019-02-12 20:09:53 INFO     414
2019-02-12 20:09:53 INFO     415
2019-02-12 20:09:53 INFO     416
2019-02-12 20:09:53 INFO     417
2019-02-12 20:09:53 INFO     418
2019-02-12 20:09:53 INFO     419
2019-02-12 20:09:53 INFO     420
2019-02-12 20:09:53 INFO     421
2019-02-12 20:09:53 INFO     422
2019-02-12 20:09:53 INFO     423
2019-02-12 20:09:53 INFO     424
2019-02-12 20:09:53 INFO     425
2019-02-12 20:09:53 INFO     426
2019-02-12 20:09:53 INFO     427
2019-02-12 20:09:53 INFO     428
2019-02-12 20:09:53 INFO     429
2019-02-12 20:09:53 INFO     430
2019-02-12 20:09:53 INFO     431
2019-02-12 20:09:53 INFO     432
2019-02-12 20:09:53 INFO     433
2019-02-12 20:09:53 INFO     434
2019-02-12 20:09:53 INFO     435
2019-02-12 20:09:54 INFO     436
2019-02-12 20:09:54 INFO     437
2019-02-12 20:09:54 INFO     438
2019-02-12 20:09:54 INFO     439
2019-02-12 20:09:54 INFO     440
2019-02-12 20:09:54 INFO     441
2019-02-12 20:09:54 INFO     442
2019-02-12 20:09:54 INFO     443
2019-02-12 20:09:54 INFO     444
2019-02-12 20:09:54 INFO     445
2019-02-12 20:09:54 INFO     446
2019-02-12 20:09:54 INFO     447
2019-02-12 20:09:54 INFO     448
2019-02-12 20:09:54 INFO     449
2019-02-12 20:09:54 INFO     450
2019-02-12 20:09:54 INFO     451
2019-02-12 20:09:54 INFO     452
2019-02-12 20:09:54 INFO     453
2019-02-12 20:09:54 INFO     454
2019-02-12 20:09:54 INFO     455
2019-02-12 20:09:54 INFO     456
2019-02-12 20:09:54 INFO     457
2019-02-12 20:09:54 INFO     458
2019-02-12 20:09:54 INFO     459
2019-02-12 20:09:54 INFO     460
2019-02-12 20:09:54 INFO     461
2019-02-12 20:09:54 INFO     462
2019-02-12 20:09:55 INFO     463
2019-02-12 20:09:55 INFO     464
2019-02-12 20:09:55 INFO     465
2019-02-12 20:09:55 INFO     466
2019-02-12 20:09:55 INFO     467
2019-02-12 20:09:55 INFO     468
2019-02-12 20:09:55 INFO     469
2019-02-12 20:09:55 INFO     470
2019-02-12 20:09:55 INFO     471
2019-02-12 20:09:55 INFO     472
2019-02-12 20:09:55 INFO     473
2019-02-12 20:09:55 INFO     474
2019-02-12 20:09:55 INFO     475
2019-02-12 20:09:55 INFO     476
2019-02-12 20:09:55 INFO     477
2019-02-12 20:09:55 INFO     478
2019-02-12 20:09:55 INFO     479
2019-02-12 20:09:55 INFO     480
2019-02-12 20:09:55 INFO     481
2019-02-12 20:09:55 INFO     482
2019-02-12 20:09:55 INFO     483
2019-02-12 20:09:55 INFO     484
2019-02-12 20:09:55 INFO     485
2019-02-12 20:09:55 INFO     486
2019-02-12 20:09:55 INFO     487
2019-02-12 20:09:55 INFO     488
2019-02-12 20:09:55 INFO     489
2019-02-12 20:09:56 INFO     490
2019-02-12 20:09:56 INFO     491
2019-02-12 20:09:56 INFO     492
2019-02-12 20:09:56 INFO     493
2019-02-12 20:09:56 INFO     494
2019-02-12 20:09:56 INFO     495
2019-02-12 20:09:56 INFO     496
2019-02-12 20:09:56 INFO     497
2019-02-12 20:09:56 INFO     498
2019-02-12 20:09:56 INFO     499
2019-02-12 20:09:56 INFO     500
2019-02-12 20:09:56 INFO     501
2019-02-12 20:09:56 INFO     502
2019-02-12 20:09:56 INFO     503
2019-02-12 20:09:56 INFO     504
2019-02-12 20:09:56 INFO     505
2019-02-12 20:09:56 INFO     506
2019-02-12 20:09:56 INFO     507
2019-02-12 20:09:56 INFO     508
2019-02-12 20:09:56 INFO     509
2019-02-12 20:09:56 INFO     510
2019-02-12 20:09:56 INFO     511
