2019-02-12 20:05:14 INFO     call with args: 
Namespace(bandwidth=30, batchsize=1, demo=True, output_file='s2_mnist.gz', test_file_path='../mnistPC/test.hdf5', train_file_path='../mnistPC/train.hdf5')
2019-02-12 20:05:14 INFO     getting MNIST data
2019-02-12 20:05:14 INFO     finish loading MNIST data and basic configuration
2019-02-12 20:05:14 WARNING  haven't loaded test data set
2019-02-12 20:05:14 WARNING  also, haven't split the validation set
2019-02-12 20:05:14 INFO     0
2019-02-12 20:05:15 INFO     1
2019-02-12 20:05:15 INFO     2
2019-02-12 20:05:15 INFO     3
2019-02-12 20:05:15 INFO     4
2019-02-12 20:05:15 INFO     5
2019-02-12 20:05:15 INFO     6
2019-02-12 20:05:15 INFO     7
2019-02-12 20:05:15 INFO     8
2019-02-12 20:05:15 INFO     9
2019-02-12 20:05:15 INFO     10
2019-02-12 20:05:15 INFO     11
2019-02-12 20:05:15 INFO     12
2019-02-12 20:05:15 INFO     13
2019-02-12 20:05:15 INFO     14
2019-02-12 20:05:15 INFO     15
2019-02-12 20:05:16 INFO     16
2019-02-12 20:05:16 INFO     17
2019-02-12 20:05:16 INFO     18
2019-02-12 20:05:16 INFO     19
2019-02-12 20:05:16 INFO     20
2019-02-12 20:05:16 INFO     21
2019-02-12 20:05:16 INFO     22
2019-02-12 20:05:16 INFO     23
2019-02-12 20:05:16 INFO     24
2019-02-12 20:05:16 INFO     25
2019-02-12 20:05:16 INFO     26
2019-02-12 20:05:16 INFO     27
2019-02-12 20:05:16 INFO     28
2019-02-12 20:05:17 INFO     29
2019-02-12 20:05:17 INFO     30
2019-02-12 20:05:17 INFO     31
2019-02-12 20:05:17 INFO     32
2019-02-12 20:05:17 INFO     33
2019-02-12 20:05:17 INFO     34
2019-02-12 20:05:17 INFO     35
2019-02-12 20:05:17 INFO     36
2019-02-12 20:05:17 INFO     37
2019-02-12 20:05:17 INFO     38
2019-02-12 20:05:17 INFO     39
2019-02-12 20:05:17 INFO     40
2019-02-12 20:05:17 INFO     41
2019-02-12 20:05:17 INFO     42
2019-02-12 20:05:18 INFO     43
2019-02-12 20:05:18 INFO     44
2019-02-12 20:05:18 INFO     45
2019-02-12 20:05:18 INFO     46
2019-02-12 20:05:18 INFO     47
2019-02-12 20:05:18 INFO     48
2019-02-12 20:05:18 INFO     49
2019-02-12 20:05:18 INFO     50
2019-02-12 20:05:18 INFO     51
2019-02-12 20:05:18 INFO     52
2019-02-12 20:05:18 INFO     53
2019-02-12 20:05:18 INFO     54
2019-02-12 20:05:18 INFO     55
2019-02-12 20:05:19 INFO     56
2019-02-12 20:05:19 INFO     57
2019-02-12 20:05:19 INFO     58
2019-02-12 20:05:19 INFO     59
2019-02-12 20:05:19 INFO     60
2019-02-12 20:05:19 INFO     61
2019-02-12 20:05:19 INFO     62
2019-02-12 20:05:19 INFO     63
2019-02-12 20:05:19 INFO     64
2019-02-12 20:05:19 INFO     65
2019-02-12 20:05:19 INFO     66
2019-02-12 20:05:19 INFO     67
2019-02-12 20:05:19 INFO     68
2019-02-12 20:05:19 INFO     69
2019-02-12 20:05:19 INFO     70
2019-02-12 20:05:20 INFO     71
2019-02-12 20:05:20 INFO     72
2019-02-12 20:05:20 INFO     73
2019-02-12 20:05:20 INFO     74
2019-02-12 20:05:20 INFO     75
2019-02-12 20:05:20 INFO     76
2019-02-12 20:05:20 INFO     77
2019-02-12 20:05:20 INFO     78
2019-02-12 20:05:20 INFO     79
2019-02-12 20:05:20 INFO     80
2019-02-12 20:05:20 INFO     81
2019-02-12 20:05:20 INFO     82
2019-02-12 20:05:20 INFO     83
2019-02-12 20:05:20 INFO     84
2019-02-12 20:05:21 INFO     85
2019-02-12 20:05:21 INFO     86
2019-02-12 20:05:21 INFO     87
2019-02-12 20:05:21 INFO     88
2019-02-12 20:05:21 INFO     89
2019-02-12 20:05:21 INFO     90
2019-02-12 20:05:21 INFO     91
2019-02-12 20:05:21 INFO     92
2019-02-12 20:05:21 INFO     93
2019-02-12 20:05:21 INFO     94
2019-02-12 20:05:21 INFO     95
2019-02-12 20:05:21 INFO     96
2019-02-12 20:05:21 INFO     97
2019-02-12 20:05:21 INFO     98
2019-02-12 20:05:22 INFO     99
2019-02-12 20:05:22 INFO     100
2019-02-12 20:05:22 INFO     101
2019-02-12 20:05:22 INFO     102
2019-02-12 20:05:22 INFO     103
2019-02-12 20:05:22 INFO     104
2019-02-12 20:05:22 INFO     105
2019-02-12 20:05:22 INFO     106
2019-02-12 20:05:22 INFO     107
