2019-02-12 05:20:45 INFO     call with args: 
Namespace(bandwidth=30, batchsize=1, demo=True, output_file='s2_mnist.gz', test_file_path='../mnistPC/test.hdf5', train_file_path='../mnistPC/train.hdf5')
2019-02-12 05:20:45 INFO     getting MNIST data
2019-02-12 05:20:45 INFO     finish loading MNIST data and basic configuration
2019-02-12 05:20:45 WARNING  haven't loaded test data set
2019-02-12 05:20:45 WARNING  also, haven't split the validation set
2019-02-12 05:20:46 INFO     0
2019-02-12 05:20:47 INFO     1
2019-02-12 05:20:47 INFO     2
2019-02-12 05:20:47 INFO     3
2019-02-12 05:20:47 INFO     4
2019-02-12 05:20:47 INFO     5
2019-02-12 05:20:47 INFO     6
2019-02-12 05:20:47 INFO     7
2019-02-12 05:20:47 INFO     8
2019-02-12 05:20:47 INFO     9
2019-02-12 05:20:47 INFO     10
2019-02-12 05:20:47 INFO     11
2019-02-12 05:20:47 INFO     12
2019-02-12 05:20:47 INFO     13
2019-02-12 05:20:47 INFO     14
2019-02-12 05:20:47 INFO     15
2019-02-12 05:20:47 INFO     16
2019-02-12 05:20:47 INFO     17
2019-02-12 05:20:47 INFO     18
2019-02-12 05:20:47 INFO     19
2019-02-12 05:20:47 INFO     20
2019-02-12 05:20:48 INFO     21
2019-02-12 05:20:48 INFO     22
2019-02-12 05:20:48 INFO     23
2019-02-12 05:20:48 INFO     24
2019-02-12 05:20:48 INFO     25
2019-02-12 05:20:48 INFO     26
2019-02-12 05:20:48 INFO     27
2019-02-12 05:20:48 INFO     28
2019-02-12 05:20:48 INFO     29
2019-02-12 05:20:48 INFO     30
2019-02-12 05:20:48 INFO     31
2019-02-12 05:20:48 INFO     32
2019-02-12 05:20:48 INFO     33
2019-02-12 05:20:48 INFO     34
2019-02-12 05:20:48 INFO     35
2019-02-12 05:20:48 INFO     36
2019-02-12 05:20:48 INFO     37
2019-02-12 05:20:48 INFO     38
2019-02-12 05:20:48 INFO     39
2019-02-12 05:20:48 INFO     40
2019-02-12 05:20:48 INFO     41
2019-02-12 05:20:48 INFO     42
2019-02-12 05:20:49 INFO     43
2019-02-12 05:20:49 INFO     44
2019-02-12 05:20:49 INFO     45
2019-02-12 05:20:49 INFO     46
2019-02-12 05:20:49 INFO     47
2019-02-12 05:20:49 INFO     48
2019-02-12 05:20:49 INFO     49
2019-02-12 05:20:49 INFO     50
2019-02-12 05:20:49 INFO     51
2019-02-12 05:20:49 INFO     52
2019-02-12 05:20:49 INFO     53
2019-02-12 05:20:49 INFO     54
2019-02-12 05:20:49 INFO     55
2019-02-12 05:20:49 INFO     56
2019-02-12 05:20:49 INFO     57
2019-02-12 05:20:49 INFO     58
2019-02-12 05:20:49 INFO     59
2019-02-12 05:20:49 INFO     60
2019-02-12 05:20:49 INFO     61
2019-02-12 05:20:49 INFO     62
2019-02-12 05:20:49 INFO     63
2019-02-12 05:20:49 INFO     64
2019-02-12 05:20:50 INFO     65
2019-02-12 05:20:50 INFO     66
2019-02-12 05:20:50 INFO     67
2019-02-12 05:20:50 INFO     68
2019-02-12 05:20:50 INFO     69
2019-02-12 05:20:50 INFO     70
2019-02-12 05:20:50 INFO     71
2019-02-12 05:20:50 INFO     72
2019-02-12 05:20:50 INFO     73
2019-02-12 05:20:50 INFO     74
2019-02-12 05:20:50 INFO     75
2019-02-12 05:20:50 INFO     76
2019-02-12 05:20:50 INFO     77
2019-02-12 05:20:50 INFO     78
2019-02-12 05:20:50 INFO     79
2019-02-12 05:20:50 INFO     80
2019-02-12 05:20:50 INFO     81
2019-02-12 05:20:50 INFO     82
2019-02-12 05:20:50 INFO     83
2019-02-12 05:20:50 INFO     84
2019-02-12 05:20:51 INFO     85
2019-02-12 05:20:51 INFO     86
2019-02-12 05:20:51 INFO     87
2019-02-12 05:20:51 INFO     88
2019-02-12 05:20:51 INFO     89
2019-02-12 05:20:51 INFO     90
2019-02-12 05:20:51 INFO     91
2019-02-12 05:20:51 INFO     92
2019-02-12 05:20:51 INFO     93
2019-02-12 05:20:51 INFO     94
2019-02-12 05:20:51 INFO     95
2019-02-12 05:20:51 INFO     96
2019-02-12 05:20:51 INFO     97
2019-02-12 05:20:51 INFO     98
2019-02-12 05:20:51 INFO     99
2019-02-12 05:20:51 INFO     100
2019-02-12 05:20:51 INFO     101
2019-02-12 05:20:51 INFO     102
2019-02-12 05:20:51 INFO     103
2019-02-12 05:20:51 INFO     104
2019-02-12 05:20:52 INFO     105
2019-02-12 05:20:52 INFO     106
2019-02-12 05:20:52 INFO     107
2019-02-12 05:20:52 INFO     108
2019-02-12 05:20:52 INFO     109
2019-02-12 05:20:52 INFO     110
2019-02-12 05:20:52 INFO     111
2019-02-12 05:20:52 INFO     112
2019-02-12 05:20:52 INFO     113
2019-02-12 05:20:52 INFO     114
2019-02-12 05:20:52 INFO     115
2019-02-12 05:20:52 INFO     116
2019-02-12 05:20:52 INFO     117
2019-02-12 05:20:52 INFO     118
2019-02-12 05:20:52 INFO     119
2019-02-12 05:20:52 INFO     120
2019-02-12 05:20:52 INFO     121
2019-02-12 05:20:52 INFO     122
2019-02-12 05:20:52 INFO     123
2019-02-12 05:20:53 INFO     124
2019-02-12 05:20:53 INFO     125
2019-02-12 05:20:53 INFO     126
2019-02-12 05:20:53 INFO     127
2019-02-12 05:20:53 INFO     128
2019-02-12 05:20:53 INFO     129
2019-02-12 05:20:53 INFO     130
2019-02-12 05:20:53 INFO     131
2019-02-12 05:20:53 INFO     132
2019-02-12 05:20:53 INFO     133
2019-02-12 05:20:53 INFO     134
2019-02-12 05:20:53 INFO     135
2019-02-12 05:20:53 INFO     136
2019-02-12 05:20:53 INFO     137
2019-02-12 05:20:53 INFO     138
2019-02-12 05:20:53 INFO     139
2019-02-12 05:20:53 INFO     140
2019-02-12 05:20:53 INFO     141
2019-02-12 05:20:53 INFO     142
2019-02-12 05:20:53 INFO     143
2019-02-12 05:20:53 INFO     144
2019-02-12 05:20:54 INFO     145
2019-02-12 05:20:54 INFO     146
2019-02-12 05:20:54 INFO     147
2019-02-12 05:20:54 INFO     148
2019-02-12 05:20:54 INFO     149
2019-02-12 05:20:54 INFO     150
2019-02-12 05:20:54 INFO     151
2019-02-12 05:20:54 INFO     152
2019-02-12 05:20:54 INFO     153
2019-02-12 05:20:54 INFO     154
2019-02-12 05:20:54 INFO     155
2019-02-12 05:20:54 INFO     156
2019-02-12 05:20:54 INFO     157
2019-02-12 05:20:54 INFO     158
2019-02-12 05:20:54 INFO     159
2019-02-12 05:20:54 INFO     160
2019-02-12 05:20:54 INFO     161
2019-02-12 05:20:54 INFO     162
2019-02-12 05:20:54 INFO     163
2019-02-12 05:20:54 INFO     164
2019-02-12 05:20:55 INFO     165
2019-02-12 05:20:55 INFO     166
2019-02-12 05:20:55 INFO     167
2019-02-12 05:20:55 INFO     168
2019-02-12 05:20:55 INFO     169
2019-02-12 05:20:55 INFO     170
2019-02-12 05:20:55 INFO     171
2019-02-12 05:20:55 INFO     172
2019-02-12 05:20:55 INFO     173
2019-02-12 05:20:55 INFO     174
2019-02-12 05:20:55 INFO     175
2019-02-12 05:20:55 INFO     176
2019-02-12 05:20:55 INFO     177
2019-02-12 05:20:55 INFO     178
2019-02-12 05:20:55 INFO     179
2019-02-12 05:20:55 INFO     180
2019-02-12 05:20:55 INFO     181
2019-02-12 05:20:55 INFO     182
2019-02-12 05:20:55 INFO     183
2019-02-12 05:20:55 INFO     184
2019-02-12 05:20:56 INFO     185
2019-02-12 05:20:56 INFO     186
2019-02-12 05:20:56 INFO     187
2019-02-12 05:20:56 INFO     188
2019-02-12 05:20:56 INFO     189
2019-02-12 05:20:56 INFO     190
2019-02-12 05:20:56 INFO     191
2019-02-12 05:20:56 INFO     192
2019-02-12 05:20:56 INFO     193
2019-02-12 05:20:56 INFO     194
2019-02-12 05:20:56 INFO     195
2019-02-12 05:20:56 INFO     196
2019-02-12 05:20:56 INFO     197
2019-02-12 05:20:56 INFO     198
2019-02-12 05:20:56 INFO     199
2019-02-12 05:20:56 INFO     200
2019-02-12 05:20:56 INFO     201
2019-02-12 05:20:56 INFO     202
2019-02-12 05:20:56 INFO     203
2019-02-12 05:20:56 INFO     204
2019-02-12 05:20:56 INFO     205
2019-02-12 05:20:57 INFO     206
2019-02-12 05:20:57 INFO     207
2019-02-12 05:20:57 INFO     208
2019-02-12 05:20:57 INFO     209
2019-02-12 05:20:57 INFO     210
2019-02-12 05:20:57 INFO     211
2019-02-12 05:20:57 INFO     212
2019-02-12 05:20:57 INFO     213
2019-02-12 05:20:57 INFO     214
2019-02-12 05:20:57 INFO     215
2019-02-12 05:20:57 INFO     216
2019-02-12 05:20:57 INFO     217
2019-02-12 05:20:57 INFO     218
2019-02-12 05:20:57 INFO     219
2019-02-12 05:20:57 INFO     220
2019-02-12 05:20:57 INFO     221
2019-02-12 05:20:57 INFO     222
2019-02-12 05:20:57 INFO     223
2019-02-12 05:20:57 INFO     224
2019-02-12 05:20:58 INFO     225
2019-02-12 05:20:58 INFO     226
2019-02-12 05:20:58 INFO     227
2019-02-12 05:20:58 INFO     228
2019-02-12 05:20:58 INFO     229
2019-02-12 05:20:58 INFO     230
2019-02-12 05:20:58 INFO     231
2019-02-12 05:20:58 INFO     232
2019-02-12 05:20:58 INFO     233
2019-02-12 05:20:58 INFO     234
2019-02-12 05:20:58 INFO     235
2019-02-12 05:20:58 INFO     236
2019-02-12 05:20:58 INFO     237
2019-02-12 05:20:58 INFO     238
2019-02-12 05:20:58 INFO     239
2019-02-12 05:20:58 INFO     240
2019-02-12 05:20:58 INFO     241
2019-02-12 05:20:58 INFO     242
2019-02-12 05:20:58 INFO     243
2019-02-12 05:20:58 INFO     244
2019-02-12 05:20:58 INFO     245
2019-02-12 05:20:59 INFO     246
2019-02-12 05:20:59 INFO     247
2019-02-12 05:20:59 INFO     248
2019-02-12 05:20:59 INFO     249
2019-02-12 05:20:59 INFO     250
2019-02-12 05:20:59 INFO     251
2019-02-12 05:20:59 INFO     252
2019-02-12 05:20:59 INFO     253
2019-02-12 05:20:59 INFO     254
2019-02-12 05:20:59 INFO     255
2019-02-12 05:20:59 INFO     256
2019-02-12 05:20:59 INFO     257
2019-02-12 05:20:59 INFO     258
2019-02-12 05:20:59 INFO     259
2019-02-12 05:20:59 INFO     260
2019-02-12 05:20:59 INFO     261
2019-02-12 05:20:59 INFO     262
2019-02-12 05:20:59 INFO     263
2019-02-12 05:20:59 INFO     264
2019-02-12 05:20:59 INFO     265
2019-02-12 05:20:59 INFO     266
2019-02-12 05:21:00 INFO     267
2019-02-12 05:21:00 INFO     268
2019-02-12 05:21:00 INFO     269
2019-02-12 05:21:00 INFO     270
2019-02-12 05:21:00 INFO     271
2019-02-12 05:21:00 INFO     272
2019-02-12 05:21:00 INFO     273
2019-02-12 05:21:00 INFO     274
2019-02-12 05:21:00 INFO     275
2019-02-12 05:21:00 INFO     276
2019-02-12 05:21:00 INFO     277
2019-02-12 05:21:00 INFO     278
2019-02-12 05:21:00 INFO     279
2019-02-12 05:21:00 INFO     280
2019-02-12 05:21:00 INFO     281
2019-02-12 05:21:00 INFO     282
2019-02-12 05:21:00 INFO     283
2019-02-12 05:21:00 INFO     284
2019-02-12 05:21:00 INFO     285
2019-02-12 05:21:00 INFO     286
2019-02-12 05:21:00 INFO     287
2019-02-12 05:21:01 INFO     288
2019-02-12 05:21:01 INFO     289
2019-02-12 05:21:01 INFO     290
2019-02-12 05:21:01 INFO     291
2019-02-12 05:21:01 INFO     292
2019-02-12 05:21:01 INFO     293
2019-02-12 05:21:01 INFO     294
2019-02-12 05:21:01 INFO     295
2019-02-12 05:21:01 INFO     296
2019-02-12 05:21:01 INFO     297
2019-02-12 05:21:01 INFO     298
2019-02-12 05:21:01 INFO     299
2019-02-12 05:21:01 INFO     300
2019-02-12 05:21:01 INFO     301
2019-02-12 05:21:01 INFO     302
2019-02-12 05:21:01 INFO     303
2019-02-12 05:21:01 INFO     304
2019-02-12 05:21:01 INFO     305
2019-02-12 05:21:01 INFO     306
2019-02-12 05:21:01 INFO     307
2019-02-12 05:21:01 INFO     308
2019-02-12 05:21:02 INFO     309
2019-02-12 05:21:02 INFO     310
2019-02-12 05:21:02 INFO     311
2019-02-12 05:21:02 INFO     312
2019-02-12 05:21:02 INFO     313
2019-02-12 05:21:02 INFO     314
2019-02-12 05:21:02 INFO     315
2019-02-12 05:21:02 INFO     316
2019-02-12 05:21:02 INFO     317
2019-02-12 05:21:02 INFO     318
2019-02-12 05:21:02 INFO     319
2019-02-12 05:21:02 INFO     320
2019-02-12 05:21:02 INFO     321
2019-02-12 05:21:02 INFO     322
2019-02-12 05:21:02 INFO     323
2019-02-12 05:21:02 INFO     324
2019-02-12 05:21:02 INFO     325
2019-02-12 05:21:02 INFO     326
2019-02-12 05:21:02 INFO     327
2019-02-12 05:21:02 INFO     328
2019-02-12 05:21:02 INFO     329
2019-02-12 05:21:03 INFO     330
2019-02-12 05:21:03 INFO     331
2019-02-12 05:21:03 INFO     332
2019-02-12 05:21:03 INFO     333
2019-02-12 05:21:03 INFO     334
2019-02-12 05:21:03 INFO     335
2019-02-12 05:21:03 INFO     336
2019-02-12 05:21:03 INFO     337
2019-02-12 05:21:03 INFO     338
2019-02-12 05:21:03 INFO     339
2019-02-12 05:21:03 INFO     340
2019-02-12 05:21:03 INFO     341
2019-02-12 05:21:03 INFO     342
2019-02-12 05:21:03 INFO     343
2019-02-12 05:21:03 INFO     344
2019-02-12 05:21:03 INFO     345
2019-02-12 05:21:03 INFO     346
2019-02-12 05:21:03 INFO     347
2019-02-12 05:21:03 INFO     348
2019-02-12 05:21:03 INFO     349
2019-02-12 05:21:03 INFO     350
2019-02-12 05:21:04 INFO     351
2019-02-12 05:21:04 INFO     352
2019-02-12 05:21:04 INFO     353
2019-02-12 05:21:04 INFO     354
2019-02-12 05:21:04 INFO     355
2019-02-12 05:21:04 INFO     356
2019-02-12 05:21:04 INFO     357
2019-02-12 05:21:04 INFO     358
2019-02-12 05:21:04 INFO     359
2019-02-12 05:21:04 INFO     360
2019-02-12 05:21:04 INFO     361
2019-02-12 05:21:04 INFO     362
2019-02-12 05:21:04 INFO     363
2019-02-12 05:21:04 INFO     364
2019-02-12 05:21:04 INFO     365
2019-02-12 05:21:04 INFO     366
2019-02-12 05:21:04 INFO     367
2019-02-12 05:21:04 INFO     368
2019-02-12 05:21:04 INFO     369
2019-02-12 05:21:04 INFO     370
2019-02-12 05:21:04 INFO     371
2019-02-12 05:21:05 INFO     372
2019-02-12 05:21:05 INFO     373
2019-02-12 05:21:05 INFO     374
2019-02-12 05:21:05 INFO     375
2019-02-12 05:21:05 INFO     376
2019-02-12 05:21:05 INFO     377
2019-02-12 05:21:05 INFO     378
2019-02-12 05:21:05 INFO     379
2019-02-12 05:21:05 INFO     380
2019-02-12 05:21:05 INFO     381
2019-02-12 05:21:05 INFO     382
2019-02-12 05:21:05 INFO     383
2019-02-12 05:21:05 INFO     384
2019-02-12 05:21:05 INFO     385
2019-02-12 05:21:05 INFO     386
2019-02-12 05:21:05 INFO     387
2019-02-12 05:21:05 INFO     388
2019-02-12 05:21:05 INFO     389
2019-02-12 05:21:05 INFO     390
2019-02-12 05:21:05 INFO     391
2019-02-12 05:21:05 INFO     392
2019-02-12 05:21:06 INFO     393
2019-02-12 05:21:06 INFO     394
2019-02-12 05:21:06 INFO     395
2019-02-12 05:21:06 INFO     396
2019-02-12 05:21:06 INFO     397
2019-02-12 05:21:06 INFO     398
2019-02-12 05:21:06 INFO     399
2019-02-12 05:21:06 INFO     400
2019-02-12 05:21:06 INFO     401
2019-02-12 05:21:06 INFO     402
2019-02-12 05:21:06 INFO     403
2019-02-12 05:21:06 INFO     404
2019-02-12 05:21:06 INFO     405
2019-02-12 05:21:06 INFO     406
2019-02-12 05:21:06 INFO     407
2019-02-12 05:21:06 INFO     408
2019-02-12 05:21:06 INFO     409
2019-02-12 05:21:06 INFO     410
2019-02-12 05:21:06 INFO     411
2019-02-12 05:21:06 INFO     412
2019-02-12 05:21:06 INFO     413
2019-02-12 05:21:07 INFO     414
2019-02-12 05:21:07 INFO     415
2019-02-12 05:21:07 INFO     416
2019-02-12 05:21:07 INFO     417
2019-02-12 05:21:07 INFO     418
2019-02-12 05:21:07 INFO     419
2019-02-12 05:21:07 INFO     420
2019-02-12 05:21:07 INFO     421
2019-02-12 05:21:07 INFO     422
2019-02-12 05:21:07 INFO     423
2019-02-12 05:21:07 INFO     424
2019-02-12 05:21:07 INFO     425
2019-02-12 05:21:07 INFO     426
2019-02-12 05:21:07 INFO     427
2019-02-12 05:21:07 INFO     428
2019-02-12 05:21:07 INFO     429
2019-02-12 05:21:07 INFO     430
2019-02-12 05:21:07 INFO     431
2019-02-12 05:21:07 INFO     432
2019-02-12 05:21:07 INFO     433
2019-02-12 05:21:07 INFO     434
2019-02-12 05:21:08 INFO     435
2019-02-12 05:21:08 INFO     436
2019-02-12 05:21:08 INFO     437
2019-02-12 05:21:08 INFO     438
2019-02-12 05:21:08 INFO     439
2019-02-12 05:21:08 INFO     440
2019-02-12 05:21:08 INFO     441
2019-02-12 05:21:08 INFO     442
2019-02-12 05:21:08 INFO     443
2019-02-12 05:21:08 INFO     444
2019-02-12 05:21:08 INFO     445
2019-02-12 05:21:08 INFO     446
2019-02-12 05:21:08 INFO     447
2019-02-12 05:21:08 INFO     448
2019-02-12 05:21:08 INFO     449
2019-02-12 05:21:08 INFO     450
2019-02-12 05:21:08 INFO     451
2019-02-12 05:21:08 INFO     452
2019-02-12 05:21:08 INFO     453
2019-02-12 05:21:08 INFO     454
2019-02-12 05:21:09 INFO     455
2019-02-12 05:21:09 INFO     456
2019-02-12 05:21:09 INFO     457
2019-02-12 05:21:09 INFO     458
2019-02-12 05:21:09 INFO     459
2019-02-12 05:21:09 INFO     460
2019-02-12 05:21:09 INFO     461
2019-02-12 05:21:09 INFO     462
2019-02-12 05:21:09 INFO     463
2019-02-12 05:21:09 INFO     464
2019-02-12 05:21:09 INFO     465
2019-02-12 05:21:09 INFO     466
2019-02-12 05:21:09 INFO     467
2019-02-12 05:21:09 INFO     468
2019-02-12 05:21:09 INFO     469
2019-02-12 05:21:09 INFO     470
2019-02-12 05:21:09 INFO     471
2019-02-12 05:21:09 INFO     472
2019-02-12 05:21:09 INFO     473
2019-02-12 05:21:09 INFO     474
2019-02-12 05:21:09 INFO     475
2019-02-12 05:21:10 INFO     476
2019-02-12 05:21:10 INFO     477
2019-02-12 05:21:10 INFO     478
2019-02-12 05:21:10 INFO     479
2019-02-12 05:21:10 INFO     480
2019-02-12 05:21:10 INFO     481
2019-02-12 05:21:10 INFO     482
2019-02-12 05:21:10 INFO     483
2019-02-12 05:21:10 INFO     484
2019-02-12 05:21:10 INFO     485
2019-02-12 05:21:10 INFO     486
2019-02-12 05:21:10 INFO     487
2019-02-12 05:21:10 INFO     488
2019-02-12 05:21:10 INFO     489
2019-02-12 05:21:10 INFO     490
2019-02-12 05:21:10 INFO     491
2019-02-12 05:21:10 INFO     492
2019-02-12 05:21:10 INFO     493
2019-02-12 05:21:10 INFO     494
2019-02-12 05:21:10 INFO     495
2019-02-12 05:21:10 INFO     496
2019-02-12 05:21:11 INFO     497
2019-02-12 05:21:11 INFO     498
2019-02-12 05:21:11 INFO     499
2019-02-12 05:21:11 INFO     500
2019-02-12 05:21:11 INFO     501
2019-02-12 05:21:11 INFO     502
2019-02-12 05:21:11 INFO     503
2019-02-12 05:21:11 INFO     504
2019-02-12 05:21:11 INFO     505
2019-02-12 05:21:11 INFO     506
2019-02-12 05:21:11 INFO     507
2019-02-12 05:21:11 INFO     508
2019-02-12 05:21:11 INFO     509
2019-02-12 05:21:11 INFO     510
2019-02-12 05:21:11 INFO     511
2019-02-12 05:21:11 INFO     512
2019-02-12 05:21:11 INFO     513
2019-02-12 05:21:11 INFO     514
2019-02-12 05:21:11 INFO     515
2019-02-12 05:21:11 INFO     516
2019-02-12 05:21:11 INFO     517
2019-02-12 05:21:12 INFO     518
2019-02-12 05:21:12 INFO     519
2019-02-12 05:21:12 INFO     520
2019-02-12 05:21:12 INFO     521
2019-02-12 05:21:12 INFO     522
2019-02-12 05:21:12 INFO     523
2019-02-12 05:21:12 INFO     524
2019-02-12 05:21:12 INFO     525
2019-02-12 05:21:12 INFO     526
2019-02-12 05:21:12 INFO     527
2019-02-12 05:21:12 INFO     528
2019-02-12 05:21:12 INFO     529
2019-02-12 05:21:12 INFO     530
2019-02-12 05:21:12 INFO     531
2019-02-12 05:21:12 INFO     532
2019-02-12 05:21:12 INFO     533
2019-02-12 05:21:12 INFO     534
2019-02-12 05:21:12 INFO     535
2019-02-12 05:21:12 INFO     536
2019-02-12 05:21:12 INFO     537
2019-02-12 05:21:12 INFO     538
2019-02-12 05:21:13 INFO     539
2019-02-12 05:21:13 INFO     540
2019-02-12 05:21:13 INFO     541
2019-02-12 05:21:13 INFO     542
2019-02-12 05:21:13 INFO     543
2019-02-12 05:21:13 INFO     544
2019-02-12 05:21:13 INFO     545
2019-02-12 05:21:13 INFO     546
2019-02-12 05:21:13 INFO     547
2019-02-12 05:21:13 INFO     548
2019-02-12 05:21:13 INFO     549
2019-02-12 05:21:13 INFO     550
2019-02-12 05:21:13 INFO     551
2019-02-12 05:21:13 INFO     552
2019-02-12 05:21:13 INFO     553
2019-02-12 05:21:13 INFO     554
2019-02-12 05:21:13 INFO     555
2019-02-12 05:21:13 INFO     556
2019-02-12 05:21:13 INFO     557
2019-02-12 05:21:13 INFO     558
2019-02-12 05:21:14 INFO     559
2019-02-12 05:21:14 INFO     560
2019-02-12 05:21:14 INFO     561
2019-02-12 05:21:14 INFO     562
2019-02-12 05:21:14 INFO     563
2019-02-12 05:21:14 INFO     564
2019-02-12 05:21:14 INFO     565
2019-02-12 05:21:14 INFO     566
2019-02-12 05:21:14 INFO     567
2019-02-12 05:21:14 INFO     568
2019-02-12 05:21:14 INFO     569
2019-02-12 05:21:14 INFO     570
2019-02-12 05:21:14 INFO     571
2019-02-12 05:21:14 INFO     572
2019-02-12 05:21:14 INFO     573
2019-02-12 05:21:14 INFO     574
2019-02-12 05:21:14 INFO     575
2019-02-12 05:21:14 INFO     576
2019-02-12 05:21:14 INFO     577
2019-02-12 05:21:14 INFO     578
2019-02-12 05:21:14 INFO     579
2019-02-12 05:21:15 INFO     580
2019-02-12 05:21:15 INFO     581
2019-02-12 05:21:15 INFO     582
2019-02-12 05:21:15 INFO     583
2019-02-12 05:21:15 INFO     584
2019-02-12 05:21:15 INFO     585
2019-02-12 05:21:15 INFO     586
2019-02-12 05:21:15 INFO     587
2019-02-12 05:21:15 INFO     588
2019-02-12 05:21:15 INFO     589
2019-02-12 05:21:15 INFO     590
2019-02-12 05:21:15 INFO     591
2019-02-12 05:21:15 INFO     592
2019-02-12 05:21:15 INFO     593
2019-02-12 05:21:15 INFO     594
2019-02-12 05:21:15 INFO     595
2019-02-12 05:21:15 INFO     596
2019-02-12 05:21:15 INFO     597
2019-02-12 05:21:15 INFO     598
2019-02-12 05:21:15 INFO     599
2019-02-12 05:21:15 INFO     600
2019-02-12 05:21:16 INFO     601
2019-02-12 05:21:16 INFO     602
2019-02-12 05:21:16 INFO     603
2019-02-12 05:21:16 INFO     604
2019-02-12 05:21:16 INFO     605
2019-02-12 05:21:16 INFO     606
2019-02-12 05:21:16 INFO     607
2019-02-12 05:21:16 INFO     608
2019-02-12 05:21:16 INFO     609
2019-02-12 05:21:16 INFO     610
2019-02-12 05:21:16 INFO     611
2019-02-12 05:21:16 INFO     612
2019-02-12 05:21:16 INFO     613
2019-02-12 05:21:16 INFO     614
2019-02-12 05:21:16 INFO     615
2019-02-12 05:21:16 INFO     616
2019-02-12 05:21:16 INFO     617
2019-02-12 05:21:16 INFO     618
2019-02-12 05:21:16 INFO     619
2019-02-12 05:21:16 INFO     620
2019-02-12 05:21:16 INFO     621
2019-02-12 05:21:17 INFO     622
2019-02-12 05:21:17 INFO     623
2019-02-12 05:21:17 INFO     624
2019-02-12 05:21:17 INFO     625
2019-02-12 05:21:17 INFO     626
2019-02-12 05:21:17 INFO     627
2019-02-12 05:21:17 INFO     628
2019-02-12 05:21:17 INFO     629
2019-02-12 05:21:17 INFO     630
2019-02-12 05:21:17 INFO     631
2019-02-12 05:21:17 INFO     632
2019-02-12 05:21:17 INFO     633
2019-02-12 05:21:17 INFO     634
2019-02-12 05:21:17 INFO     635
2019-02-12 05:21:17 INFO     636
2019-02-12 05:21:17 INFO     637
2019-02-12 05:21:17 INFO     638
2019-02-12 05:21:17 INFO     639
2019-02-12 05:21:17 INFO     640
2019-02-12 05:21:17 INFO     641
2019-02-12 05:21:18 INFO     642
2019-02-12 05:21:18 INFO     643
2019-02-12 05:21:18 INFO     644
2019-02-12 05:21:18 INFO     645
2019-02-12 05:21:18 INFO     646
2019-02-12 05:21:18 INFO     647
2019-02-12 05:21:18 INFO     648
2019-02-12 05:21:18 INFO     649
2019-02-12 05:21:18 INFO     650
2019-02-12 05:21:18 INFO     651
2019-02-12 05:21:18 INFO     652
2019-02-12 05:21:18 INFO     653
2019-02-12 05:21:18 INFO     654
2019-02-12 05:21:18 INFO     655
2019-02-12 05:21:18 INFO     656
2019-02-12 05:21:18 INFO     657
