2019-02-16 14:59:45 INFO     call with args: 
Namespace(bandwidth=20, batchsize=2, input_prefix='../mnistPC', learning_rate=0.005, num_epochs=20, signal_type='Gaussian', validsize=0.16666666666666666)
2019-02-16 14:59:45 INFO     getting MNIST data
2019-02-16 14:59:52 INFO     shape: torch.Size([12, 512, 1, 40, 40])
2019-02-16 14:59:56 INFO     Epoch [1/20], Iter [1/5.0] Loss: 2.2992
2019-02-16 14:59:56 INFO     Epoch [1/20], Iter [2/5.0] Loss: 2.3100
2019-02-16 14:59:56 INFO     Epoch [1/20], Iter [3/5.0] Loss: 2.5420
2019-02-16 14:59:56 INFO     Epoch [1/20], Iter [4/5.0] Loss: 2.6383
2019-02-16 14:59:56 INFO     Epoch [1/20], Iter [5/5.0] Loss: 2.1662
2019-02-16 14:59:56 INFO     TEST ACC: 50.0
2019-02-16 14:59:56 INFO     Epoch [2/20], Iter [1/5.0] Loss: 8.9299
2019-02-16 14:59:56 INFO     Epoch [2/20], Iter [2/5.0] Loss: 7.2998
2019-02-16 14:59:56 INFO     Epoch [2/20], Iter [3/5.0] Loss: 4.4108
2019-02-16 14:59:56 INFO     Epoch [2/20], Iter [4/5.0] Loss: 3.6419
2019-02-16 14:59:56 INFO     Epoch [2/20], Iter [5/5.0] Loss: 4.3682
2019-02-16 14:59:56 INFO     TEST ACC: 0.0
2019-02-16 14:59:56 INFO     Epoch [3/20], Iter [1/5.0] Loss: 2.0885
2019-02-16 14:59:56 INFO     Epoch [3/20], Iter [2/5.0] Loss: 2.8488
2019-02-16 14:59:56 INFO     Epoch [3/20], Iter [3/5.0] Loss: 4.4650
2019-02-16 14:59:56 INFO     Epoch [3/20], Iter [4/5.0] Loss: 3.4076
2019-02-16 14:59:56 INFO     Epoch [3/20], Iter [5/5.0] Loss: 5.1948
2019-02-16 14:59:56 INFO     TEST ACC: 0.0
2019-02-16 14:59:56 INFO     Epoch [4/20], Iter [1/5.0] Loss: 2.8081
2019-02-16 14:59:56 INFO     Epoch [4/20], Iter [2/5.0] Loss: 1.3338
2019-02-16 14:59:56 INFO     Epoch [4/20], Iter [3/5.0] Loss: 1.9026
2019-02-16 14:59:56 INFO     Epoch [4/20], Iter [4/5.0] Loss: 4.3690
2019-02-16 14:59:56 INFO     Epoch [4/20], Iter [5/5.0] Loss: 0.9595
2019-02-16 14:59:56 INFO     TEST ACC: 0.0
2019-02-16 14:59:56 INFO     Epoch [5/20], Iter [1/5.0] Loss: 3.8080
2019-02-16 14:59:56 INFO     Epoch [5/20], Iter [2/5.0] Loss: 2.5187
2019-02-16 14:59:56 INFO     Epoch [5/20], Iter [3/5.0] Loss: 2.0696
2019-02-16 14:59:56 INFO     Epoch [5/20], Iter [4/5.0] Loss: 1.2089
2019-02-16 14:59:56 INFO     Epoch [5/20], Iter [5/5.0] Loss: 1.6179
2019-02-16 14:59:56 INFO     TEST ACC: 0.0
2019-02-16 14:59:56 INFO     Epoch [6/20], Iter [1/5.0] Loss: 1.4508
2019-02-16 14:59:56 INFO     Epoch [6/20], Iter [2/5.0] Loss: 1.2225
2019-02-16 14:59:56 INFO     Epoch [6/20], Iter [3/5.0] Loss: 1.9675
2019-02-16 14:59:56 INFO     Epoch [6/20], Iter [4/5.0] Loss: 2.6208
2019-02-16 14:59:56 INFO     Epoch [6/20], Iter [5/5.0] Loss: 1.8713
2019-02-16 14:59:56 INFO     TEST ACC: 0.0
