2019-02-20 04:56:47 INFO     call with args: 
Namespace(bandwidth=10, batchsize=64, demo=False, learning_rate=0.0005, num_epochs=20, output_prefix='../mnistPC', signal_type='Gaussian', test_file_path='../mnistPC/test.hdf5', train_file_path='../mnistPC/train.hdf5', validsize=0.16666666666666666)
2019-02-20 04:56:47 INFO     getting MNIST data and basic configuration
2019-02-20 04:56:47 INFO     finish loading MNIST data and basic configuration
2019-02-20 04:56:47 INFO     start loading train and test set
2019-02-20 04:56:48 INFO     finish loading train dataset
2019-02-20 04:56:48 INFO     start initialize the dataloader, and network
2019-02-20 04:56:55 INFO     finish loading the network
2019-02-20 04:56:55 INFO     start training
2019-02-20 04:56:59 INFO     Epoch [1/20], Iter [1/781.0] Loss: 2.3497 Acc: 6.25
2019-02-20 04:56:59 INFO     Epoch [1/20], Iter [2/781.0] Loss: 5.8463 Acc: 10.9375
2019-02-20 04:56:59 INFO     Epoch [1/20], Iter [3/781.0] Loss: 11.3563 Acc: 10.9375
2019-02-20 04:56:59 INFO     Epoch [1/20], Iter [4/781.0] Loss: 5.3348 Acc: 3.125
2019-02-20 04:57:00 INFO     Epoch [1/20], Iter [5/781.0] Loss: 3.9067 Acc: 15.625
2019-02-20 04:57:00 INFO     Epoch [1/20], Iter [6/781.0] Loss: 4.6255 Acc: 9.375
2019-02-20 04:57:00 INFO     Epoch [1/20], Iter [7/781.0] Loss: 4.4277 Acc: 15.625
2019-02-20 04:57:00 INFO     Epoch [1/20], Iter [8/781.0] Loss: 6.4464 Acc: 4.6875
2019-02-20 04:57:01 INFO     Epoch [1/20], Iter [9/781.0] Loss: 7.3572 Acc: 12.5
2019-02-20 04:57:01 INFO     Epoch [1/20], Iter [10/781.0] Loss: 9.0410 Acc: 9.375
2019-02-20 04:57:01 INFO     Epoch [1/20], Iter [11/781.0] Loss: 7.6748 Acc: 6.25
2019-02-20 04:57:01 INFO     Epoch [1/20], Iter [12/781.0] Loss: 6.0368 Acc: 15.625
2019-02-20 04:57:02 INFO     Epoch [1/20], Iter [13/781.0] Loss: 7.2580 Acc: 12.5
2019-02-20 04:57:02 INFO     Epoch [1/20], Iter [14/781.0] Loss: 4.8721 Acc: 10.9375
2019-02-20 04:57:02 INFO     Epoch [1/20], Iter [15/781.0] Loss: 4.7582 Acc: 4.6875
2019-02-20 04:57:02 INFO     Epoch [1/20], Iter [16/781.0] Loss: 4.9909 Acc: 10.9375
2019-02-20 04:57:02 INFO     Epoch [1/20], Iter [17/781.0] Loss: 4.5031 Acc: 10.9375
2019-02-20 04:57:03 INFO     Epoch [1/20], Iter [18/781.0] Loss: 4.7996 Acc: 12.5
2019-02-20 04:57:03 INFO     Epoch [1/20], Iter [19/781.0] Loss: 4.6025 Acc: 4.6875
2019-02-20 04:57:03 INFO     Epoch [1/20], Iter [20/781.0] Loss: 4.6280 Acc: 10.9375
2019-02-20 04:57:03 INFO     Epoch [1/20], Iter [21/781.0] Loss: 4.4994 Acc: 23.4375
2019-02-20 04:57:04 INFO     Epoch [1/20], Iter [22/781.0] Loss: 4.0240 Acc: 9.375
2019-02-20 04:57:04 INFO     Epoch [1/20], Iter [23/781.0] Loss: 3.1319 Acc: 9.375
2019-02-20 04:57:04 INFO     Epoch [1/20], Iter [24/781.0] Loss: 2.7992 Acc: 14.0625
2019-02-20 04:57:04 INFO     Epoch [1/20], Iter [25/781.0] Loss: 2.4853 Acc: 3.125
2019-02-20 04:57:04 INFO     Epoch [1/20], Iter [26/781.0] Loss: 3.1799 Acc: 4.6875
2019-02-20 04:57:05 INFO     Epoch [1/20], Iter [27/781.0] Loss: 3.3304 Acc: 9.375
2019-02-20 04:57:05 INFO     Epoch [1/20], Iter [28/781.0] Loss: 3.1804 Acc: 21.875
2019-02-20 04:57:05 INFO     Epoch [1/20], Iter [29/781.0] Loss: 3.4387 Acc: 9.375
2019-02-20 04:57:05 INFO     Epoch [1/20], Iter [30/781.0] Loss: 2.8548 Acc: 9.375
2019-02-20 04:57:05 INFO     Epoch [1/20], Iter [31/781.0] Loss: 2.6119 Acc: 9.375
2019-02-20 04:57:06 INFO     Epoch [1/20], Iter [32/781.0] Loss: 2.7958 Acc: 12.5
2019-02-20 04:57:06 INFO     Epoch [1/20], Iter [33/781.0] Loss: 3.1054 Acc: 3.125
2019-02-20 04:57:06 INFO     Epoch [1/20], Iter [34/781.0] Loss: 2.7376 Acc: 14.0625
2019-02-20 04:57:06 INFO     Epoch [1/20], Iter [35/781.0] Loss: 2.5720 Acc: 7.8125
2019-02-20 04:57:07 INFO     Epoch [1/20], Iter [36/781.0] Loss: 2.8963 Acc: 10.9375
2019-02-20 04:57:07 INFO     Epoch [1/20], Iter [37/781.0] Loss: 2.9384 Acc: 9.375
2019-02-20 04:57:07 INFO     Epoch [1/20], Iter [38/781.0] Loss: 2.6019 Acc: 12.5
2019-02-20 04:57:07 INFO     Epoch [1/20], Iter [39/781.0] Loss: 2.6707 Acc: 7.8125
2019-02-20 04:57:07 INFO     Epoch [1/20], Iter [40/781.0] Loss: 2.6239 Acc: 9.375
2019-02-20 04:57:08 INFO     Epoch [1/20], Iter [41/781.0] Loss: 2.5242 Acc: 4.6875
2019-02-20 04:57:08 INFO     Epoch [1/20], Iter [42/781.0] Loss: 2.5728 Acc: 21.875
2019-02-20 04:57:08 INFO     Epoch [1/20], Iter [43/781.0] Loss: 2.5888 Acc: 17.1875
2019-02-20 04:57:08 INFO     Epoch [1/20], Iter [44/781.0] Loss: 2.5511 Acc: 12.5
2019-02-20 04:57:09 INFO     Epoch [1/20], Iter [45/781.0] Loss: 2.2797 Acc: 21.875
2019-02-20 04:57:09 INFO     Epoch [1/20], Iter [46/781.0] Loss: 2.3219 Acc: 17.1875
2019-02-20 04:57:09 INFO     Epoch [1/20], Iter [47/781.0] Loss: 2.5702 Acc: 9.375
2019-02-20 04:57:09 INFO     Epoch [1/20], Iter [48/781.0] Loss: 2.7212 Acc: 7.8125
2019-02-20 04:57:09 INFO     Epoch [1/20], Iter [49/781.0] Loss: 2.3449 Acc: 17.1875
2019-02-20 04:57:10 INFO     Epoch [1/20], Iter [50/781.0] Loss: 2.3205 Acc: 7.8125
2019-02-20 04:57:10 INFO     Epoch [1/20], Iter [51/781.0] Loss: 2.2342 Acc: 14.0625
2019-02-20 04:57:10 INFO     Epoch [1/20], Iter [52/781.0] Loss: 2.2656 Acc: 23.4375
2019-02-20 04:57:10 INFO     Epoch [1/20], Iter [53/781.0] Loss: 2.4580 Acc: 10.9375
2019-02-20 04:57:11 INFO     Epoch [1/20], Iter [54/781.0] Loss: 2.2933 Acc: 17.1875
2019-02-20 04:57:11 INFO     Epoch [1/20], Iter [55/781.0] Loss: 2.2394 Acc: 15.625
2019-02-20 04:57:11 INFO     Epoch [1/20], Iter [56/781.0] Loss: 2.1508 Acc: 23.4375
2019-02-20 04:57:11 INFO     Epoch [1/20], Iter [57/781.0] Loss: 2.1357 Acc: 17.1875
2019-02-20 04:57:11 INFO     Epoch [1/20], Iter [58/781.0] Loss: 2.3848 Acc: 14.0625
2019-02-20 04:57:12 INFO     Epoch [1/20], Iter [59/781.0] Loss: 2.2620 Acc: 20.3125
2019-02-20 04:57:12 INFO     Epoch [1/20], Iter [60/781.0] Loss: 2.1557 Acc: 29.6875
2019-02-20 04:57:12 INFO     Epoch [1/20], Iter [61/781.0] Loss: 2.1854 Acc: 12.5
2019-02-20 04:57:12 INFO     Epoch [1/20], Iter [62/781.0] Loss: 2.1381 Acc: 20.3125
2019-02-20 04:57:13 INFO     Epoch [1/20], Iter [63/781.0] Loss: 2.2438 Acc: 20.3125
2019-02-20 04:57:13 INFO     Epoch [1/20], Iter [64/781.0] Loss: 2.1386 Acc: 21.875
2019-02-20 04:57:13 INFO     Epoch [1/20], Iter [65/781.0] Loss: 2.0643 Acc: 23.4375
2019-02-20 04:57:13 INFO     Epoch [1/20], Iter [66/781.0] Loss: 2.0934 Acc: 23.4375
2019-02-20 04:57:13 INFO     Epoch [1/20], Iter [67/781.0] Loss: 2.2770 Acc: 14.0625
2019-02-20 04:57:14 INFO     Epoch [1/20], Iter [68/781.0] Loss: 2.0162 Acc: 28.125
2019-02-20 04:57:14 INFO     Epoch [1/20], Iter [69/781.0] Loss: 2.0522 Acc: 29.6875
2019-02-20 04:57:14 INFO     Epoch [1/20], Iter [70/781.0] Loss: 2.3778 Acc: 20.3125
2019-02-20 04:57:14 INFO     Epoch [1/20], Iter [71/781.0] Loss: 2.2963 Acc: 23.4375
2019-02-20 04:57:15 INFO     Epoch [1/20], Iter [72/781.0] Loss: 2.0063 Acc: 23.4375
2019-02-20 04:57:15 INFO     Epoch [1/20], Iter [73/781.0] Loss: 2.0119 Acc: 29.6875
2019-02-20 04:57:15 INFO     Epoch [1/20], Iter [74/781.0] Loss: 2.0327 Acc: 23.4375
2019-02-20 04:57:15 INFO     Epoch [1/20], Iter [75/781.0] Loss: 2.1073 Acc: 23.4375
2019-02-20 04:57:15 INFO     Epoch [1/20], Iter [76/781.0] Loss: 2.0652 Acc: 29.6875
2019-02-20 04:57:16 INFO     Epoch [1/20], Iter [77/781.0] Loss: 2.1952 Acc: 23.4375
2019-02-20 04:57:16 INFO     Epoch [1/20], Iter [78/781.0] Loss: 1.9240 Acc: 29.6875
2019-02-20 04:57:16 INFO     Epoch [1/20], Iter [79/781.0] Loss: 2.1314 Acc: 29.6875
2019-02-20 04:57:16 INFO     Epoch [1/20], Iter [80/781.0] Loss: 2.0428 Acc: 23.4375
2019-02-20 04:57:16 INFO     Epoch [1/20], Iter [81/781.0] Loss: 1.9081 Acc: 28.125
2019-02-20 04:57:17 INFO     Epoch [1/20], Iter [82/781.0] Loss: 2.1354 Acc: 18.75
2019-02-20 04:57:17 INFO     Epoch [1/20], Iter [83/781.0] Loss: 1.9222 Acc: 28.125
2019-02-20 04:57:17 INFO     Epoch [1/20], Iter [84/781.0] Loss: 2.0353 Acc: 25.0
2019-02-20 04:57:17 INFO     Epoch [1/20], Iter [85/781.0] Loss: 1.9744 Acc: 40.625
2019-02-20 04:57:18 INFO     Epoch [1/20], Iter [86/781.0] Loss: 1.9198 Acc: 29.6875
2019-02-20 04:57:18 INFO     Epoch [1/20], Iter [87/781.0] Loss: 2.0454 Acc: 18.75
2019-02-20 04:57:18 INFO     Epoch [1/20], Iter [88/781.0] Loss: 1.9713 Acc: 29.6875
2019-02-20 04:57:18 INFO     Epoch [1/20], Iter [89/781.0] Loss: 2.0937 Acc: 28.125
2019-02-20 04:57:18 INFO     Epoch [1/20], Iter [90/781.0] Loss: 1.9061 Acc: 25.0
2019-02-20 04:57:19 INFO     Epoch [1/20], Iter [91/781.0] Loss: 1.9469 Acc: 32.8125
2019-02-20 04:57:19 INFO     Epoch [1/20], Iter [92/781.0] Loss: 1.9225 Acc: 32.8125
2019-02-20 04:57:19 INFO     Epoch [1/20], Iter [93/781.0] Loss: 2.0753 Acc: 26.5625
2019-02-20 04:57:19 INFO     Epoch [1/20], Iter [94/781.0] Loss: 2.0871 Acc: 25.0
2019-02-20 04:57:20 INFO     Epoch [1/20], Iter [95/781.0] Loss: 2.0905 Acc: 31.25
2019-02-20 04:57:20 INFO     Epoch [1/20], Iter [96/781.0] Loss: 1.7219 Acc: 37.5
2019-02-20 04:57:20 INFO     Epoch [1/20], Iter [97/781.0] Loss: 1.9010 Acc: 28.125
2019-02-20 04:57:20 INFO     Epoch [1/20], Iter [98/781.0] Loss: 1.9718 Acc: 28.125
2019-02-20 04:57:20 INFO     Epoch [1/20], Iter [99/781.0] Loss: 1.7958 Acc: 32.8125
2019-02-20 04:57:21 INFO     Epoch [1/20], Iter [100/781.0] Loss: 1.7891 Acc: 39.0625
2019-02-20 04:57:21 INFO     Epoch [1/20], Iter [101/781.0] Loss: 1.9187 Acc: 29.6875
2019-02-20 04:57:21 INFO     Epoch [1/20], Iter [102/781.0] Loss: 2.0283 Acc: 28.125
2019-02-20 04:57:21 INFO     Epoch [1/20], Iter [103/781.0] Loss: 1.7990 Acc: 35.9375
2019-02-20 04:57:21 INFO     Epoch [1/20], Iter [104/781.0] Loss: 2.0148 Acc: 23.4375
2019-02-20 04:57:22 INFO     Epoch [1/20], Iter [105/781.0] Loss: 1.8259 Acc: 42.1875
2019-02-20 04:57:22 INFO     Epoch [1/20], Iter [106/781.0] Loss: 2.1307 Acc: 23.4375
2019-02-20 04:57:22 INFO     Epoch [1/20], Iter [107/781.0] Loss: 2.0245 Acc: 31.25
2019-02-20 04:57:22 INFO     Epoch [1/20], Iter [108/781.0] Loss: 1.8566 Acc: 34.375
2019-02-20 04:57:23 INFO     Epoch [1/20], Iter [109/781.0] Loss: 1.8939 Acc: 34.375
2019-02-20 04:57:23 INFO     Epoch [1/20], Iter [110/781.0] Loss: 2.0494 Acc: 29.6875
2019-02-20 04:57:23 INFO     Epoch [1/20], Iter [111/781.0] Loss: 1.9401 Acc: 29.6875
2019-02-20 04:57:23 INFO     Epoch [1/20], Iter [112/781.0] Loss: 1.7844 Acc: 40.625
2019-02-20 04:57:23 INFO     Epoch [1/20], Iter [113/781.0] Loss: 1.9672 Acc: 32.8125
2019-02-20 04:57:24 INFO     Epoch [1/20], Iter [114/781.0] Loss: 1.8942 Acc: 35.9375
2019-02-20 04:57:24 INFO     Epoch [1/20], Iter [115/781.0] Loss: 1.9206 Acc: 32.8125
2019-02-20 04:57:24 INFO     Epoch [1/20], Iter [116/781.0] Loss: 1.8823 Acc: 25.0
2019-02-20 04:57:24 INFO     Epoch [1/20], Iter [117/781.0] Loss: 1.6955 Acc: 34.375
2019-02-20 04:57:25 INFO     Epoch [1/20], Iter [118/781.0] Loss: 1.6647 Acc: 42.1875
2019-02-20 04:57:25 INFO     Epoch [1/20], Iter [119/781.0] Loss: 1.9091 Acc: 32.8125
2019-02-20 04:57:25 INFO     Epoch [1/20], Iter [120/781.0] Loss: 1.7578 Acc: 35.9375
2019-02-20 04:57:25 INFO     Epoch [1/20], Iter [121/781.0] Loss: 1.9606 Acc: 31.25
2019-02-20 04:57:25 INFO     Epoch [1/20], Iter [122/781.0] Loss: 2.0617 Acc: 32.8125
2019-02-20 04:57:26 INFO     Epoch [1/20], Iter [123/781.0] Loss: 1.7997 Acc: 40.625
2019-02-20 04:57:26 INFO     Epoch [1/20], Iter [124/781.0] Loss: 1.6502 Acc: 39.0625
2019-02-20 04:57:26 INFO     Epoch [1/20], Iter [125/781.0] Loss: 1.7013 Acc: 37.5
2019-02-20 04:57:26 INFO     Epoch [1/20], Iter [126/781.0] Loss: 1.6517 Acc: 37.5
2019-02-20 04:57:26 INFO     Epoch [1/20], Iter [127/781.0] Loss: 1.7502 Acc: 40.625
2019-02-20 04:57:27 INFO     Epoch [1/20], Iter [128/781.0] Loss: 1.8648 Acc: 45.3125
2019-02-20 04:57:27 INFO     Epoch [1/20], Iter [129/781.0] Loss: 2.0785 Acc: 25.0
2019-02-20 04:57:27 INFO     Epoch [1/20], Iter [130/781.0] Loss: 1.5886 Acc: 53.125
2019-02-20 04:57:27 INFO     Epoch [1/20], Iter [131/781.0] Loss: 1.9775 Acc: 25.0
2019-02-20 04:57:28 INFO     Epoch [1/20], Iter [132/781.0] Loss: 1.6939 Acc: 43.75
2019-02-20 04:57:28 INFO     Epoch [1/20], Iter [133/781.0] Loss: 1.7691 Acc: 40.625
2019-02-20 04:57:28 INFO     Epoch [1/20], Iter [134/781.0] Loss: 2.0184 Acc: 34.375
2019-02-20 04:57:28 INFO     Epoch [1/20], Iter [135/781.0] Loss: 1.7530 Acc: 37.5
2019-02-20 04:57:28 INFO     Epoch [1/20], Iter [136/781.0] Loss: 1.7781 Acc: 34.375
2019-02-20 04:57:29 INFO     Epoch [1/20], Iter [137/781.0] Loss: 1.9137 Acc: 32.8125
2019-02-20 04:57:29 INFO     Epoch [1/20], Iter [138/781.0] Loss: 1.8221 Acc: 37.5
2019-02-20 04:57:29 INFO     Epoch [1/20], Iter [139/781.0] Loss: 2.0987 Acc: 37.5
2019-02-20 04:57:29 INFO     Epoch [1/20], Iter [140/781.0] Loss: 2.1949 Acc: 20.3125
2019-02-20 04:57:30 INFO     Epoch [1/20], Iter [141/781.0] Loss: 1.6195 Acc: 50.0
2019-02-20 04:57:30 INFO     Epoch [1/20], Iter [142/781.0] Loss: 1.5202 Acc: 56.25
2019-02-20 04:57:30 INFO     Epoch [1/20], Iter [143/781.0] Loss: 2.0471 Acc: 32.8125
2019-02-20 04:57:30 INFO     Epoch [1/20], Iter [144/781.0] Loss: 2.1383 Acc: 31.25
2019-02-20 04:57:30 INFO     Epoch [1/20], Iter [145/781.0] Loss: 1.9811 Acc: 39.0625
2019-02-20 04:57:31 INFO     Epoch [1/20], Iter [146/781.0] Loss: 1.6564 Acc: 42.1875
2019-02-20 04:57:31 INFO     Epoch [1/20], Iter [147/781.0] Loss: 2.0397 Acc: 31.25
2019-02-20 04:57:31 INFO     Epoch [1/20], Iter [148/781.0] Loss: 1.7233 Acc: 39.0625
2019-02-20 04:57:31 INFO     Epoch [1/20], Iter [149/781.0] Loss: 1.9117 Acc: 31.25
2019-02-20 04:57:31 INFO     Epoch [1/20], Iter [150/781.0] Loss: 1.9242 Acc: 26.5625
2019-02-20 04:57:32 INFO     Epoch [1/20], Iter [151/781.0] Loss: 1.5862 Acc: 46.875
2019-02-20 04:57:32 INFO     Epoch [1/20], Iter [152/781.0] Loss: 1.6010 Acc: 46.875
2019-02-20 04:57:32 INFO     Epoch [1/20], Iter [153/781.0] Loss: 1.6775 Acc: 45.3125
2019-02-20 04:57:32 INFO     Epoch [1/20], Iter [154/781.0] Loss: 1.9397 Acc: 31.25
2019-02-20 04:57:33 INFO     Epoch [1/20], Iter [155/781.0] Loss: 1.8183 Acc: 37.5
2019-02-20 04:57:33 INFO     Epoch [1/20], Iter [156/781.0] Loss: 1.9276 Acc: 42.1875
2019-02-20 04:57:33 INFO     Epoch [1/20], Iter [157/781.0] Loss: 1.5613 Acc: 43.75
2019-02-20 04:57:33 INFO     Epoch [1/20], Iter [158/781.0] Loss: 1.6703 Acc: 46.875
2019-02-20 04:57:33 INFO     Epoch [1/20], Iter [159/781.0] Loss: 1.5986 Acc: 42.1875
2019-02-20 04:57:34 INFO     Epoch [1/20], Iter [160/781.0] Loss: 1.7488 Acc: 40.625
2019-02-20 04:57:34 INFO     Epoch [1/20], Iter [161/781.0] Loss: 1.6564 Acc: 42.1875
2019-02-20 04:57:34 INFO     Epoch [1/20], Iter [162/781.0] Loss: 1.4688 Acc: 42.1875
2019-02-20 04:57:34 INFO     Epoch [1/20], Iter [163/781.0] Loss: 1.4621 Acc: 53.125
2019-02-20 04:57:34 INFO     Epoch [1/20], Iter [164/781.0] Loss: 1.8690 Acc: 35.9375
2019-02-20 04:57:35 INFO     Epoch [1/20], Iter [165/781.0] Loss: 1.8100 Acc: 34.375
2019-02-20 04:57:35 INFO     Epoch [1/20], Iter [166/781.0] Loss: 2.0070 Acc: 39.0625
2019-02-20 04:57:35 INFO     Epoch [1/20], Iter [167/781.0] Loss: 2.2233 Acc: 23.4375
2019-02-20 04:57:35 INFO     Epoch [1/20], Iter [168/781.0] Loss: 1.8981 Acc: 40.625
2019-02-20 04:57:36 INFO     Epoch [1/20], Iter [169/781.0] Loss: 1.6925 Acc: 48.4375
2019-02-20 04:57:36 INFO     Epoch [1/20], Iter [170/781.0] Loss: 1.3438 Acc: 53.125
2019-02-20 04:57:36 INFO     Epoch [1/20], Iter [171/781.0] Loss: 1.7004 Acc: 34.375
2019-02-20 04:57:36 INFO     Epoch [1/20], Iter [172/781.0] Loss: 1.8430 Acc: 35.9375
2019-02-20 04:57:36 INFO     Epoch [1/20], Iter [173/781.0] Loss: 1.5287 Acc: 50.0
2019-02-20 04:57:37 INFO     Epoch [1/20], Iter [174/781.0] Loss: 1.7078 Acc: 32.8125
2019-02-20 04:57:37 INFO     Epoch [1/20], Iter [175/781.0] Loss: 1.5437 Acc: 37.5
2019-02-20 04:57:37 INFO     Epoch [1/20], Iter [176/781.0] Loss: 1.8193 Acc: 32.8125
2019-02-20 04:57:37 INFO     Epoch [1/20], Iter [177/781.0] Loss: 1.5931 Acc: 43.75
2019-02-20 04:57:37 INFO     Epoch [1/20], Iter [178/781.0] Loss: 1.6661 Acc: 39.0625
2019-02-20 04:57:38 INFO     Epoch [1/20], Iter [179/781.0] Loss: 1.8544 Acc: 34.375
2019-02-20 04:57:38 INFO     Epoch [1/20], Iter [180/781.0] Loss: 1.8936 Acc: 29.6875
2019-02-20 04:57:38 INFO     Epoch [1/20], Iter [181/781.0] Loss: 1.7518 Acc: 40.625
2019-02-20 04:57:38 INFO     Epoch [1/20], Iter [182/781.0] Loss: 1.5946 Acc: 45.3125
2019-02-20 04:57:39 INFO     Epoch [1/20], Iter [183/781.0] Loss: 1.7920 Acc: 43.75
2019-02-20 04:57:39 INFO     Epoch [1/20], Iter [184/781.0] Loss: 1.8067 Acc: 40.625
2019-02-20 04:57:39 INFO     Epoch [1/20], Iter [185/781.0] Loss: 1.5012 Acc: 53.125
2019-02-20 04:57:39 INFO     Epoch [1/20], Iter [186/781.0] Loss: 1.4224 Acc: 51.5625
2019-02-20 04:57:39 INFO     Epoch [1/20], Iter [187/781.0] Loss: 1.5104 Acc: 45.3125
2019-02-20 04:57:40 INFO     Epoch [1/20], Iter [188/781.0] Loss: 1.5135 Acc: 39.0625
2019-02-20 04:57:40 INFO     Epoch [1/20], Iter [189/781.0] Loss: 1.7554 Acc: 37.5
2019-02-20 04:57:40 INFO     Epoch [1/20], Iter [190/781.0] Loss: 1.5247 Acc: 40.625
2019-02-20 04:57:40 INFO     Epoch [1/20], Iter [191/781.0] Loss: 1.5473 Acc: 50.0
2019-02-20 04:57:40 INFO     Epoch [1/20], Iter [192/781.0] Loss: 1.4847 Acc: 54.6875
2019-02-20 04:57:41 INFO     Epoch [1/20], Iter [193/781.0] Loss: 1.8976 Acc: 34.375
2019-02-20 04:57:41 INFO     Epoch [1/20], Iter [194/781.0] Loss: 1.5246 Acc: 50.0
2019-02-20 04:57:41 INFO     Epoch [1/20], Iter [195/781.0] Loss: 1.3256 Acc: 56.25
2019-02-20 04:57:41 INFO     Epoch [1/20], Iter [196/781.0] Loss: 1.6195 Acc: 40.625
2019-02-20 04:57:42 INFO     Epoch [1/20], Iter [197/781.0] Loss: 1.4813 Acc: 43.75
2019-02-20 04:57:42 INFO     Epoch [1/20], Iter [198/781.0] Loss: 1.6960 Acc: 40.625
2019-02-20 04:57:42 INFO     Epoch [1/20], Iter [199/781.0] Loss: 2.0407 Acc: 23.4375
2019-02-20 04:57:42 INFO     Epoch [1/20], Iter [200/781.0] Loss: 1.5232 Acc: 51.5625
2019-02-20 04:57:42 INFO     Epoch [1/20], Iter [201/781.0] Loss: 1.6471 Acc: 39.0625
2019-02-20 04:57:43 INFO     Epoch [1/20], Iter [202/781.0] Loss: 1.6373 Acc: 39.0625
2019-02-20 04:57:43 INFO     Epoch [1/20], Iter [203/781.0] Loss: 1.5563 Acc: 48.4375
2019-02-20 04:57:43 INFO     Epoch [1/20], Iter [204/781.0] Loss: 1.6275 Acc: 45.3125
2019-02-20 04:57:43 INFO     Epoch [1/20], Iter [205/781.0] Loss: 1.6365 Acc: 48.4375
2019-02-20 04:57:44 INFO     Epoch [1/20], Iter [206/781.0] Loss: 1.5274 Acc: 51.5625
2019-02-20 04:57:44 INFO     Epoch [1/20], Iter [207/781.0] Loss: 1.5977 Acc: 46.875
2019-02-20 04:57:44 INFO     Epoch [1/20], Iter [208/781.0] Loss: 1.7201 Acc: 35.9375
2019-02-20 04:57:44 INFO     Epoch [1/20], Iter [209/781.0] Loss: 1.4023 Acc: 53.125
2019-02-20 04:57:44 INFO     Epoch [1/20], Iter [210/781.0] Loss: 1.7484 Acc: 43.75
2019-02-20 04:57:45 INFO     Epoch [1/20], Iter [211/781.0] Loss: 1.7852 Acc: 50.0
2019-02-20 04:57:45 INFO     Epoch [1/20], Iter [212/781.0] Loss: 1.6270 Acc: 32.8125
2019-02-20 04:57:45 INFO     Epoch [1/20], Iter [213/781.0] Loss: 1.7931 Acc: 40.625
2019-02-20 04:57:45 INFO     Epoch [1/20], Iter [214/781.0] Loss: 1.6182 Acc: 39.0625
2019-02-20 04:57:45 INFO     Epoch [1/20], Iter [215/781.0] Loss: 1.7095 Acc: 37.5
2019-02-20 04:57:46 INFO     Epoch [1/20], Iter [216/781.0] Loss: 1.2847 Acc: 53.125
2019-02-20 04:57:46 INFO     Epoch [1/20], Iter [217/781.0] Loss: 1.4910 Acc: 51.5625
2019-02-20 04:57:46 INFO     Epoch [1/20], Iter [218/781.0] Loss: 1.4707 Acc: 46.875
2019-02-20 04:57:46 INFO     Epoch [1/20], Iter [219/781.0] Loss: 1.7206 Acc: 42.1875
2019-02-20 04:57:47 INFO     Epoch [1/20], Iter [220/781.0] Loss: 1.5445 Acc: 43.75
2019-02-20 04:57:47 INFO     Epoch [1/20], Iter [221/781.0] Loss: 1.5040 Acc: 48.4375
2019-02-20 04:57:47 INFO     Epoch [1/20], Iter [222/781.0] Loss: 1.3517 Acc: 54.6875
2019-02-20 04:57:47 INFO     Epoch [1/20], Iter [223/781.0] Loss: 1.8105 Acc: 28.125
2019-02-20 04:57:47 INFO     Epoch [1/20], Iter [224/781.0] Loss: 1.6993 Acc: 39.0625
2019-02-20 04:57:48 INFO     Epoch [1/20], Iter [225/781.0] Loss: 1.6467 Acc: 42.1875
2019-02-20 04:57:48 INFO     Epoch [1/20], Iter [226/781.0] Loss: 1.3901 Acc: 56.25
2019-02-20 04:57:48 INFO     Epoch [1/20], Iter [227/781.0] Loss: 1.6132 Acc: 45.3125
2019-02-20 04:57:48 INFO     Epoch [1/20], Iter [228/781.0] Loss: 1.6584 Acc: 42.1875
2019-02-20 04:57:48 INFO     Epoch [1/20], Iter [229/781.0] Loss: 1.7917 Acc: 37.5
2019-02-20 04:57:49 INFO     Epoch [1/20], Iter [230/781.0] Loss: 1.5625 Acc: 46.875
2019-02-20 04:57:49 INFO     Epoch [1/20], Iter [231/781.0] Loss: 1.1688 Acc: 62.5
2019-02-20 04:57:49 INFO     Epoch [1/20], Iter [232/781.0] Loss: 1.7819 Acc: 34.375
2019-02-20 04:57:49 INFO     Epoch [1/20], Iter [233/781.0] Loss: 1.5715 Acc: 45.3125
2019-02-20 04:57:50 INFO     Epoch [1/20], Iter [234/781.0] Loss: 1.5181 Acc: 43.75
2019-02-20 04:57:50 INFO     Epoch [1/20], Iter [235/781.0] Loss: 1.4125 Acc: 43.75
2019-02-20 04:57:50 INFO     Epoch [1/20], Iter [236/781.0] Loss: 1.7367 Acc: 45.3125
2019-02-20 04:57:50 INFO     Epoch [1/20], Iter [237/781.0] Loss: 1.6382 Acc: 40.625
2019-02-20 04:57:50 INFO     Epoch [1/20], Iter [238/781.0] Loss: 1.6330 Acc: 42.1875
2019-02-20 04:57:51 INFO     Epoch [1/20], Iter [239/781.0] Loss: 1.3290 Acc: 51.5625
2019-02-20 04:57:51 INFO     Epoch [1/20], Iter [240/781.0] Loss: 1.3940 Acc: 50.0
2019-02-20 04:57:51 INFO     Epoch [1/20], Iter [241/781.0] Loss: 1.7181 Acc: 40.625
2019-02-20 04:57:51 INFO     Epoch [1/20], Iter [242/781.0] Loss: 1.7553 Acc: 42.1875
2019-02-20 04:57:51 INFO     Epoch [1/20], Iter [243/781.0] Loss: 1.4656 Acc: 57.8125
2019-02-20 04:57:52 INFO     Epoch [1/20], Iter [244/781.0] Loss: 1.3797 Acc: 51.5625
2019-02-20 04:57:52 INFO     Epoch [1/20], Iter [245/781.0] Loss: 1.6047 Acc: 42.1875
2019-02-20 04:57:52 INFO     Epoch [1/20], Iter [246/781.0] Loss: 1.9550 Acc: 32.8125
2019-02-20 04:57:52 INFO     Epoch [1/20], Iter [247/781.0] Loss: 1.3804 Acc: 56.25
2019-02-20 04:57:53 INFO     Epoch [1/20], Iter [248/781.0] Loss: 1.2409 Acc: 56.25
2019-02-20 04:57:53 INFO     Epoch [1/20], Iter [249/781.0] Loss: 1.4603 Acc: 50.0
2019-02-20 04:57:53 INFO     Epoch [1/20], Iter [250/781.0] Loss: 1.6072 Acc: 48.4375
2019-02-20 04:57:53 INFO     Epoch [1/20], Iter [251/781.0] Loss: 1.2596 Acc: 57.8125
2019-02-20 04:57:53 INFO     Epoch [1/20], Iter [252/781.0] Loss: 1.9289 Acc: 42.1875
2019-02-20 04:57:54 INFO     Epoch [1/20], Iter [253/781.0] Loss: 1.6450 Acc: 48.4375
2019-02-20 04:57:54 INFO     Epoch [1/20], Iter [254/781.0] Loss: 1.7093 Acc: 50.0
2019-02-20 04:57:54 INFO     Epoch [1/20], Iter [255/781.0] Loss: 1.1182 Acc: 60.9375
2019-02-20 04:57:54 INFO     Epoch [1/20], Iter [256/781.0] Loss: 1.5240 Acc: 48.4375
2019-02-20 04:57:55 INFO     Epoch [1/20], Iter [257/781.0] Loss: 1.6067 Acc: 43.75
2019-02-20 04:57:55 INFO     Epoch [1/20], Iter [258/781.0] Loss: 1.3168 Acc: 57.8125
2019-02-20 04:57:55 INFO     Epoch [1/20], Iter [259/781.0] Loss: 1.5679 Acc: 45.3125
2019-02-20 04:57:55 INFO     Epoch [1/20], Iter [260/781.0] Loss: 1.9375 Acc: 32.8125
2019-02-20 04:57:55 INFO     Epoch [1/20], Iter [261/781.0] Loss: 1.8767 Acc: 35.9375
2019-02-20 04:57:56 INFO     Epoch [1/20], Iter [262/781.0] Loss: 1.6101 Acc: 40.625
2019-02-20 04:57:56 INFO     Epoch [1/20], Iter [263/781.0] Loss: 1.6849 Acc: 34.375
2019-02-20 04:57:56 INFO     Epoch [1/20], Iter [264/781.0] Loss: 1.3440 Acc: 48.4375
2019-02-20 04:57:56 INFO     Epoch [1/20], Iter [265/781.0] Loss: 1.7196 Acc: 42.1875
2019-02-20 04:57:56 INFO     Epoch [1/20], Iter [266/781.0] Loss: 1.3943 Acc: 51.5625
2019-02-20 04:57:57 INFO     Epoch [1/20], Iter [267/781.0] Loss: 1.3912 Acc: 56.25
2019-02-20 04:57:57 INFO     Epoch [1/20], Iter [268/781.0] Loss: 1.8527 Acc: 42.1875
2019-02-20 04:57:57 INFO     Epoch [1/20], Iter [269/781.0] Loss: 1.6562 Acc: 40.625
2019-02-20 04:57:57 INFO     Epoch [1/20], Iter [270/781.0] Loss: 1.5058 Acc: 48.4375
2019-02-20 04:57:58 INFO     Epoch [1/20], Iter [271/781.0] Loss: 1.4638 Acc: 43.75
2019-02-20 04:57:58 INFO     Epoch [1/20], Iter [272/781.0] Loss: 1.4892 Acc: 42.1875
2019-02-20 04:57:58 INFO     Epoch [1/20], Iter [273/781.0] Loss: 1.5683 Acc: 48.4375
2019-02-20 04:57:58 INFO     Epoch [1/20], Iter [274/781.0] Loss: 1.5926 Acc: 39.0625
2019-02-20 04:57:58 INFO     Epoch [1/20], Iter [275/781.0] Loss: 1.5259 Acc: 50.0
2019-02-20 04:57:59 INFO     Epoch [1/20], Iter [276/781.0] Loss: 1.4308 Acc: 48.4375
2019-02-20 04:57:59 INFO     Epoch [1/20], Iter [277/781.0] Loss: 1.4889 Acc: 42.1875
2019-02-20 04:57:59 INFO     Epoch [1/20], Iter [278/781.0] Loss: 1.3417 Acc: 53.125
2019-02-20 04:57:59 INFO     Epoch [1/20], Iter [279/781.0] Loss: 1.3888 Acc: 51.5625
2019-02-20 04:57:59 INFO     Epoch [1/20], Iter [280/781.0] Loss: 1.4124 Acc: 48.4375
2019-02-20 04:58:00 INFO     Epoch [1/20], Iter [281/781.0] Loss: 1.6021 Acc: 51.5625
2019-02-20 04:58:00 INFO     Epoch [1/20], Iter [282/781.0] Loss: 1.5947 Acc: 48.4375
2019-02-20 04:58:00 INFO     Epoch [1/20], Iter [283/781.0] Loss: 1.5052 Acc: 50.0
2019-02-20 04:58:00 INFO     Epoch [1/20], Iter [284/781.0] Loss: 1.5644 Acc: 42.1875
2019-02-20 04:58:01 INFO     Epoch [1/20], Iter [285/781.0] Loss: 1.3263 Acc: 60.9375
2019-02-20 04:58:01 INFO     Epoch [1/20], Iter [286/781.0] Loss: 1.6018 Acc: 43.75
2019-02-20 04:58:01 INFO     Epoch [1/20], Iter [287/781.0] Loss: 1.7204 Acc: 50.0
2019-02-20 04:58:01 INFO     Epoch [1/20], Iter [288/781.0] Loss: 1.4793 Acc: 46.875
2019-02-20 04:58:01 INFO     Epoch [1/20], Iter [289/781.0] Loss: 1.8372 Acc: 37.5
2019-02-20 04:58:02 INFO     Epoch [1/20], Iter [290/781.0] Loss: 1.4978 Acc: 48.4375
2019-02-20 04:58:02 INFO     Epoch [1/20], Iter [291/781.0] Loss: 1.2925 Acc: 51.5625
2019-02-20 04:58:02 INFO     Epoch [1/20], Iter [292/781.0] Loss: 1.5688 Acc: 37.5
2019-02-20 04:58:02 INFO     Epoch [1/20], Iter [293/781.0] Loss: 1.4434 Acc: 46.875
2019-02-20 04:58:03 INFO     Epoch [1/20], Iter [294/781.0] Loss: 1.3508 Acc: 51.5625
2019-02-20 04:58:03 INFO     Epoch [1/20], Iter [295/781.0] Loss: 1.6071 Acc: 45.3125
2019-02-20 04:58:03 INFO     Epoch [1/20], Iter [296/781.0] Loss: 1.3365 Acc: 57.8125
2019-02-20 04:58:03 INFO     Epoch [1/20], Iter [297/781.0] Loss: 1.5005 Acc: 53.125
2019-02-20 04:58:03 INFO     Epoch [1/20], Iter [298/781.0] Loss: 1.4374 Acc: 46.875
2019-02-20 04:58:04 INFO     Epoch [1/20], Iter [299/781.0] Loss: 1.3119 Acc: 50.0
2019-02-20 04:58:04 INFO     Epoch [1/20], Iter [300/781.0] Loss: 1.6858 Acc: 48.4375
2019-02-20 04:58:04 INFO     Epoch [1/20], Iter [301/781.0] Loss: 1.6134 Acc: 46.875
2019-02-20 04:58:04 INFO     Epoch [1/20], Iter [302/781.0] Loss: 1.1211 Acc: 60.9375
2019-02-20 04:58:04 INFO     Epoch [1/20], Iter [303/781.0] Loss: 1.2866 Acc: 53.125
2019-02-20 04:58:05 INFO     Epoch [1/20], Iter [304/781.0] Loss: 1.5415 Acc: 50.0
2019-02-20 04:58:05 INFO     Epoch [1/20], Iter [305/781.0] Loss: 1.2221 Acc: 60.9375
2019-02-20 04:58:05 INFO     Epoch [1/20], Iter [306/781.0] Loss: 1.0846 Acc: 64.0625
2019-02-20 04:58:05 INFO     Epoch [1/20], Iter [307/781.0] Loss: 1.3460 Acc: 60.9375
2019-02-20 04:58:06 INFO     Epoch [1/20], Iter [308/781.0] Loss: 1.4476 Acc: 48.4375
2019-02-20 04:58:06 INFO     Epoch [1/20], Iter [309/781.0] Loss: 1.5992 Acc: 46.875
2019-02-20 04:58:06 INFO     Epoch [1/20], Iter [310/781.0] Loss: 1.1510 Acc: 59.375
2019-02-20 04:58:06 INFO     Epoch [1/20], Iter [311/781.0] Loss: 1.2297 Acc: 53.125
2019-02-20 04:58:06 INFO     Epoch [1/20], Iter [312/781.0] Loss: 1.3552 Acc: 54.6875
2019-02-20 04:58:07 INFO     Epoch [1/20], Iter [313/781.0] Loss: 1.5245 Acc: 54.6875
2019-02-20 04:58:07 INFO     Epoch [1/20], Iter [314/781.0] Loss: 1.0807 Acc: 64.0625
2019-02-20 04:58:07 INFO     Epoch [1/20], Iter [315/781.0] Loss: 1.4659 Acc: 51.5625
2019-02-20 04:58:07 INFO     Epoch [1/20], Iter [316/781.0] Loss: 1.5132 Acc: 46.875
2019-02-20 04:58:07 INFO     Epoch [1/20], Iter [317/781.0] Loss: 1.6412 Acc: 43.75
2019-02-20 04:58:08 INFO     Epoch [1/20], Iter [318/781.0] Loss: 1.3180 Acc: 56.25
2019-02-20 04:58:08 INFO     Epoch [1/20], Iter [319/781.0] Loss: 1.0409 Acc: 64.0625
2019-02-20 04:58:08 INFO     Epoch [1/20], Iter [320/781.0] Loss: 1.4966 Acc: 53.125
2019-02-20 04:58:08 INFO     Epoch [1/20], Iter [321/781.0] Loss: 1.6612 Acc: 45.3125
2019-02-20 04:58:09 INFO     Epoch [1/20], Iter [322/781.0] Loss: 1.4058 Acc: 53.125
2019-02-20 04:58:09 INFO     Epoch [1/20], Iter [323/781.0] Loss: 1.3339 Acc: 42.1875
2019-02-20 04:58:09 INFO     Epoch [1/20], Iter [324/781.0] Loss: 1.2853 Acc: 50.0
2019-02-20 04:58:09 INFO     Epoch [1/20], Iter [325/781.0] Loss: 1.3589 Acc: 54.6875
2019-02-20 04:58:09 INFO     Epoch [1/20], Iter [326/781.0] Loss: 1.5602 Acc: 45.3125
2019-02-20 04:58:10 INFO     Epoch [1/20], Iter [327/781.0] Loss: 1.3676 Acc: 59.375
2019-02-20 04:58:10 INFO     Epoch [1/20], Iter [328/781.0] Loss: 1.3782 Acc: 57.8125
2019-02-20 04:58:10 INFO     Epoch [1/20], Iter [329/781.0] Loss: 1.5198 Acc: 37.5
2019-02-20 04:58:10 INFO     Epoch [1/20], Iter [330/781.0] Loss: 1.4281 Acc: 56.25
2019-02-20 04:58:10 INFO     Epoch [1/20], Iter [331/781.0] Loss: 1.5085 Acc: 37.5
2019-02-20 04:58:11 INFO     Epoch [1/20], Iter [332/781.0] Loss: 1.2135 Acc: 57.8125
2019-02-20 04:58:11 INFO     Epoch [1/20], Iter [333/781.0] Loss: 1.2720 Acc: 54.6875
2019-02-20 04:58:11 INFO     Epoch [1/20], Iter [334/781.0] Loss: 1.2941 Acc: 53.125
2019-02-20 04:58:11 INFO     Epoch [1/20], Iter [335/781.0] Loss: 1.4660 Acc: 50.0
2019-02-20 04:58:12 INFO     Epoch [1/20], Iter [336/781.0] Loss: 1.6887 Acc: 42.1875
2019-02-20 04:58:12 INFO     Epoch [1/20], Iter [337/781.0] Loss: 1.4531 Acc: 50.0
2019-02-20 04:58:12 INFO     Epoch [1/20], Iter [338/781.0] Loss: 1.3481 Acc: 51.5625
2019-02-20 04:58:12 INFO     Epoch [1/20], Iter [339/781.0] Loss: 1.6056 Acc: 53.125
2019-02-20 04:58:12 INFO     Epoch [1/20], Iter [340/781.0] Loss: 1.3614 Acc: 57.8125
2019-02-20 04:58:13 INFO     Epoch [1/20], Iter [341/781.0] Loss: 1.6117 Acc: 45.3125
2019-02-20 04:58:13 INFO     Epoch [1/20], Iter [342/781.0] Loss: 1.2606 Acc: 51.5625
2019-02-20 04:58:13 INFO     Epoch [1/20], Iter [343/781.0] Loss: 1.6178 Acc: 39.0625
2019-02-20 04:58:13 INFO     Epoch [1/20], Iter [344/781.0] Loss: 1.3744 Acc: 51.5625
2019-02-20 04:58:13 INFO     Epoch [1/20], Iter [345/781.0] Loss: 1.1214 Acc: 62.5
2019-02-20 04:58:14 INFO     Epoch [1/20], Iter [346/781.0] Loss: 1.2452 Acc: 51.5625
2019-02-20 04:58:14 INFO     Epoch [1/20], Iter [347/781.0] Loss: 1.2062 Acc: 59.375
2019-02-20 04:58:14 INFO     Epoch [1/20], Iter [348/781.0] Loss: 1.3406 Acc: 54.6875
2019-02-20 04:58:14 INFO     Epoch [1/20], Iter [349/781.0] Loss: 1.1447 Acc: 57.8125
2019-02-20 04:58:15 INFO     Epoch [1/20], Iter [350/781.0] Loss: 1.3000 Acc: 56.25
2019-02-20 04:58:15 INFO     Epoch [1/20], Iter [351/781.0] Loss: 1.5024 Acc: 50.0
2019-02-20 04:58:15 INFO     Epoch [1/20], Iter [352/781.0] Loss: 1.4114 Acc: 48.4375
2019-02-20 04:58:15 INFO     Epoch [1/20], Iter [353/781.0] Loss: 1.5050 Acc: 51.5625
2019-02-20 04:58:15 INFO     Epoch [1/20], Iter [354/781.0] Loss: 1.1906 Acc: 65.625
2019-02-20 04:58:16 INFO     Epoch [1/20], Iter [355/781.0] Loss: 1.0581 Acc: 65.625
2019-02-20 04:58:16 INFO     Epoch [1/20], Iter [356/781.0] Loss: 1.5152 Acc: 45.3125
2019-02-20 04:58:16 INFO     Epoch [1/20], Iter [357/781.0] Loss: 1.5972 Acc: 48.4375
2019-02-20 04:58:16 INFO     Epoch [1/20], Iter [358/781.0] Loss: 1.1483 Acc: 59.375
2019-02-20 04:58:16 INFO     Epoch [1/20], Iter [359/781.0] Loss: 1.5093 Acc: 51.5625
2019-02-20 04:58:17 INFO     Epoch [1/20], Iter [360/781.0] Loss: 1.7043 Acc: 43.75
2019-02-20 04:58:17 INFO     Epoch [1/20], Iter [361/781.0] Loss: 1.6454 Acc: 45.3125
2019-02-20 04:58:17 INFO     Epoch [1/20], Iter [362/781.0] Loss: 1.2194 Acc: 53.125
2019-02-20 04:58:17 INFO     Epoch [1/20], Iter [363/781.0] Loss: 1.2426 Acc: 57.8125
2019-02-20 04:58:18 INFO     Epoch [1/20], Iter [364/781.0] Loss: 1.5610 Acc: 43.75
2019-02-20 04:58:18 INFO     Epoch [1/20], Iter [365/781.0] Loss: 1.4462 Acc: 56.25
2019-02-20 04:58:18 INFO     Epoch [1/20], Iter [366/781.0] Loss: 1.2321 Acc: 59.375
2019-02-20 04:58:18 INFO     Epoch [1/20], Iter [367/781.0] Loss: 1.5009 Acc: 51.5625
2019-02-20 04:58:18 INFO     Epoch [1/20], Iter [368/781.0] Loss: 1.2245 Acc: 50.0
2019-02-20 04:58:19 INFO     Epoch [1/20], Iter [369/781.0] Loss: 1.2051 Acc: 57.8125
2019-02-20 04:58:19 INFO     Epoch [1/20], Iter [370/781.0] Loss: 1.2602 Acc: 54.6875
2019-02-20 04:58:19 INFO     Epoch [1/20], Iter [371/781.0] Loss: 1.3162 Acc: 51.5625
2019-02-20 04:58:19 INFO     Epoch [1/20], Iter [372/781.0] Loss: 1.3049 Acc: 60.9375
2019-02-20 04:58:19 INFO     Epoch [1/20], Iter [373/781.0] Loss: 1.3898 Acc: 56.25
2019-02-20 04:58:20 INFO     Epoch [1/20], Iter [374/781.0] Loss: 1.1817 Acc: 59.375
2019-02-20 04:58:20 INFO     Epoch [1/20], Iter [375/781.0] Loss: 1.2046 Acc: 50.0
2019-02-20 04:58:20 INFO     Epoch [1/20], Iter [376/781.0] Loss: 1.2591 Acc: 54.6875
2019-02-20 04:58:20 INFO     Epoch [1/20], Iter [377/781.0] Loss: 1.0512 Acc: 64.0625
2019-02-20 04:58:21 INFO     Epoch [1/20], Iter [378/781.0] Loss: 1.4302 Acc: 46.875
2019-02-20 04:58:21 INFO     Epoch [1/20], Iter [379/781.0] Loss: 1.5262 Acc: 50.0
2019-02-20 04:58:21 INFO     Epoch [1/20], Iter [380/781.0] Loss: 1.2209 Acc: 51.5625
2019-02-20 04:58:21 INFO     Epoch [1/20], Iter [381/781.0] Loss: 1.2469 Acc: 51.5625
2019-02-20 04:58:21 INFO     Epoch [1/20], Iter [382/781.0] Loss: 1.2475 Acc: 56.25
2019-02-20 04:58:22 INFO     Epoch [1/20], Iter [383/781.0] Loss: 1.3712 Acc: 57.8125
2019-02-20 04:58:22 INFO     Epoch [1/20], Iter [384/781.0] Loss: 1.2327 Acc: 60.9375
2019-02-20 04:58:22 INFO     Epoch [1/20], Iter [385/781.0] Loss: 1.3181 Acc: 54.6875
2019-02-20 04:58:22 INFO     Epoch [1/20], Iter [386/781.0] Loss: 1.4440 Acc: 46.875
2019-02-20 04:58:23 INFO     Epoch [1/20], Iter [387/781.0] Loss: 1.1521 Acc: 53.125
2019-02-20 04:58:23 INFO     Epoch [1/20], Iter [388/781.0] Loss: 1.2569 Acc: 59.375
2019-02-20 04:58:23 INFO     Epoch [1/20], Iter [389/781.0] Loss: 1.3740 Acc: 53.125
2019-02-20 04:58:23 INFO     Epoch [1/20], Iter [390/781.0] Loss: 1.6900 Acc: 43.75
2019-02-20 04:58:23 INFO     Epoch [1/20], Iter [391/781.0] Loss: 1.7082 Acc: 35.9375
2019-02-20 04:58:24 INFO     Epoch [1/20], Iter [392/781.0] Loss: 1.3791 Acc: 45.3125
2019-02-20 04:58:24 INFO     Epoch [1/20], Iter [393/781.0] Loss: 1.6213 Acc: 43.75
2019-02-20 04:58:24 INFO     Epoch [1/20], Iter [394/781.0] Loss: 1.0885 Acc: 62.5
2019-02-20 04:58:24 INFO     Epoch [1/20], Iter [395/781.0] Loss: 1.8185 Acc: 37.5
2019-02-20 04:58:24 INFO     Epoch [1/20], Iter [396/781.0] Loss: 1.1608 Acc: 51.5625
2019-02-20 04:58:25 INFO     Epoch [1/20], Iter [397/781.0] Loss: 1.4342 Acc: 45.3125
2019-02-20 04:58:25 INFO     Epoch [1/20], Iter [398/781.0] Loss: 1.5892 Acc: 43.75
2019-02-20 04:58:25 INFO     Epoch [1/20], Iter [399/781.0] Loss: 1.1628 Acc: 57.8125
2019-02-20 04:58:25 INFO     Epoch [1/20], Iter [400/781.0] Loss: 1.3214 Acc: 59.375
2019-02-20 04:58:26 INFO     Epoch [1/20], Iter [401/781.0] Loss: 1.4724 Acc: 45.3125
2019-02-20 04:58:26 INFO     Epoch [1/20], Iter [402/781.0] Loss: 1.2351 Acc: 57.8125
2019-02-20 04:58:26 INFO     Epoch [1/20], Iter [403/781.0] Loss: 1.4696 Acc: 48.4375
2019-02-20 04:58:26 INFO     Epoch [1/20], Iter [404/781.0] Loss: 1.2495 Acc: 56.25
2019-02-20 04:58:26 INFO     Epoch [1/20], Iter [405/781.0] Loss: 1.4097 Acc: 48.4375
2019-02-20 04:58:27 INFO     Epoch [1/20], Iter [406/781.0] Loss: 1.2398 Acc: 56.25
2019-02-20 04:58:27 INFO     Epoch [1/20], Iter [407/781.0] Loss: 1.1438 Acc: 64.0625
2019-02-20 04:58:27 INFO     Epoch [1/20], Iter [408/781.0] Loss: 1.0412 Acc: 57.8125
2019-02-20 04:58:27 INFO     Epoch [1/20], Iter [409/781.0] Loss: 1.1420 Acc: 56.25
2019-02-20 04:58:27 INFO     Epoch [1/20], Iter [410/781.0] Loss: 1.3760 Acc: 51.5625
2019-02-20 04:58:28 INFO     Epoch [1/20], Iter [411/781.0] Loss: 1.1338 Acc: 57.8125
2019-02-20 04:58:28 INFO     Epoch [1/20], Iter [412/781.0] Loss: 1.5098 Acc: 46.875
2019-02-20 04:58:28 INFO     Epoch [1/20], Iter [413/781.0] Loss: 1.4960 Acc: 56.25
2019-02-20 04:58:28 INFO     Epoch [1/20], Iter [414/781.0] Loss: 0.9679 Acc: 68.75
2019-02-20 04:58:29 INFO     Epoch [1/20], Iter [415/781.0] Loss: 1.3667 Acc: 51.5625
2019-02-20 04:58:29 INFO     Epoch [1/20], Iter [416/781.0] Loss: 1.7112 Acc: 40.625
2019-02-20 04:58:29 INFO     Epoch [1/20], Iter [417/781.0] Loss: 1.0436 Acc: 67.1875
2019-02-20 04:58:29 INFO     Epoch [1/20], Iter [418/781.0] Loss: 1.3887 Acc: 46.875
2019-02-20 04:58:29 INFO     Epoch [1/20], Iter [419/781.0] Loss: 1.4455 Acc: 43.75
2019-02-20 04:58:30 INFO     Epoch [1/20], Iter [420/781.0] Loss: 1.6113 Acc: 40.625
2019-02-20 04:58:30 INFO     Epoch [1/20], Iter [421/781.0] Loss: 1.4070 Acc: 53.125
2019-02-20 04:58:30 INFO     Epoch [1/20], Iter [422/781.0] Loss: 1.4334 Acc: 48.4375
2019-02-20 04:58:30 INFO     Epoch [1/20], Iter [423/781.0] Loss: 1.1120 Acc: 65.625
2019-02-20 04:58:30 INFO     Epoch [1/20], Iter [424/781.0] Loss: 1.1041 Acc: 57.8125
2019-02-20 04:58:31 INFO     Epoch [1/20], Iter [425/781.0] Loss: 1.4365 Acc: 53.125
2019-02-20 04:58:31 INFO     Epoch [1/20], Iter [426/781.0] Loss: 1.4822 Acc: 46.875
2019-02-20 04:58:31 INFO     Epoch [1/20], Iter [427/781.0] Loss: 1.3931 Acc: 50.0
2019-02-20 04:58:31 INFO     Epoch [1/20], Iter [428/781.0] Loss: 1.3654 Acc: 54.6875
2019-02-20 04:58:32 INFO     Epoch [1/20], Iter [429/781.0] Loss: 1.4039 Acc: 42.1875
2019-02-20 04:58:32 INFO     Epoch [1/20], Iter [430/781.0] Loss: 1.1737 Acc: 62.5
2019-02-20 04:58:32 INFO     Epoch [1/20], Iter [431/781.0] Loss: 1.0973 Acc: 59.375
2019-02-20 04:58:32 INFO     Epoch [1/20], Iter [432/781.0] Loss: 1.3035 Acc: 56.25
2019-02-20 04:58:32 INFO     Epoch [1/20], Iter [433/781.0] Loss: 1.1657 Acc: 64.0625
2019-02-20 04:58:33 INFO     Epoch [1/20], Iter [434/781.0] Loss: 1.1544 Acc: 59.375
2019-02-20 04:58:33 INFO     Epoch [1/20], Iter [435/781.0] Loss: 1.3561 Acc: 54.6875
2019-02-20 04:58:33 INFO     Epoch [1/20], Iter [436/781.0] Loss: 1.3607 Acc: 43.75
2019-02-20 04:58:33 INFO     Epoch [1/20], Iter [437/781.0] Loss: 1.1260 Acc: 54.6875
2019-02-20 04:58:33 INFO     Epoch [1/20], Iter [438/781.0] Loss: 1.2574 Acc: 56.25
2019-02-20 04:58:34 INFO     Epoch [1/20], Iter [439/781.0] Loss: 1.5160 Acc: 45.3125
2019-02-20 04:58:34 INFO     Epoch [1/20], Iter [440/781.0] Loss: 1.1414 Acc: 59.375
2019-02-20 04:58:34 INFO     Epoch [1/20], Iter [441/781.0] Loss: 1.3327 Acc: 50.0
2019-02-20 04:58:34 INFO     Epoch [1/20], Iter [442/781.0] Loss: 1.5645 Acc: 43.75
2019-02-20 04:58:35 INFO     Epoch [1/20], Iter [443/781.0] Loss: 1.3621 Acc: 48.4375
2019-02-20 04:58:35 INFO     Epoch [1/20], Iter [444/781.0] Loss: 1.2733 Acc: 56.25
2019-02-20 04:58:35 INFO     Epoch [1/20], Iter [445/781.0] Loss: 1.0842 Acc: 59.375
2019-02-20 04:58:35 INFO     Epoch [1/20], Iter [446/781.0] Loss: 1.1662 Acc: 56.25
2019-02-20 04:58:35 INFO     Epoch [1/20], Iter [447/781.0] Loss: 1.1654 Acc: 54.6875
2019-02-20 04:58:36 INFO     Epoch [1/20], Iter [448/781.0] Loss: 1.2593 Acc: 54.6875
2019-02-20 04:58:36 INFO     Epoch [1/20], Iter [449/781.0] Loss: 1.0552 Acc: 67.1875
2019-02-20 04:58:36 INFO     Epoch [1/20], Iter [450/781.0] Loss: 1.0765 Acc: 62.5
2019-02-20 04:58:36 INFO     Epoch [1/20], Iter [451/781.0] Loss: 1.1212 Acc: 56.25
2019-02-20 04:58:37 INFO     Epoch [1/20], Iter [452/781.0] Loss: 1.3101 Acc: 60.9375
2019-02-20 04:58:37 INFO     Epoch [1/20], Iter [453/781.0] Loss: 1.1192 Acc: 54.6875
2019-02-20 04:58:37 INFO     Epoch [1/20], Iter [454/781.0] Loss: 1.1229 Acc: 62.5
2019-02-20 04:58:37 INFO     Epoch [1/20], Iter [455/781.0] Loss: 1.1647 Acc: 67.1875
2019-02-20 04:58:37 INFO     Epoch [1/20], Iter [456/781.0] Loss: 1.2120 Acc: 51.5625
2019-02-20 04:58:38 INFO     Epoch [1/20], Iter [457/781.0] Loss: 1.3311 Acc: 54.6875
2019-02-20 04:58:38 INFO     Epoch [1/20], Iter [458/781.0] Loss: 1.4251 Acc: 46.875
2019-02-20 04:58:38 INFO     Epoch [1/20], Iter [459/781.0] Loss: 1.3809 Acc: 53.125
2019-02-20 04:58:38 INFO     Epoch [1/20], Iter [460/781.0] Loss: 1.2524 Acc: 54.6875
2019-02-20 04:58:38 INFO     Epoch [1/20], Iter [461/781.0] Loss: 1.2936 Acc: 60.9375
2019-02-20 04:58:39 INFO     Epoch [1/20], Iter [462/781.0] Loss: 1.1063 Acc: 56.25
2019-02-20 04:58:39 INFO     Epoch [1/20], Iter [463/781.0] Loss: 1.1553 Acc: 62.5
2019-02-20 04:58:39 INFO     Epoch [1/20], Iter [464/781.0] Loss: 1.0456 Acc: 60.9375
2019-02-20 04:58:39 INFO     Epoch [1/20], Iter [465/781.0] Loss: 1.1220 Acc: 73.4375
2019-02-20 04:58:40 INFO     Epoch [1/20], Iter [466/781.0] Loss: 1.3194 Acc: 54.6875
2019-02-20 04:58:40 INFO     Epoch [1/20], Iter [467/781.0] Loss: 1.2569 Acc: 54.6875
2019-02-20 04:58:40 INFO     Epoch [1/20], Iter [468/781.0] Loss: 1.3234 Acc: 45.3125
2019-02-20 04:58:40 INFO     Epoch [1/20], Iter [469/781.0] Loss: 1.0511 Acc: 64.0625
2019-02-20 04:58:40 INFO     Epoch [1/20], Iter [470/781.0] Loss: 1.0533 Acc: 67.1875
2019-02-20 04:58:41 INFO     Epoch [1/20], Iter [471/781.0] Loss: 1.2557 Acc: 57.8125
2019-02-20 04:58:41 INFO     Epoch [1/20], Iter [472/781.0] Loss: 0.9698 Acc: 64.0625
2019-02-20 04:58:41 INFO     Epoch [1/20], Iter [473/781.0] Loss: 1.2655 Acc: 53.125
2019-02-20 04:58:41 INFO     Epoch [1/20], Iter [474/781.0] Loss: 1.2549 Acc: 59.375
2019-02-20 04:58:41 INFO     Epoch [1/20], Iter [475/781.0] Loss: 1.0999 Acc: 62.5
2019-02-20 04:58:42 INFO     Epoch [1/20], Iter [476/781.0] Loss: 1.3824 Acc: 53.125
2019-02-20 04:58:42 INFO     Epoch [1/20], Iter [477/781.0] Loss: 1.5341 Acc: 46.875
2019-02-20 04:58:42 INFO     Epoch [1/20], Iter [478/781.0] Loss: 1.1704 Acc: 59.375
2019-02-20 04:58:42 INFO     Epoch [1/20], Iter [479/781.0] Loss: 1.4493 Acc: 53.125
2019-02-20 04:58:43 INFO     Epoch [1/20], Iter [480/781.0] Loss: 1.2954 Acc: 50.0
2019-02-20 04:58:43 INFO     Epoch [1/20], Iter [481/781.0] Loss: 1.7349 Acc: 43.75
2019-02-20 04:58:43 INFO     Epoch [1/20], Iter [482/781.0] Loss: 1.2427 Acc: 56.25
2019-02-20 04:58:43 INFO     Epoch [1/20], Iter [483/781.0] Loss: 1.3926 Acc: 48.4375
2019-02-20 04:58:43 INFO     Epoch [1/20], Iter [484/781.0] Loss: 1.5286 Acc: 51.5625
2019-02-20 04:58:44 INFO     Epoch [1/20], Iter [485/781.0] Loss: 1.1923 Acc: 59.375
2019-02-20 04:58:44 INFO     Epoch [1/20], Iter [486/781.0] Loss: 1.3092 Acc: 59.375
2019-02-20 04:58:44 INFO     Epoch [1/20], Iter [487/781.0] Loss: 1.4336 Acc: 48.4375
2019-02-20 04:58:44 INFO     Epoch [1/20], Iter [488/781.0] Loss: 1.3068 Acc: 50.0
2019-02-20 04:58:44 INFO     Epoch [1/20], Iter [489/781.0] Loss: 1.1981 Acc: 48.4375
2019-02-20 04:58:45 INFO     Epoch [1/20], Iter [490/781.0] Loss: 1.0803 Acc: 68.75
2019-02-20 04:58:45 INFO     Epoch [1/20], Iter [491/781.0] Loss: 1.1939 Acc: 50.0
2019-02-20 04:58:45 INFO     Epoch [1/20], Iter [492/781.0] Loss: 1.3029 Acc: 54.6875
2019-02-20 04:58:45 INFO     Epoch [1/20], Iter [493/781.0] Loss: 1.0969 Acc: 59.375
2019-02-20 04:58:46 INFO     Epoch [1/20], Iter [494/781.0] Loss: 1.1730 Acc: 62.5
2019-02-20 04:58:46 INFO     Epoch [1/20], Iter [495/781.0] Loss: 1.2242 Acc: 64.0625
2019-02-20 04:58:46 INFO     Epoch [1/20], Iter [496/781.0] Loss: 1.1082 Acc: 65.625
2019-02-20 04:58:46 INFO     Epoch [1/20], Iter [497/781.0] Loss: 1.0464 Acc: 65.625
2019-02-20 04:58:46 INFO     Epoch [1/20], Iter [498/781.0] Loss: 0.8450 Acc: 70.3125
2019-02-20 04:58:47 INFO     Epoch [1/20], Iter [499/781.0] Loss: 1.2178 Acc: 53.125
2019-02-20 04:58:47 INFO     Epoch [1/20], Iter [500/781.0] Loss: 1.1186 Acc: 56.25
2019-02-20 04:58:47 INFO     Epoch [1/20], Iter [501/781.0] Loss: 1.4206 Acc: 57.8125
2019-02-20 04:58:47 INFO     Epoch [1/20], Iter [502/781.0] Loss: 1.3076 Acc: 56.25
2019-02-20 04:58:47 INFO     Epoch [1/20], Iter [503/781.0] Loss: 1.2117 Acc: 53.125
2019-02-20 04:58:48 INFO     Epoch [1/20], Iter [504/781.0] Loss: 1.4650 Acc: 46.875
2019-02-20 04:58:48 INFO     Epoch [1/20], Iter [505/781.0] Loss: 1.2210 Acc: 60.9375
2019-02-20 04:58:48 INFO     Epoch [1/20], Iter [506/781.0] Loss: 1.2758 Acc: 57.8125
2019-02-20 04:58:48 INFO     Epoch [1/20], Iter [507/781.0] Loss: 1.1465 Acc: 56.25
2019-02-20 04:58:49 INFO     Epoch [1/20], Iter [508/781.0] Loss: 1.1678 Acc: 54.6875
2019-02-20 04:58:49 INFO     Epoch [1/20], Iter [509/781.0] Loss: 1.0653 Acc: 62.5
2019-02-20 04:58:49 INFO     Epoch [1/20], Iter [510/781.0] Loss: 1.3586 Acc: 53.125
2019-02-20 04:58:49 INFO     Epoch [1/20], Iter [511/781.0] Loss: 1.2928 Acc: 60.9375
2019-02-20 04:58:49 INFO     Epoch [1/20], Iter [512/781.0] Loss: 1.1559 Acc: 56.25
2019-02-20 04:58:50 INFO     Epoch [1/20], Iter [513/781.0] Loss: 1.4605 Acc: 48.4375
2019-02-20 04:58:50 INFO     Epoch [1/20], Iter [514/781.0] Loss: 1.3673 Acc: 45.3125
2019-02-20 04:58:50 INFO     Epoch [1/20], Iter [515/781.0] Loss: 1.3627 Acc: 56.25
2019-02-20 04:58:50 INFO     Epoch [1/20], Iter [516/781.0] Loss: 1.2999 Acc: 53.125
2019-02-20 04:58:50 INFO     Epoch [1/20], Iter [517/781.0] Loss: 1.3345 Acc: 54.6875
2019-02-20 04:58:51 INFO     Epoch [1/20], Iter [518/781.0] Loss: 1.1595 Acc: 62.5
2019-02-20 04:58:51 INFO     Epoch [1/20], Iter [519/781.0] Loss: 1.1858 Acc: 54.6875
2019-02-20 04:58:51 INFO     Epoch [1/20], Iter [520/781.0] Loss: 1.1489 Acc: 59.375
2019-02-20 04:58:51 INFO     Epoch [1/20], Iter [521/781.0] Loss: 1.2793 Acc: 54.6875
2019-02-20 04:58:52 INFO     Epoch [1/20], Iter [522/781.0] Loss: 1.1148 Acc: 57.8125
2019-02-20 04:58:52 INFO     Epoch [1/20], Iter [523/781.0] Loss: 1.4939 Acc: 50.0
2019-02-20 04:58:52 INFO     Epoch [1/20], Iter [524/781.0] Loss: 1.0900 Acc: 57.8125
2019-02-20 04:58:52 INFO     Epoch [1/20], Iter [525/781.0] Loss: 0.9513 Acc: 65.625
2019-02-20 04:58:52 INFO     Epoch [1/20], Iter [526/781.0] Loss: 1.5721 Acc: 48.4375
2019-02-20 04:58:53 INFO     Epoch [1/20], Iter [527/781.0] Loss: 1.3774 Acc: 51.5625
2019-02-20 04:58:53 INFO     Epoch [1/20], Iter [528/781.0] Loss: 1.0713 Acc: 57.8125
2019-02-20 04:58:53 INFO     Epoch [1/20], Iter [529/781.0] Loss: 1.0350 Acc: 62.5
2019-02-20 04:58:53 INFO     Epoch [1/20], Iter [530/781.0] Loss: 1.2151 Acc: 59.375
2019-02-20 04:58:54 INFO     Epoch [1/20], Iter [531/781.0] Loss: 1.2919 Acc: 54.6875
2019-02-20 04:58:54 INFO     Epoch [1/20], Iter [532/781.0] Loss: 1.0623 Acc: 62.5
2019-02-20 04:58:54 INFO     Epoch [1/20], Iter [533/781.0] Loss: 1.0747 Acc: 64.0625
2019-02-20 04:58:54 INFO     Epoch [1/20], Iter [534/781.0] Loss: 1.1428 Acc: 62.5
2019-02-20 04:58:54 INFO     Epoch [1/20], Iter [535/781.0] Loss: 1.2170 Acc: 60.9375
2019-02-20 04:58:55 INFO     Epoch [1/20], Iter [536/781.0] Loss: 1.2105 Acc: 50.0
2019-02-20 04:58:55 INFO     Epoch [1/20], Iter [537/781.0] Loss: 1.1799 Acc: 54.6875
2019-02-20 04:58:55 INFO     Epoch [1/20], Iter [538/781.0] Loss: 1.2726 Acc: 54.6875
2019-02-20 04:58:55 INFO     Epoch [1/20], Iter [539/781.0] Loss: 1.2831 Acc: 48.4375
2019-02-20 04:58:55 INFO     Epoch [1/20], Iter [540/781.0] Loss: 1.1006 Acc: 64.0625
2019-02-20 04:58:56 INFO     Epoch [1/20], Iter [541/781.0] Loss: 1.1332 Acc: 54.6875
2019-02-20 04:58:56 INFO     Epoch [1/20], Iter [542/781.0] Loss: 1.0497 Acc: 54.6875
2019-02-20 04:58:56 INFO     Epoch [1/20], Iter [543/781.0] Loss: 1.1068 Acc: 59.375
2019-02-20 04:58:56 INFO     Epoch [1/20], Iter [544/781.0] Loss: 1.4629 Acc: 53.125
2019-02-20 04:58:57 INFO     Epoch [1/20], Iter [545/781.0] Loss: 1.0538 Acc: 64.0625
2019-02-20 04:58:57 INFO     Epoch [1/20], Iter [546/781.0] Loss: 1.4359 Acc: 50.0
2019-02-20 04:58:57 INFO     Epoch [1/20], Iter [547/781.0] Loss: 1.0141 Acc: 54.6875
2019-02-20 04:58:57 INFO     Epoch [1/20], Iter [548/781.0] Loss: 1.4014 Acc: 53.125
2019-02-20 04:58:57 INFO     Epoch [1/20], Iter [549/781.0] Loss: 1.0711 Acc: 59.375
2019-02-20 04:58:58 INFO     Epoch [1/20], Iter [550/781.0] Loss: 0.9870 Acc: 67.1875
2019-02-20 04:58:58 INFO     Epoch [1/20], Iter [551/781.0] Loss: 1.0964 Acc: 56.25
2019-02-20 04:58:58 INFO     Epoch [1/20], Iter [552/781.0] Loss: 1.2508 Acc: 56.25
2019-02-20 04:58:58 INFO     Epoch [1/20], Iter [553/781.0] Loss: 1.4547 Acc: 53.125
2019-02-20 04:58:58 INFO     Epoch [1/20], Iter [554/781.0] Loss: 1.6758 Acc: 43.75
2019-02-20 04:58:59 INFO     Epoch [1/20], Iter [555/781.0] Loss: 1.4831 Acc: 42.1875
2019-02-20 04:58:59 INFO     Epoch [1/20], Iter [556/781.0] Loss: 1.2080 Acc: 62.5
2019-02-20 04:58:59 INFO     Epoch [1/20], Iter [557/781.0] Loss: 1.4799 Acc: 51.5625
2019-02-20 04:58:59 INFO     Epoch [1/20], Iter [558/781.0] Loss: 1.3309 Acc: 56.25
2019-02-20 04:59:00 INFO     Epoch [1/20], Iter [559/781.0] Loss: 1.2669 Acc: 57.8125
2019-02-20 04:59:00 INFO     Epoch [1/20], Iter [560/781.0] Loss: 1.4852 Acc: 48.4375
2019-02-20 04:59:00 INFO     Epoch [1/20], Iter [561/781.0] Loss: 1.5389 Acc: 60.9375
2019-02-20 04:59:00 INFO     Epoch [1/20], Iter [562/781.0] Loss: 1.2914 Acc: 51.5625
2019-02-20 04:59:00 INFO     Epoch [1/20], Iter [563/781.0] Loss: 0.9874 Acc: 71.875
2019-02-20 04:59:01 INFO     Epoch [1/20], Iter [564/781.0] Loss: 1.4928 Acc: 46.875
2019-02-20 04:59:01 INFO     Epoch [1/20], Iter [565/781.0] Loss: 1.7904 Acc: 37.5
2019-02-20 04:59:01 INFO     Epoch [1/20], Iter [566/781.0] Loss: 1.1973 Acc: 56.25
2019-02-20 04:59:01 INFO     Epoch [1/20], Iter [567/781.0] Loss: 1.3100 Acc: 45.3125
2019-02-20 04:59:02 INFO     Epoch [1/20], Iter [568/781.0] Loss: 1.2454 Acc: 60.9375
2019-02-20 04:59:02 INFO     Epoch [1/20], Iter [569/781.0] Loss: 1.5129 Acc: 51.5625
2019-02-20 04:59:02 INFO     Epoch [1/20], Iter [570/781.0] Loss: 1.2719 Acc: 54.6875
2019-02-20 04:59:02 INFO     Epoch [1/20], Iter [571/781.0] Loss: 1.3628 Acc: 56.25
2019-02-20 04:59:02 INFO     Epoch [1/20], Iter [572/781.0] Loss: 1.3368 Acc: 50.0
2019-02-20 04:59:03 INFO     Epoch [1/20], Iter [573/781.0] Loss: 1.2940 Acc: 54.6875
2019-02-20 04:59:03 INFO     Epoch [1/20], Iter [574/781.0] Loss: 1.2794 Acc: 57.8125
2019-02-20 04:59:03 INFO     Epoch [1/20], Iter [575/781.0] Loss: 1.3460 Acc: 45.3125
2019-02-20 04:59:03 INFO     Epoch [1/20], Iter [576/781.0] Loss: 1.4687 Acc: 50.0
2019-02-20 04:59:03 INFO     Epoch [1/20], Iter [577/781.0] Loss: 1.4538 Acc: 54.6875
2019-02-20 04:59:04 INFO     Epoch [1/20], Iter [578/781.0] Loss: 1.0616 Acc: 65.625
2019-02-20 04:59:04 INFO     Epoch [1/20], Iter [579/781.0] Loss: 1.3382 Acc: 48.4375
2019-02-20 04:59:04 INFO     Epoch [1/20], Iter [580/781.0] Loss: 1.5085 Acc: 46.875
2019-02-20 04:59:04 INFO     Epoch [1/20], Iter [581/781.0] Loss: 1.5520 Acc: 54.6875
2019-02-20 04:59:05 INFO     Epoch [1/20], Iter [582/781.0] Loss: 1.3444 Acc: 59.375
2019-02-20 04:59:05 INFO     Epoch [1/20], Iter [583/781.0] Loss: 1.4196 Acc: 50.0
2019-02-20 04:59:05 INFO     Epoch [1/20], Iter [584/781.0] Loss: 1.0228 Acc: 60.9375
2019-02-20 04:59:05 INFO     Epoch [1/20], Iter [585/781.0] Loss: 1.3466 Acc: 59.375
2019-02-20 04:59:05 INFO     Epoch [1/20], Iter [586/781.0] Loss: 1.2839 Acc: 53.125
2019-02-20 04:59:06 INFO     Epoch [1/20], Iter [587/781.0] Loss: 1.3984 Acc: 51.5625
2019-02-20 04:59:06 INFO     Epoch [1/20], Iter [588/781.0] Loss: 1.1686 Acc: 48.4375
2019-02-20 04:59:06 INFO     Epoch [1/20], Iter [589/781.0] Loss: 1.4607 Acc: 51.5625
2019-02-20 04:59:06 INFO     Epoch [1/20], Iter [590/781.0] Loss: 1.3589 Acc: 51.5625
2019-02-20 04:59:06 INFO     Epoch [1/20], Iter [591/781.0] Loss: 1.4229 Acc: 48.4375
2019-02-20 04:59:07 INFO     Epoch [1/20], Iter [592/781.0] Loss: 1.0640 Acc: 59.375
2019-02-20 04:59:07 INFO     Epoch [1/20], Iter [593/781.0] Loss: 1.2056 Acc: 67.1875
2019-02-20 04:59:07 INFO     Epoch [1/20], Iter [594/781.0] Loss: 1.1097 Acc: 57.8125
2019-02-20 04:59:07 INFO     Epoch [1/20], Iter [595/781.0] Loss: 1.1648 Acc: 53.125
2019-02-20 04:59:08 INFO     Epoch [1/20], Iter [596/781.0] Loss: 1.2604 Acc: 54.6875
2019-02-20 04:59:08 INFO     Epoch [1/20], Iter [597/781.0] Loss: 1.4193 Acc: 45.3125
2019-02-20 04:59:08 INFO     Epoch [1/20], Iter [598/781.0] Loss: 1.1164 Acc: 62.5
2019-02-20 04:59:08 INFO     Epoch [1/20], Iter [599/781.0] Loss: 1.3117 Acc: 50.0
2019-02-20 04:59:08 INFO     Epoch [1/20], Iter [600/781.0] Loss: 1.4456 Acc: 50.0
2019-02-20 04:59:09 INFO     Epoch [1/20], Iter [601/781.0] Loss: 1.3441 Acc: 51.5625
2019-02-20 04:59:09 INFO     Epoch [1/20], Iter [602/781.0] Loss: 1.3186 Acc: 56.25
2019-02-20 04:59:09 INFO     Epoch [1/20], Iter [603/781.0] Loss: 1.1516 Acc: 62.5
2019-02-20 04:59:09 INFO     Epoch [1/20], Iter [604/781.0] Loss: 0.9278 Acc: 70.3125
2019-02-20 04:59:10 INFO     Epoch [1/20], Iter [605/781.0] Loss: 1.6153 Acc: 46.875
2019-02-20 04:59:10 INFO     Epoch [1/20], Iter [606/781.0] Loss: 1.3392 Acc: 62.5
2019-02-20 04:59:10 INFO     Epoch [1/20], Iter [607/781.0] Loss: 1.3314 Acc: 51.5625
2019-02-20 04:59:10 INFO     Epoch [1/20], Iter [608/781.0] Loss: 1.0496 Acc: 62.5
2019-02-20 04:59:10 INFO     Epoch [1/20], Iter [609/781.0] Loss: 1.2058 Acc: 53.125
2019-02-20 04:59:11 INFO     Epoch [1/20], Iter [610/781.0] Loss: 1.0712 Acc: 62.5
2019-02-20 04:59:11 INFO     Epoch [1/20], Iter [611/781.0] Loss: 0.9638 Acc: 62.5
2019-02-20 04:59:11 INFO     Epoch [1/20], Iter [612/781.0] Loss: 1.2850 Acc: 46.875
2019-02-20 04:59:11 INFO     Epoch [1/20], Iter [613/781.0] Loss: 1.3888 Acc: 56.25
2019-02-20 04:59:11 INFO     Epoch [1/20], Iter [614/781.0] Loss: 1.0055 Acc: 56.25
2019-02-20 04:59:12 INFO     Epoch [1/20], Iter [615/781.0] Loss: 1.2805 Acc: 46.875
2019-02-20 04:59:12 INFO     Epoch [1/20], Iter [616/781.0] Loss: 1.3065 Acc: 59.375
2019-02-20 04:59:12 INFO     Epoch [1/20], Iter [617/781.0] Loss: 1.2301 Acc: 56.25
2019-02-20 04:59:12 INFO     Epoch [1/20], Iter [618/781.0] Loss: 1.2866 Acc: 48.4375
2019-02-20 04:59:13 INFO     Epoch [1/20], Iter [619/781.0] Loss: 1.3179 Acc: 59.375
2019-02-20 04:59:13 INFO     Epoch [1/20], Iter [620/781.0] Loss: 0.9735 Acc: 68.75
2019-02-20 04:59:13 INFO     Epoch [1/20], Iter [621/781.0] Loss: 1.3649 Acc: 53.125
2019-02-20 04:59:13 INFO     Epoch [1/20], Iter [622/781.0] Loss: 1.0637 Acc: 54.6875
2019-02-20 04:59:13 INFO     Epoch [1/20], Iter [623/781.0] Loss: 0.9804 Acc: 65.625
2019-02-20 04:59:14 INFO     Epoch [1/20], Iter [624/781.0] Loss: 1.3392 Acc: 59.375
2019-02-20 04:59:14 INFO     Epoch [1/20], Iter [625/781.0] Loss: 1.1665 Acc: 56.25
2019-02-20 04:59:14 INFO     Epoch [1/20], Iter [626/781.0] Loss: 1.2230 Acc: 57.8125
2019-02-20 04:59:14 INFO     Epoch [1/20], Iter [627/781.0] Loss: 1.2898 Acc: 53.125
2019-02-20 04:59:14 INFO     Epoch [1/20], Iter [628/781.0] Loss: 1.0999 Acc: 65.625
2019-02-20 04:59:15 INFO     Epoch [1/20], Iter [629/781.0] Loss: 1.3925 Acc: 56.25
2019-02-20 04:59:15 INFO     Epoch [1/20], Iter [630/781.0] Loss: 0.9909 Acc: 60.9375
2019-02-20 04:59:15 INFO     Epoch [1/20], Iter [631/781.0] Loss: 1.1275 Acc: 54.6875
2019-02-20 04:59:15 INFO     Epoch [1/20], Iter [632/781.0] Loss: 1.4496 Acc: 45.3125
2019-02-20 04:59:16 INFO     Epoch [1/20], Iter [633/781.0] Loss: 1.0706 Acc: 65.625
2019-02-20 04:59:16 INFO     Epoch [1/20], Iter [634/781.0] Loss: 1.3331 Acc: 54.6875
2019-02-20 04:59:16 INFO     Epoch [1/20], Iter [635/781.0] Loss: 1.0634 Acc: 60.9375
2019-02-20 04:59:16 INFO     Epoch [1/20], Iter [636/781.0] Loss: 0.9812 Acc: 68.75
2019-02-20 04:59:16 INFO     Epoch [1/20], Iter [637/781.0] Loss: 1.2147 Acc: 57.8125
2019-02-20 04:59:17 INFO     Epoch [1/20], Iter [638/781.0] Loss: 1.3138 Acc: 54.6875
2019-02-20 04:59:17 INFO     Epoch [1/20], Iter [639/781.0] Loss: 1.2099 Acc: 53.125
2019-02-20 04:59:17 INFO     Epoch [1/20], Iter [640/781.0] Loss: 1.0585 Acc: 65.625
2019-02-20 04:59:17 INFO     Epoch [1/20], Iter [641/781.0] Loss: 1.4560 Acc: 54.6875
2019-02-20 04:59:18 INFO     Epoch [1/20], Iter [642/781.0] Loss: 1.1919 Acc: 64.0625
2019-02-20 04:59:18 INFO     Epoch [1/20], Iter [643/781.0] Loss: 1.4749 Acc: 53.125
2019-02-20 04:59:18 INFO     Epoch [1/20], Iter [644/781.0] Loss: 1.2066 Acc: 64.0625
2019-02-20 04:59:18 INFO     Epoch [1/20], Iter [645/781.0] Loss: 1.0578 Acc: 57.8125
2019-02-20 04:59:18 INFO     Epoch [1/20], Iter [646/781.0] Loss: 1.1379 Acc: 64.0625
2019-02-20 04:59:19 INFO     Epoch [1/20], Iter [647/781.0] Loss: 1.3132 Acc: 51.5625
2019-02-20 04:59:19 INFO     Epoch [1/20], Iter [648/781.0] Loss: 1.1205 Acc: 57.8125
2019-02-20 04:59:19 INFO     Epoch [1/20], Iter [649/781.0] Loss: 1.3005 Acc: 53.125
2019-02-20 04:59:19 INFO     Epoch [1/20], Iter [650/781.0] Loss: 1.2189 Acc: 60.9375
2019-02-20 04:59:19 INFO     Epoch [1/20], Iter [651/781.0] Loss: 1.3317 Acc: 50.0
2019-02-20 04:59:20 INFO     Epoch [1/20], Iter [652/781.0] Loss: 1.1275 Acc: 59.375
2019-02-20 04:59:20 INFO     Epoch [1/20], Iter [653/781.0] Loss: 1.2764 Acc: 53.125
2019-02-20 04:59:20 INFO     Epoch [1/20], Iter [654/781.0] Loss: 1.3130 Acc: 54.6875
2019-02-20 04:59:20 INFO     Epoch [1/20], Iter [655/781.0] Loss: 1.2520 Acc: 57.8125
2019-02-20 04:59:21 INFO     Epoch [1/20], Iter [656/781.0] Loss: 1.5583 Acc: 50.0
2019-02-20 04:59:21 INFO     Epoch [1/20], Iter [657/781.0] Loss: 1.1445 Acc: 54.6875
2019-02-20 04:59:21 INFO     Epoch [1/20], Iter [658/781.0] Loss: 1.1303 Acc: 59.375
2019-02-20 04:59:21 INFO     Epoch [1/20], Iter [659/781.0] Loss: 1.5826 Acc: 48.4375
2019-02-20 04:59:21 INFO     Epoch [1/20], Iter [660/781.0] Loss: 1.0373 Acc: 68.75
2019-02-20 04:59:22 INFO     Epoch [1/20], Iter [661/781.0] Loss: 1.6538 Acc: 53.125
2019-02-20 04:59:22 INFO     Epoch [1/20], Iter [662/781.0] Loss: 1.2942 Acc: 62.5
2019-02-20 04:59:22 INFO     Epoch [1/20], Iter [663/781.0] Loss: 1.3864 Acc: 50.0
2019-02-20 04:59:22 INFO     Epoch [1/20], Iter [664/781.0] Loss: 1.3283 Acc: 54.6875
2019-02-20 04:59:22 INFO     Epoch [1/20], Iter [665/781.0] Loss: 1.0131 Acc: 62.5
2019-02-20 04:59:23 INFO     Epoch [1/20], Iter [666/781.0] Loss: 1.1446 Acc: 62.5
2019-02-20 04:59:23 INFO     Epoch [1/20], Iter [667/781.0] Loss: 1.2427 Acc: 59.375
2019-02-20 04:59:23 INFO     Epoch [1/20], Iter [668/781.0] Loss: 1.3503 Acc: 50.0
2019-02-20 04:59:23 INFO     Epoch [1/20], Iter [669/781.0] Loss: 1.2694 Acc: 51.5625
2019-02-20 04:59:24 INFO     Epoch [1/20], Iter [670/781.0] Loss: 0.9789 Acc: 71.875
2019-02-20 04:59:24 INFO     Epoch [1/20], Iter [671/781.0] Loss: 1.2275 Acc: 57.8125
2019-02-20 04:59:24 INFO     Epoch [1/20], Iter [672/781.0] Loss: 1.2693 Acc: 60.9375
2019-02-20 04:59:24 INFO     Epoch [1/20], Iter [673/781.0] Loss: 1.1888 Acc: 57.8125
2019-02-20 04:59:24 INFO     Epoch [1/20], Iter [674/781.0] Loss: 1.1170 Acc: 64.0625
2019-02-20 04:59:25 INFO     Epoch [1/20], Iter [675/781.0] Loss: 1.1271 Acc: 57.8125
2019-02-20 04:59:25 INFO     Epoch [1/20], Iter [676/781.0] Loss: 1.0816 Acc: 57.8125
2019-02-20 04:59:25 INFO     Epoch [1/20], Iter [677/781.0] Loss: 1.1016 Acc: 64.0625
2019-02-20 04:59:25 INFO     Epoch [1/20], Iter [678/781.0] Loss: 1.0440 Acc: 65.625
2019-02-20 04:59:26 INFO     Epoch [1/20], Iter [679/781.0] Loss: 1.0921 Acc: 57.8125
2019-02-20 04:59:26 INFO     Epoch [1/20], Iter [680/781.0] Loss: 1.5800 Acc: 48.4375
2019-02-20 04:59:26 INFO     Epoch [1/20], Iter [681/781.0] Loss: 0.9218 Acc: 65.625
2019-02-20 04:59:26 INFO     Epoch [1/20], Iter [682/781.0] Loss: 0.9372 Acc: 67.1875
2019-02-20 04:59:26 INFO     Epoch [1/20], Iter [683/781.0] Loss: 0.9266 Acc: 65.625
2019-02-20 04:59:27 INFO     Epoch [1/20], Iter [684/781.0] Loss: 0.9735 Acc: 67.1875
2019-02-20 04:59:27 INFO     Epoch [1/20], Iter [685/781.0] Loss: 1.4416 Acc: 42.1875
2019-02-20 04:59:27 INFO     Epoch [1/20], Iter [686/781.0] Loss: 0.8722 Acc: 64.0625
2019-02-20 04:59:27 INFO     Epoch [1/20], Iter [687/781.0] Loss: 1.1288 Acc: 67.1875
2019-02-20 04:59:27 INFO     Epoch [1/20], Iter [688/781.0] Loss: 0.9614 Acc: 70.3125
2019-02-20 04:59:28 INFO     Epoch [1/20], Iter [689/781.0] Loss: 1.2508 Acc: 51.5625
2019-02-20 04:59:28 INFO     Epoch [1/20], Iter [690/781.0] Loss: 1.3541 Acc: 54.6875
2019-02-20 04:59:28 INFO     Epoch [1/20], Iter [691/781.0] Loss: 1.3855 Acc: 60.9375
2019-02-20 04:59:28 INFO     Epoch [1/20], Iter [692/781.0] Loss: 1.0324 Acc: 60.9375
2019-02-20 04:59:29 INFO     Epoch [1/20], Iter [693/781.0] Loss: 1.2156 Acc: 54.6875
2019-02-20 04:59:29 INFO     Epoch [1/20], Iter [694/781.0] Loss: 0.9167 Acc: 62.5
2019-02-20 04:59:29 INFO     Epoch [1/20], Iter [695/781.0] Loss: 1.3042 Acc: 51.5625
2019-02-20 04:59:29 INFO     Epoch [1/20], Iter [696/781.0] Loss: 1.3318 Acc: 57.8125
2019-02-20 04:59:29 INFO     Epoch [1/20], Iter [697/781.0] Loss: 1.2711 Acc: 57.8125
2019-02-20 04:59:30 INFO     Epoch [1/20], Iter [698/781.0] Loss: 1.0257 Acc: 65.625
2019-02-20 04:59:30 INFO     Epoch [1/20], Iter [699/781.0] Loss: 1.1511 Acc: 56.25
2019-02-20 04:59:30 INFO     Epoch [1/20], Iter [700/781.0] Loss: 1.3255 Acc: 59.375
2019-02-20 04:59:30 INFO     Epoch [1/20], Iter [701/781.0] Loss: 1.2855 Acc: 51.5625
2019-02-20 04:59:30 INFO     Epoch [1/20], Iter [702/781.0] Loss: 1.4059 Acc: 57.8125
2019-02-20 04:59:31 INFO     Epoch [1/20], Iter [703/781.0] Loss: 1.5478 Acc: 57.8125
2019-02-20 04:59:31 INFO     Epoch [1/20], Iter [704/781.0] Loss: 1.0260 Acc: 62.5
2019-02-20 04:59:31 INFO     Epoch [1/20], Iter [705/781.0] Loss: 1.4205 Acc: 51.5625
2019-02-20 04:59:31 INFO     Epoch [1/20], Iter [706/781.0] Loss: 1.2536 Acc: 64.0625
2019-02-20 04:59:32 INFO     Epoch [1/20], Iter [707/781.0] Loss: 1.2333 Acc: 53.125
2019-02-20 04:59:32 INFO     Epoch [1/20], Iter [708/781.0] Loss: 1.2567 Acc: 48.4375
2019-02-20 04:59:32 INFO     Epoch [1/20], Iter [709/781.0] Loss: 1.4367 Acc: 62.5
2019-02-20 04:59:32 INFO     Epoch [1/20], Iter [710/781.0] Loss: 1.2307 Acc: 59.375
2019-02-20 04:59:32 INFO     Epoch [1/20], Iter [711/781.0] Loss: 0.9874 Acc: 70.3125
2019-02-20 04:59:33 INFO     Epoch [1/20], Iter [712/781.0] Loss: 1.1255 Acc: 59.375
2019-02-20 04:59:33 INFO     Epoch [1/20], Iter [713/781.0] Loss: 1.0295 Acc: 65.625
2019-02-20 04:59:33 INFO     Epoch [1/20], Iter [714/781.0] Loss: 1.0329 Acc: 59.375
2019-02-20 04:59:33 INFO     Epoch [1/20], Iter [715/781.0] Loss: 1.4353 Acc: 43.75
2019-02-20 04:59:33 INFO     Epoch [1/20], Iter [716/781.0] Loss: 1.5603 Acc: 46.875
2019-02-20 04:59:34 INFO     Epoch [1/20], Iter [717/781.0] Loss: 1.0782 Acc: 64.0625
2019-02-20 04:59:34 INFO     Epoch [1/20], Iter [718/781.0] Loss: 1.1244 Acc: 57.8125
2019-02-20 04:59:34 INFO     Epoch [1/20], Iter [719/781.0] Loss: 1.1664 Acc: 54.6875
2019-02-20 04:59:34 INFO     Epoch [1/20], Iter [720/781.0] Loss: 0.8936 Acc: 75.0
2019-02-20 04:59:35 INFO     Epoch [1/20], Iter [721/781.0] Loss: 1.2034 Acc: 64.0625
2019-02-20 04:59:35 INFO     Epoch [1/20], Iter [722/781.0] Loss: 1.0172 Acc: 60.9375
2019-02-20 04:59:35 INFO     Epoch [1/20], Iter [723/781.0] Loss: 1.0805 Acc: 65.625
2019-02-20 04:59:35 INFO     Epoch [1/20], Iter [724/781.0] Loss: 0.9576 Acc: 64.0625
2019-02-20 04:59:35 INFO     Epoch [1/20], Iter [725/781.0] Loss: 1.1726 Acc: 57.8125
2019-02-20 04:59:36 INFO     Epoch [1/20], Iter [726/781.0] Loss: 1.1245 Acc: 64.0625
2019-02-20 04:59:36 INFO     Epoch [1/20], Iter [727/781.0] Loss: 1.7005 Acc: 50.0
2019-02-20 04:59:36 INFO     Epoch [1/20], Iter [728/781.0] Loss: 1.0786 Acc: 59.375
2019-02-20 04:59:36 INFO     Epoch [1/20], Iter [729/781.0] Loss: 1.1084 Acc: 60.9375
2019-02-20 04:59:37 INFO     Epoch [1/20], Iter [730/781.0] Loss: 1.2857 Acc: 53.125
2019-02-20 04:59:37 INFO     Epoch [1/20], Iter [731/781.0] Loss: 1.1899 Acc: 59.375
2019-02-20 04:59:37 INFO     Epoch [1/20], Iter [732/781.0] Loss: 1.4047 Acc: 51.5625
2019-02-20 04:59:37 INFO     Epoch [1/20], Iter [733/781.0] Loss: 1.3111 Acc: 57.8125
2019-02-20 04:59:37 INFO     Epoch [1/20], Iter [734/781.0] Loss: 1.1412 Acc: 59.375
2019-02-20 04:59:38 INFO     Epoch [1/20], Iter [735/781.0] Loss: 1.1647 Acc: 64.0625
2019-02-20 04:59:38 INFO     Epoch [1/20], Iter [736/781.0] Loss: 1.1948 Acc: 59.375
2019-02-20 04:59:38 INFO     Epoch [1/20], Iter [737/781.0] Loss: 1.1838 Acc: 65.625
2019-02-20 04:59:38 INFO     Epoch [1/20], Iter [738/781.0] Loss: 1.1128 Acc: 64.0625
2019-02-20 04:59:38 INFO     Epoch [1/20], Iter [739/781.0] Loss: 0.9079 Acc: 68.75
2019-02-20 04:59:39 INFO     Epoch [1/20], Iter [740/781.0] Loss: 1.3040 Acc: 60.9375
2019-02-20 04:59:39 INFO     Epoch [1/20], Iter [741/781.0] Loss: 1.3072 Acc: 64.0625
2019-02-20 04:59:39 INFO     Epoch [1/20], Iter [742/781.0] Loss: 1.4026 Acc: 53.125
2019-02-20 04:59:39 INFO     Epoch [1/20], Iter [743/781.0] Loss: 1.2685 Acc: 50.0
2019-02-20 04:59:40 INFO     Epoch [1/20], Iter [744/781.0] Loss: 1.1577 Acc: 57.8125
2019-02-20 04:59:40 INFO     Epoch [1/20], Iter [745/781.0] Loss: 1.3036 Acc: 53.125
2019-02-20 04:59:40 INFO     Epoch [1/20], Iter [746/781.0] Loss: 1.4223 Acc: 53.125
2019-02-20 04:59:40 INFO     Epoch [1/20], Iter [747/781.0] Loss: 1.1548 Acc: 60.9375
2019-02-20 04:59:40 INFO     Epoch [1/20], Iter [748/781.0] Loss: 1.1189 Acc: 64.0625
2019-02-20 04:59:41 INFO     Epoch [1/20], Iter [749/781.0] Loss: 1.0368 Acc: 64.0625
2019-02-20 04:59:41 INFO     Epoch [1/20], Iter [750/781.0] Loss: 1.1733 Acc: 62.5
2019-02-20 04:59:41 INFO     Epoch [1/20], Iter [751/781.0] Loss: 1.1959 Acc: 57.8125
2019-02-20 04:59:41 INFO     Epoch [1/20], Iter [752/781.0] Loss: 0.9789 Acc: 62.5
2019-02-20 04:59:42 INFO     Epoch [1/20], Iter [753/781.0] Loss: 1.3403 Acc: 53.125
2019-02-20 04:59:42 INFO     Epoch [1/20], Iter [754/781.0] Loss: 1.1243 Acc: 60.9375
2019-02-20 04:59:42 INFO     Epoch [1/20], Iter [755/781.0] Loss: 0.8706 Acc: 73.4375
2019-02-20 04:59:42 INFO     Epoch [1/20], Iter [756/781.0] Loss: 1.2919 Acc: 60.9375
2019-02-20 04:59:42 INFO     Epoch [1/20], Iter [757/781.0] Loss: 1.2010 Acc: 60.9375
2019-02-20 04:59:43 INFO     Epoch [1/20], Iter [758/781.0] Loss: 1.4865 Acc: 54.6875
2019-02-20 04:59:43 INFO     Epoch [1/20], Iter [759/781.0] Loss: 1.3493 Acc: 54.6875
2019-02-20 04:59:43 INFO     Epoch [1/20], Iter [760/781.0] Loss: 1.2237 Acc: 59.375
2019-02-20 04:59:43 INFO     Epoch [1/20], Iter [761/781.0] Loss: 1.1764 Acc: 59.375
2019-02-20 04:59:43 INFO     Epoch [1/20], Iter [762/781.0] Loss: 1.2403 Acc: 53.125
2019-02-20 04:59:44 INFO     Epoch [1/20], Iter [763/781.0] Loss: 1.0259 Acc: 60.9375
2019-02-20 04:59:44 INFO     Epoch [1/20], Iter [764/781.0] Loss: 1.3297 Acc: 56.25
2019-02-20 04:59:44 INFO     Epoch [1/20], Iter [765/781.0] Loss: 0.8145 Acc: 75.0
2019-02-20 04:59:44 INFO     Epoch [1/20], Iter [766/781.0] Loss: 0.9752 Acc: 65.625
2019-02-20 04:59:45 INFO     Epoch [1/20], Iter [767/781.0] Loss: 1.4893 Acc: 54.6875
2019-02-20 04:59:45 INFO     Epoch [1/20], Iter [768/781.0] Loss: 1.1899 Acc: 57.8125
2019-02-20 04:59:45 INFO     Epoch [1/20], Iter [769/781.0] Loss: 1.1512 Acc: 68.75
2019-02-20 04:59:45 INFO     Epoch [1/20], Iter [770/781.0] Loss: 1.3421 Acc: 54.6875
2019-02-20 04:59:45 INFO     Epoch [1/20], Iter [771/781.0] Loss: 1.2564 Acc: 53.125
2019-02-20 04:59:46 INFO     Epoch [1/20], Iter [772/781.0] Loss: 1.2916 Acc: 48.4375
2019-02-20 04:59:46 INFO     Epoch [1/20], Iter [773/781.0] Loss: 1.2950 Acc: 59.375
2019-02-20 04:59:46 INFO     Epoch [1/20], Iter [774/781.0] Loss: 1.1135 Acc: 57.8125
2019-02-20 04:59:46 INFO     Epoch [1/20], Iter [775/781.0] Loss: 1.1562 Acc: 59.375
2019-02-20 04:59:46 INFO     Epoch [1/20], Iter [776/781.0] Loss: 0.8612 Acc: 68.75
2019-02-20 04:59:47 INFO     Epoch [1/20], Iter [777/781.0] Loss: 1.3221 Acc: 51.5625
2019-02-20 04:59:47 INFO     Epoch [1/20], Iter [778/781.0] Loss: 1.0615 Acc: 62.5
2019-02-20 04:59:47 INFO     Epoch [1/20], Iter [779/781.0] Loss: 1.3208 Acc: 51.5625
2019-02-20 04:59:47 INFO     Epoch [1/20], Iter [780/781.0] Loss: 1.0880 Acc: 62.5
2019-02-20 04:59:48 INFO     Epoch [1/20], Iter [781/781.0] Loss: 1.2817 Acc: 57.8125
