2019-02-22 13:38:01 INFO     call with args: 
Namespace(bandwidth=20, batchsize=8, demo=False, learning_rate=0.0005, num_epochs=20, output_prefix='../mnistPC', signal_type='Gaussian', test_file_path='../mnistPC/test.hdf5', train_file_path='../mnistPC/train.hdf5', validsize=0.16666666666666666)
2019-02-22 13:38:01 INFO     getting MNIST data and basic configuration
2019-02-22 13:38:01 INFO     finish loading MNIST data and basic configuration
2019-02-22 13:38:01 INFO     start loading train and test set
2019-02-22 13:38:07 INFO     finish loading train dataset
2019-02-22 13:38:07 INFO     start initialize the dataloader, and network
2019-02-22 13:38:07 INFO     finish loading the network
2019-02-22 13:38:07 INFO     start training
2019-02-22 13:38:32 INFO     call with args: 
Namespace(bandwidth=20, batchsize=8, demo=False, learning_rate=0.0005, num_epochs=20, output_prefix='../mnistPC', signal_type='Gaussian', test_file_path='../mnistPC/test.hdf5', train_file_path='../mnistPC/train.hdf5', validsize=0.16666666666666666)
2019-02-22 13:38:32 INFO     getting MNIST data and basic configuration
2019-02-22 13:38:32 INFO     finish loading MNIST data and basic configuration
2019-02-22 13:38:32 INFO     start loading train and test set
2019-02-22 13:38:38 INFO     finish loading train dataset
2019-02-22 13:38:38 INFO     start initialize the dataloader, and network
2019-02-22 13:38:38 INFO     finish loading the network
2019-02-22 13:38:38 INFO     start training
2019-02-22 13:39:03 INFO     call with args: 
Namespace(bandwidth=20, batchsize=8, demo=False, learning_rate=0.0005, num_epochs=20, output_prefix='../mnistPC', signal_type='Gaussian', test_file_path='../mnistPC/test.hdf5', train_file_path='../mnistPC/train.hdf5', validsize=0.16666666666666666)
2019-02-22 13:39:03 INFO     getting MNIST data and basic configuration
2019-02-22 13:39:03 INFO     finish loading MNIST data and basic configuration
2019-02-22 13:39:03 INFO     start loading train and test set
2019-02-22 13:39:09 INFO     finish loading train dataset
2019-02-22 13:39:09 INFO     start initialize the dataloader, and network
2019-02-22 13:39:09 INFO     finish loading the network
2019-02-22 13:39:09 INFO     start training
2019-02-22 13:43:40 INFO     call with args: 
Namespace(bandwidth=20, batchsize=8, demo=False, learning_rate=0.0005, num_epochs=20, output_prefix='../mnistPC', signal_type='Gaussian', test_file_path='../mnistPC/test.hdf5', train_file_path='../mnistPC/train.hdf5', validsize=0.16666666666666666)
2019-02-22 13:43:40 INFO     getting MNIST data and basic configuration
2019-02-22 13:43:40 INFO     finish loading MNIST data and basic configuration
2019-02-22 13:43:40 INFO     start loading train and test set
2019-02-22 13:43:46 INFO     finish loading train dataset
2019-02-22 13:43:46 INFO     start initialize the dataloader, and network
2019-02-22 13:43:46 INFO     finish loading the network
2019-02-22 13:43:46 INFO     start training
